{"/Users/vladikbaryshpolets/Desktop/Final_project_Online-store/src/App.jsx": {"path":"/Users/vladikbaryshpolets/Desktop/Final_project_Online-store/src/App.jsx","statementMap":{"0":{"start":{"line":17,"column":12},"end":{"line":48,"column":2}},"1":{"start":{"line":29,"column":2},"end":{"line":36,"column":97}},"2":{"start":{"line":30,"column":4},"end":{"line":30,"column":67}},"3":{"start":{"line":31,"column":4},"end":{"line":31,"column":28}},"4":{"start":{"line":32,"column":4},"end":{"line":32,"column":13}},"5":{"start":{"line":33,"column":4},"end":{"line":33,"column":17}},"6":{"start":{"line":34,"column":4},"end":{"line":34,"column":17}},"7":{"start":{"line":35,"column":4},"end":{"line":35,"column":15}},"8":{"start":{"line":38,"column":2},"end":{"line":47,"column":4}}},"fnMap":{"0":{"name":"(anonymous_0)","decl":{"start":{"line":19,"column":3},"end":{"line":19,"column":4}},"loc":{"start":{"line":28,"column":5},"end":{"line":48,"column":1}},"line":28},"1":{"name":"(anonymous_1)","decl":{"start":{"line":29,"column":12},"end":{"line":29,"column":13}},"loc":{"start":{"line":29,"column":18},"end":{"line":36,"column":3}},"line":29}},"branchMap":{},"s":{"0":1,"1":1,"2":1,"3":1,"4":1,"5":1,"6":1,"7":1,"8":1},"f":{"0":1,"1":1},"b":{},"_coverageSchema":"1a1c01bbd47fc00a2c39e90264f33305004495a9","hash":"c0dbe2d869291b091285824077a102904bc9e21f"}
,"/Users/vladikbaryshpolets/Desktop/Final_project_Online-store/src/index.jsx": {"path":"/Users/vladikbaryshpolets/Desktop/Final_project_Online-store/src/index.jsx","statementMap":{"0":{"start":{"line":11,"column":0},"end":{"line":22,"column":1}}},"fnMap":{},"branchMap":{},"s":{"0":0},"f":{},"b":{}}
,"/Users/vladikbaryshpolets/Desktop/Final_project_Online-store/src/PrivateRoute/PrivateRoute.jsx": {"path":"/Users/vladikbaryshpolets/Desktop/Final_project_Online-store/src/PrivateRoute/PrivateRoute.jsx","statementMap":{"0":{"start":{"line":7,"column":24},"end":{"line":7,"column":68}},"1":{"start":{"line":7,"column":36},"end":{"line":7,"column":67}},"2":{"start":{"line":9,"column":21},"end":{"line":13,"column":2}},"3":{"start":{"line":10,"column":2},"end":{"line":12,"column":10}}},"fnMap":{"0":{"name":"(anonymous_0)","decl":{"start":{"line":7,"column":24},"end":{"line":7,"column":25}},"loc":{"start":{"line":7,"column":36},"end":{"line":7,"column":67}},"line":7},"1":{"name":"(anonymous_1)","decl":{"start":{"line":9,"column":52},"end":{"line":9,"column":53}},"loc":{"start":{"line":10,"column":2},"end":{"line":12,"column":10}},"line":10}},"branchMap":{"0":{"loc":{"start":{"line":11,"column":5},"end":{"line":11,"column":51}},"type":"cond-expr","locations":[{"start":{"line":11,"column":15},"end":{"line":11,"column":23}},{"start":{"line":11,"column":26},"end":{"line":11,"column":51}}],"line":11}},"s":{"0":1,"1":0,"2":1,"3":0},"f":{"0":0,"1":0},"b":{"0":[0,0]},"_coverageSchema":"1a1c01bbd47fc00a2c39e90264f33305004495a9","hash":"6e6596f2e4c12174109a2da1a15b9573e0ebda81"}
,"/Users/vladikbaryshpolets/Desktop/Final_project_Online-store/src/components/About-us/AboutUs.jsx": {"path":"/Users/vladikbaryshpolets/Desktop/Final_project_Online-store/src/components/About-us/AboutUs.jsx","statementMap":{"0":{"start":{"line":11,"column":20},"end":{"line":77,"column":1}},"1":{"start":{"line":12,"column":2},"end":{"line":14,"column":8}},"2":{"start":{"line":13,"column":4},"end":{"line":13,"column":25}},"3":{"start":{"line":16,"column":2},"end":{"line":76,"column":3}},"4":{"start":{"line":24,"column":28},"end":{"line":24,"column":32}},"5":{"start":{"line":25,"column":12},"end":{"line":50,"column":13}},"6":{"start":{"line":26,"column":14},"end":{"line":49,"column":15}},"7":{"start":{"line":51,"column":12},"end":{"line":71,"column":13}}},"fnMap":{"0":{"name":"(anonymous_0)","decl":{"start":{"line":11,"column":20},"end":{"line":11,"column":21}},"loc":{"start":{"line":11,"column":26},"end":{"line":77,"column":1}},"line":11},"1":{"name":"(anonymous_1)","decl":{"start":{"line":12,"column":12},"end":{"line":12,"column":13}},"loc":{"start":{"line":12,"column":18},"end":{"line":14,"column":3}},"line":12},"2":{"name":"(anonymous_2)","decl":{"start":{"line":23,"column":20},"end":{"line":23,"column":21}},"loc":{"start":{"line":23,"column":33},"end":{"line":72,"column":11}},"line":23}},"branchMap":{"0":{"loc":{"start":{"line":25,"column":12},"end":{"line":50,"column":13}},"type":"if","locations":[{"start":{"line":25,"column":12},"end":{"line":50,"column":13}},{"start":{"line":25,"column":12},"end":{"line":50,"column":13}}],"line":25},"1":{"loc":{"start":{"line":31,"column":25},"end":{"line":31,"column":91}},"type":"cond-expr","locations":[{"start":{"line":31,"column":49},"end":{"line":31,"column":51}},{"start":{"line":31,"column":54},"end":{"line":31,"column":91}}],"line":31}},"s":{"0":2,"1":1,"2":1,"3":1,"4":5,"5":5,"6":3,"7":2},"f":{"0":1,"1":1,"2":5},"b":{"0":[3,2],"1":[1,2]},"_coverageSchema":"1a1c01bbd47fc00a2c39e90264f33305004495a9","hash":"b79dd289ae6fc00ead0b7649ffccde1c468bb54a"}
,"/Users/vladikbaryshpolets/Desktop/Final_project_Online-store/src/components/About-us/ContentForAboutUs.jsx": {"path":"/Users/vladikbaryshpolets/Desktop/Final_project_Online-store/src/components/About-us/ContentForAboutUs.jsx","statementMap":{"0":{"start":{"line":11,"column":13},"end":{"line":59,"column":1}}},"fnMap":{},"branchMap":{},"s":{"0":2},"f":{},"b":{},"_coverageSchema":"1a1c01bbd47fc00a2c39e90264f33305004495a9","hash":"93652e06c8b121a50e39702c7be2757b92a82da8"}
,"/Users/vladikbaryshpolets/Desktop/Final_project_Online-store/src/components/About-us/StyledAboutUs.jsx": {"path":"/Users/vladikbaryshpolets/Desktop/Final_project_Online-store/src/components/About-us/StyledAboutUs.jsx","statementMap":{"0":{"start":{"line":4,"column":34},"end":{"line":8,"column":1}},"1":{"start":{"line":9,"column":20},"end":{"line":14,"column":1}},"2":{"start":{"line":15,"column":23},"end":{"line":30,"column":1}},"3":{"start":{"line":19,"column":34},"end":{"line":19,"column":67}},"4":{"start":{"line":31,"column":28},"end":{"line":59,"column":1}},"5":{"start":{"line":34,"column":32},"end":{"line":34,"column":75}},"6":{"start":{"line":35,"column":23},"end":{"line":35,"column":56}},"7":{"start":{"line":45,"column":36},"end":{"line":45,"column":79}},"8":{"start":{"line":46,"column":27},"end":{"line":46,"column":60}},"9":{"start":{"line":60,"column":32},"end":{"line":84,"column":1}},"10":{"start":{"line":69,"column":32},"end":{"line":69,"column":59}},"11":{"start":{"line":70,"column":31},"end":{"line":70,"column":58}},"12":{"start":{"line":80,"column":32},"end":{"line":80,"column":58}},"13":{"start":{"line":81,"column":31},"end":{"line":81,"column":58}},"14":{"start":{"line":85,"column":28},"end":{"line":105,"column":1}},"15":{"start":{"line":106,"column":30},"end":{"line":128,"column":1}},"16":{"start":{"line":129,"column":26},"end":{"line":156,"column":1}},"17":{"start":{"line":139,"column":32},"end":{"line":139,"column":60}},"18":{"start":{"line":140,"column":31},"end":{"line":140,"column":59}},"19":{"start":{"line":141,"column":32},"end":{"line":141,"column":61}},"20":{"start":{"line":154,"column":32},"end":{"line":154,"column":61}},"21":{"start":{"line":157,"column":21},"end":{"line":182,"column":1}},"22":{"start":{"line":159,"column":28},"end":{"line":159,"column":54}},"23":{"start":{"line":162,"column":23},"end":{"line":162,"column":51}},"24":{"start":{"line":163,"column":24},"end":{"line":163,"column":52}},"25":{"start":{"line":170,"column":32},"end":{"line":170,"column":58}},"26":{"start":{"line":171,"column":27},"end":{"line":171,"column":55}},"27":{"start":{"line":172,"column":28},"end":{"line":172,"column":56}},"28":{"start":{"line":178,"column":25},"end":{"line":178,"column":53}},"29":{"start":{"line":180,"column":30},"end":{"line":180,"column":60}},"30":{"start":{"line":183,"column":19},"end":{"line":192,"column":1}},"31":{"start":{"line":185,"column":23},"end":{"line":185,"column":57}},"32":{"start":{"line":188,"column":25},"end":{"line":188,"column":59}},"33":{"start":{"line":193,"column":20},"end":{"line":195,"column":1}}},"fnMap":{"0":{"name":"(anonymous_0)","decl":{"start":{"line":19,"column":22},"end":{"line":19,"column":23}},"loc":{"start":{"line":19,"column":34},"end":{"line":19,"column":67}},"line":19},"1":{"name":"(anonymous_1)","decl":{"start":{"line":34,"column":20},"end":{"line":34,"column":21}},"loc":{"start":{"line":34,"column":32},"end":{"line":34,"column":75}},"line":34},"2":{"name":"(anonymous_2)","decl":{"start":{"line":35,"column":11},"end":{"line":35,"column":12}},"loc":{"start":{"line":35,"column":23},"end":{"line":35,"column":56}},"line":35},"3":{"name":"(anonymous_3)","decl":{"start":{"line":45,"column":24},"end":{"line":45,"column":25}},"loc":{"start":{"line":45,"column":36},"end":{"line":45,"column":79}},"line":45},"4":{"name":"(anonymous_4)","decl":{"start":{"line":46,"column":15},"end":{"line":46,"column":16}},"loc":{"start":{"line":46,"column":27},"end":{"line":46,"column":60}},"line":46},"5":{"name":"(anonymous_5)","decl":{"start":{"line":69,"column":20},"end":{"line":69,"column":21}},"loc":{"start":{"line":69,"column":32},"end":{"line":69,"column":59}},"line":69},"6":{"name":"(anonymous_6)","decl":{"start":{"line":70,"column":19},"end":{"line":70,"column":20}},"loc":{"start":{"line":70,"column":31},"end":{"line":70,"column":58}},"line":70},"7":{"name":"(anonymous_7)","decl":{"start":{"line":80,"column":20},"end":{"line":80,"column":21}},"loc":{"start":{"line":80,"column":32},"end":{"line":80,"column":58}},"line":80},"8":{"name":"(anonymous_8)","decl":{"start":{"line":81,"column":19},"end":{"line":81,"column":20}},"loc":{"start":{"line":81,"column":31},"end":{"line":81,"column":58}},"line":81},"9":{"name":"(anonymous_9)","decl":{"start":{"line":139,"column":20},"end":{"line":139,"column":21}},"loc":{"start":{"line":139,"column":32},"end":{"line":139,"column":60}},"line":139},"10":{"name":"(anonymous_10)","decl":{"start":{"line":140,"column":19},"end":{"line":140,"column":20}},"loc":{"start":{"line":140,"column":31},"end":{"line":140,"column":59}},"line":140},"11":{"name":"(anonymous_11)","decl":{"start":{"line":141,"column":20},"end":{"line":141,"column":21}},"loc":{"start":{"line":141,"column":32},"end":{"line":141,"column":61}},"line":141},"12":{"name":"(anonymous_12)","decl":{"start":{"line":154,"column":20},"end":{"line":154,"column":21}},"loc":{"start":{"line":154,"column":32},"end":{"line":154,"column":61}},"line":154},"13":{"name":"(anonymous_13)","decl":{"start":{"line":159,"column":16},"end":{"line":159,"column":17}},"loc":{"start":{"line":159,"column":28},"end":{"line":159,"column":54}},"line":159},"14":{"name":"(anonymous_14)","decl":{"start":{"line":162,"column":11},"end":{"line":162,"column":12}},"loc":{"start":{"line":162,"column":23},"end":{"line":162,"column":51}},"line":162},"15":{"name":"(anonymous_15)","decl":{"start":{"line":163,"column":12},"end":{"line":163,"column":13}},"loc":{"start":{"line":163,"column":24},"end":{"line":163,"column":52}},"line":163},"16":{"name":"(anonymous_16)","decl":{"start":{"line":170,"column":20},"end":{"line":170,"column":21}},"loc":{"start":{"line":170,"column":32},"end":{"line":170,"column":58}},"line":170},"17":{"name":"(anonymous_17)","decl":{"start":{"line":171,"column":15},"end":{"line":171,"column":16}},"loc":{"start":{"line":171,"column":27},"end":{"line":171,"column":55}},"line":171},"18":{"name":"(anonymous_18)","decl":{"start":{"line":172,"column":16},"end":{"line":172,"column":17}},"loc":{"start":{"line":172,"column":28},"end":{"line":172,"column":56}},"line":172},"19":{"name":"(anonymous_19)","decl":{"start":{"line":178,"column":13},"end":{"line":178,"column":14}},"loc":{"start":{"line":178,"column":25},"end":{"line":178,"column":53}},"line":178},"20":{"name":"(anonymous_20)","decl":{"start":{"line":180,"column":18},"end":{"line":180,"column":19}},"loc":{"start":{"line":180,"column":30},"end":{"line":180,"column":60}},"line":180},"21":{"name":"(anonymous_21)","decl":{"start":{"line":185,"column":11},"end":{"line":185,"column":12}},"loc":{"start":{"line":185,"column":23},"end":{"line":185,"column":57}},"line":185},"22":{"name":"(anonymous_22)","decl":{"start":{"line":188,"column":13},"end":{"line":188,"column":14}},"loc":{"start":{"line":188,"column":25},"end":{"line":188,"column":59}},"line":188}},"branchMap":{"0":{"loc":{"start":{"line":19,"column":34},"end":{"line":19,"column":67}},"type":"cond-expr","locations":[{"start":{"line":19,"column":50},"end":{"line":19,"column":57}},{"start":{"line":19,"column":60},"end":{"line":19,"column":67}}],"line":19},"1":{"loc":{"start":{"line":34,"column":32},"end":{"line":34,"column":75}},"type":"cond-expr","locations":[{"start":{"line":34,"column":48},"end":{"line":34,"column":64}},{"start":{"line":34,"column":67},"end":{"line":34,"column":75}}],"line":34},"2":{"loc":{"start":{"line":35,"column":23},"end":{"line":35,"column":56}},"type":"cond-expr","locations":[{"start":{"line":35,"column":39},"end":{"line":35,"column":46}},{"start":{"line":35,"column":49},"end":{"line":35,"column":56}}],"line":35},"3":{"loc":{"start":{"line":45,"column":36},"end":{"line":45,"column":79}},"type":"cond-expr","locations":[{"start":{"line":45,"column":52},"end":{"line":45,"column":68}},{"start":{"line":45,"column":71},"end":{"line":45,"column":79}}],"line":45},"4":{"loc":{"start":{"line":46,"column":27},"end":{"line":46,"column":60}},"type":"cond-expr","locations":[{"start":{"line":46,"column":43},"end":{"line":46,"column":50}},{"start":{"line":46,"column":53},"end":{"line":46,"column":60}}],"line":46},"5":{"loc":{"start":{"line":69,"column":32},"end":{"line":69,"column":59}},"type":"cond-expr","locations":[{"start":{"line":69,"column":48},"end":{"line":69,"column":52}},{"start":{"line":69,"column":55},"end":{"line":69,"column":59}}],"line":69},"6":{"loc":{"start":{"line":70,"column":31},"end":{"line":70,"column":58}},"type":"cond-expr","locations":[{"start":{"line":70,"column":47},"end":{"line":70,"column":51}},{"start":{"line":70,"column":54},"end":{"line":70,"column":58}}],"line":70},"7":{"loc":{"start":{"line":80,"column":32},"end":{"line":80,"column":58}},"type":"cond-expr","locations":[{"start":{"line":80,"column":48},"end":{"line":80,"column":52}},{"start":{"line":80,"column":55},"end":{"line":80,"column":58}}],"line":80},"8":{"loc":{"start":{"line":81,"column":31},"end":{"line":81,"column":58}},"type":"cond-expr","locations":[{"start":{"line":81,"column":47},"end":{"line":81,"column":50}},{"start":{"line":81,"column":53},"end":{"line":81,"column":58}}],"line":81},"9":{"loc":{"start":{"line":139,"column":32},"end":{"line":139,"column":60}},"type":"cond-expr","locations":[{"start":{"line":139,"column":50},"end":{"line":139,"column":53}},{"start":{"line":139,"column":56},"end":{"line":139,"column":60}}],"line":139},"10":{"loc":{"start":{"line":140,"column":31},"end":{"line":140,"column":59}},"type":"cond-expr","locations":[{"start":{"line":140,"column":49},"end":{"line":140,"column":53}},{"start":{"line":140,"column":56},"end":{"line":140,"column":59}}],"line":140},"11":{"loc":{"start":{"line":141,"column":32},"end":{"line":141,"column":61}},"type":"cond-expr","locations":[{"start":{"line":141,"column":50},"end":{"line":141,"column":54}},{"start":{"line":141,"column":57},"end":{"line":141,"column":61}}],"line":141},"12":{"loc":{"start":{"line":154,"column":32},"end":{"line":154,"column":61}},"type":"cond-expr","locations":[{"start":{"line":154,"column":50},"end":{"line":154,"column":54}},{"start":{"line":154,"column":57},"end":{"line":154,"column":61}}],"line":154},"13":{"loc":{"start":{"line":159,"column":28},"end":{"line":159,"column":54}},"type":"cond-expr","locations":[{"start":{"line":159,"column":42},"end":{"line":159,"column":45}},{"start":{"line":159,"column":48},"end":{"line":159,"column":54}}],"line":159},"14":{"loc":{"start":{"line":162,"column":23},"end":{"line":162,"column":51}},"type":"cond-expr","locations":[{"start":{"line":162,"column":37},"end":{"line":162,"column":43}},{"start":{"line":162,"column":46},"end":{"line":162,"column":51}}],"line":162},"15":{"loc":{"start":{"line":163,"column":24},"end":{"line":163,"column":52}},"type":"cond-expr","locations":[{"start":{"line":163,"column":38},"end":{"line":163,"column":44}},{"start":{"line":163,"column":47},"end":{"line":163,"column":52}}],"line":163},"16":{"loc":{"start":{"line":170,"column":32},"end":{"line":170,"column":58}},"type":"cond-expr","locations":[{"start":{"line":170,"column":46},"end":{"line":170,"column":49}},{"start":{"line":170,"column":52},"end":{"line":170,"column":58}}],"line":170},"17":{"loc":{"start":{"line":171,"column":27},"end":{"line":171,"column":55}},"type":"cond-expr","locations":[{"start":{"line":171,"column":41},"end":{"line":171,"column":47}},{"start":{"line":171,"column":50},"end":{"line":171,"column":55}}],"line":171},"18":{"loc":{"start":{"line":172,"column":28},"end":{"line":172,"column":56}},"type":"cond-expr","locations":[{"start":{"line":172,"column":42},"end":{"line":172,"column":48}},{"start":{"line":172,"column":51},"end":{"line":172,"column":56}}],"line":172},"19":{"loc":{"start":{"line":178,"column":25},"end":{"line":178,"column":53}},"type":"cond-expr","locations":[{"start":{"line":178,"column":39},"end":{"line":178,"column":44}},{"start":{"line":178,"column":47},"end":{"line":178,"column":53}}],"line":178},"20":{"loc":{"start":{"line":180,"column":30},"end":{"line":180,"column":60}},"type":"cond-expr","locations":[{"start":{"line":180,"column":44},"end":{"line":180,"column":50}},{"start":{"line":180,"column":53},"end":{"line":180,"column":60}}],"line":180},"21":{"loc":{"start":{"line":185,"column":23},"end":{"line":185,"column":57}},"type":"cond-expr","locations":[{"start":{"line":185,"column":42},"end":{"line":185,"column":48}},{"start":{"line":185,"column":51},"end":{"line":185,"column":57}}],"line":185},"22":{"loc":{"start":{"line":188,"column":25},"end":{"line":188,"column":59}},"type":"cond-expr","locations":[{"start":{"line":188,"column":44},"end":{"line":188,"column":50}},{"start":{"line":188,"column":53},"end":{"line":188,"column":59}}],"line":188}},"s":{"0":2,"1":2,"2":2,"3":5,"4":2,"5":5,"6":5,"7":5,"8":5,"9":2,"10":5,"11":5,"12":5,"13":5,"14":2,"15":2,"16":2,"17":5,"18":5,"19":5,"20":5,"21":2,"22":5,"23":5,"24":5,"25":5,"26":5,"27":5,"28":5,"29":5,"30":2,"31":4,"32":4,"33":2},"f":{"0":5,"1":5,"2":5,"3":5,"4":5,"5":5,"6":5,"7":5,"8":5,"9":5,"10":5,"11":5,"12":5,"13":5,"14":5,"15":5,"16":5,"17":5,"18":5,"19":5,"20":5,"21":4,"22":4},"b":{"0":[3,2],"1":[3,2],"2":[3,2],"3":[3,2],"4":[3,2],"5":[3,2],"6":[3,2],"7":[3,2],"8":[3,2],"9":[2,3],"10":[2,3],"11":[2,3],"12":[2,3],"13":[1,4],"14":[1,4],"15":[1,4],"16":[1,4],"17":[1,4],"18":[1,4],"19":[1,4],"20":[1,4],"21":[1,3],"22":[1,3]},"_coverageSchema":"1a1c01bbd47fc00a2c39e90264f33305004495a9","hash":"c5a71a246d9ed1b07f3a433892ce3081ca8e8bee"}
,"/Users/vladikbaryshpolets/Desktop/Final_project_Online-store/src/components/AppWrapper/StyledAppWrapper.jsx": {"path":"/Users/vladikbaryshpolets/Desktop/Final_project_Online-store/src/components/AppWrapper/StyledAppWrapper.jsx","statementMap":{"0":{"start":{"line":4,"column":19},"end":{"line":6,"column":1}}},"fnMap":{},"branchMap":{},"s":{"0":1},"f":{},"b":{},"_coverageSchema":"1a1c01bbd47fc00a2c39e90264f33305004495a9","hash":"1cfd69b4b041eac46809f6dd824fcb153bc92701"}
,"/Users/vladikbaryshpolets/Desktop/Final_project_Online-store/src/components/AuthModal/AuthModal.jsx": {"path":"/Users/vladikbaryshpolets/Desktop/Final_project_Online-store/src/components/AuthModal/AuthModal.jsx","statementMap":{"0":{"start":{"line":10,"column":24},"end":{"line":13,"column":2}},"1":{"start":{"line":10,"column":36},"end":{"line":13,"column":1}},"2":{"start":{"line":15,"column":18},"end":{"line":42,"column":2}},"3":{"start":{"line":18,"column":18},"end":{"line":18,"column":30}},"4":{"start":{"line":19,"column":19},"end":{"line":22,"column":3}},"5":{"start":{"line":20,"column":4},"end":{"line":20,"column":19}},"6":{"start":{"line":21,"column":4},"end":{"line":21,"column":27}},"7":{"start":{"line":23,"column":25},"end":{"line":26,"column":3}},"8":{"start":{"line":24,"column":4},"end":{"line":24,"column":19}},"9":{"start":{"line":25,"column":4},"end":{"line":25,"column":48}},"10":{"start":{"line":28,"column":2},"end":{"line":41,"column":3}}},"fnMap":{"0":{"name":"(anonymous_0)","decl":{"start":{"line":10,"column":24},"end":{"line":10,"column":25}},"loc":{"start":{"line":10,"column":36},"end":{"line":13,"column":1}},"line":10},"1":{"name":"(anonymous_1)","decl":{"start":{"line":15,"column":62},"end":{"line":15,"column":63}},"loc":{"start":{"line":17,"column":6},"end":{"line":42,"column":1}},"line":17},"2":{"name":"(anonymous_2)","decl":{"start":{"line":19,"column":19},"end":{"line":19,"column":20}},"loc":{"start":{"line":19,"column":25},"end":{"line":22,"column":3}},"line":19},"3":{"name":"(anonymous_3)","decl":{"start":{"line":23,"column":25},"end":{"line":23,"column":26}},"loc":{"start":{"line":23,"column":31},"end":{"line":26,"column":3}},"line":23}},"branchMap":{},"s":{"0":1,"1":7,"2":1,"3":1,"4":1,"5":0,"6":0,"7":1,"8":0,"9":0,"10":1},"f":{"0":7,"1":1,"2":0,"3":0},"b":{},"_coverageSchema":"1a1c01bbd47fc00a2c39e90264f33305004495a9","hash":"a0364f5bee17ec4a4ee96e678552df5d3952f9ce"}
,"/Users/vladikbaryshpolets/Desktop/Final_project_Online-store/src/components/BannerSlider/BannerSlider.jsx": {"path":"/Users/vladikbaryshpolets/Desktop/Final_project_Online-store/src/components/BannerSlider/BannerSlider.jsx","statementMap":{"0":{"start":{"line":11,"column":28},"end":{"line":42,"column":1}},"1":{"start":{"line":12,"column":27},"end":{"line":23,"column":3}},"2":{"start":{"line":24,"column":2},"end":{"line":41,"column":3}}},"fnMap":{"0":{"name":"(anonymous_0)","decl":{"start":{"line":11,"column":28},"end":{"line":11,"column":29}},"loc":{"start":{"line":11,"column":34},"end":{"line":42,"column":1}},"line":11}},"branchMap":{},"s":{"0":3,"1":3,"2":3},"f":{"0":3},"b":{},"_coverageSchema":"1a1c01bbd47fc00a2c39e90264f33305004495a9","hash":"c96e726bbf3d99f5b0a33eb8a8e0d5b0b3bf71df"}
,"/Users/vladikbaryshpolets/Desktop/Final_project_Online-store/src/components/BannerSlider/StylesBannerSlider.jsx": {"path":"/Users/vladikbaryshpolets/Desktop/Final_project_Online-store/src/components/BannerSlider/StylesBannerSlider.jsx","statementMap":{"0":{"start":{"line":4,"column":19},"end":{"line":7,"column":1}},"1":{"start":{"line":8,"column":24},"end":{"line":17,"column":1}}},"fnMap":{},"branchMap":{},"s":{"0":3,"1":3},"f":{},"b":{},"_coverageSchema":"1a1c01bbd47fc00a2c39e90264f33305004495a9","hash":"2849abb2cdbfafc87ce0db00bc81835b6043dbf6"}
,"/Users/vladikbaryshpolets/Desktop/Final_project_Online-store/src/components/BrandsAndFollow/FollowUsInstagram.jsx": {"path":"/Users/vladikbaryshpolets/Desktop/Final_project_Online-store/src/components/BrandsAndFollow/FollowUsInstagram.jsx","statementMap":{"0":{"start":{"line":16,"column":32},"end":{"line":50,"column":1}},"1":{"start":{"line":17,"column":19},"end":{"line":27,"column":3}},"2":{"start":{"line":29,"column":14},"end":{"line":29,"column":45}},"3":{"start":{"line":30,"column":18},"end":{"line":33,"column":3}},"4":{"start":{"line":34,"column":2},"end":{"line":49,"column":3}},"5":{"start":{"line":40,"column":12},"end":{"line":44,"column":22}}},"fnMap":{"0":{"name":"(anonymous_0)","decl":{"start":{"line":16,"column":32},"end":{"line":16,"column":33}},"loc":{"start":{"line":16,"column":38},"end":{"line":50,"column":1}},"line":16},"1":{"name":"(anonymous_1)","decl":{"start":{"line":39,"column":24},"end":{"line":39,"column":25}},"loc":{"start":{"line":40,"column":12},"end":{"line":44,"column":22}},"line":40}},"branchMap":{},"s":{"0":2,"1":2,"2":2,"3":2,"4":2,"5":18},"f":{"0":2,"1":18},"b":{},"_coverageSchema":"1a1c01bbd47fc00a2c39e90264f33305004495a9","hash":"3e72ae891ba7a00c55f8916c50c004bf6d22c5ac"}
,"/Users/vladikbaryshpolets/Desktop/Final_project_Online-store/src/components/BrandsAndFollow/HomePageBrands.jsx": {"path":"/Users/vladikbaryshpolets/Desktop/Final_project_Online-store/src/components/BrandsAndFollow/HomePageBrands.jsx","statementMap":{"0":{"start":{"line":12,"column":30},"end":{"line":30,"column":1}},"1":{"start":{"line":13,"column":17},"end":{"line":21,"column":3}},"2":{"start":{"line":22,"column":2},"end":{"line":29,"column":3}},"3":{"start":{"line":26,"column":10},"end":{"line":26,"column":91}}},"fnMap":{"0":{"name":"(anonymous_0)","decl":{"start":{"line":12,"column":30},"end":{"line":12,"column":31}},"loc":{"start":{"line":12,"column":36},"end":{"line":30,"column":1}},"line":12},"1":{"name":"(anonymous_1)","decl":{"start":{"line":25,"column":20},"end":{"line":25,"column":21}},"loc":{"start":{"line":26,"column":10},"end":{"line":26,"column":91}},"line":26}},"branchMap":{},"s":{"0":2,"1":2,"2":2,"3":14},"f":{"0":2,"1":14},"b":{},"_coverageSchema":"1a1c01bbd47fc00a2c39e90264f33305004495a9","hash":"c31e01e048e7966d7f45d61602c447d463920592"}
,"/Users/vladikbaryshpolets/Desktop/Final_project_Online-store/src/components/BrandsAndFollow/StyledFollowUsInstagram.jsx": {"path":"/Users/vladikbaryshpolets/Desktop/Final_project_Online-store/src/components/BrandsAndFollow/StyledFollowUsInstagram.jsx","statementMap":{"0":{"start":{"line":4,"column":13},"end":{"line":14,"column":1}},"1":{"start":{"line":15,"column":19},"end":{"line":24,"column":1}},"2":{"start":{"line":25,"column":14},"end":{"line":31,"column":1}},"3":{"start":{"line":32,"column":16},"end":{"line":42,"column":1}},"4":{"start":{"line":43,"column":14},"end":{"line":50,"column":1}},"5":{"start":{"line":51,"column":20},"end":{"line":60,"column":1}},"6":{"start":{"line":61,"column":17},"end":{"line":70,"column":1}}},"fnMap":{},"branchMap":{},"s":{"0":2,"1":2,"2":2,"3":2,"4":2,"5":2,"6":2},"f":{},"b":{},"_coverageSchema":"1a1c01bbd47fc00a2c39e90264f33305004495a9","hash":"a782bb1f062f87baa6604481fa67b7a7a31b7761"}
,"/Users/vladikbaryshpolets/Desktop/Final_project_Online-store/src/components/BrandsAndFollow/StyledHomePageBrands.jsx": {"path":"/Users/vladikbaryshpolets/Desktop/Final_project_Online-store/src/components/BrandsAndFollow/StyledHomePageBrands.jsx","statementMap":{"0":{"start":{"line":4,"column":13},"end":{"line":21,"column":1}},"1":{"start":{"line":22,"column":17},"end":{"line":37,"column":1}},"2":{"start":{"line":38,"column":14},"end":{"line":53,"column":1}}},"fnMap":{},"branchMap":{},"s":{"0":2,"1":2,"2":2},"f":{},"b":{},"_coverageSchema":"1a1c01bbd47fc00a2c39e90264f33305004495a9","hash":"0a0de67d4037da41cf5d1f0b4768c83bd72a2abd"}
,"/Users/vladikbaryshpolets/Desktop/Final_project_Online-store/src/components/Carousel/Carousel.jsx": {"path":"/Users/vladikbaryshpolets/Desktop/Final_project_Online-store/src/components/Carousel/Carousel.jsx","statementMap":{"0":{"start":{"line":10,"column":17},"end":{"line":33,"column":1}},"1":{"start":{"line":13,"column":14},"end":{"line":13,"column":22}},"2":{"start":{"line":14,"column":34},"end":{"line":14,"column":82}},"3":{"start":{"line":14,"column":57},"end":{"line":14,"column":61}},"4":{"start":{"line":14,"column":75},"end":{"line":14,"column":79}},"5":{"start":{"line":16,"column":2},"end":{"line":21,"column":8}},"6":{"start":{"line":17,"column":4},"end":{"line":19,"column":5}},"7":{"start":{"line":18,"column":6},"end":{"line":18,"column":77}},"8":{"start":{"line":18,"column":25},"end":{"line":18,"column":75}},"9":{"start":{"line":23,"column":2},"end":{"line":32,"column":3}},"10":{"start":{"line":35,"column":0},"end":{"line":40,"column":1}},"11":{"start":{"line":41,"column":0},"end":{"line":44,"column":1}}},"fnMap":{"0":{"name":"(anonymous_0)","decl":{"start":{"line":10,"column":17},"end":{"line":10,"column":18}},"loc":{"start":{"line":12,"column":6},"end":{"line":33,"column":1}},"line":12},"1":{"name":"(anonymous_1)","decl":{"start":{"line":14,"column":51},"end":{"line":14,"column":52}},"loc":{"start":{"line":14,"column":57},"end":{"line":14,"column":61}},"line":14},"2":{"name":"(anonymous_2)","decl":{"start":{"line":14,"column":69},"end":{"line":14,"column":70}},"loc":{"start":{"line":14,"column":75},"end":{"line":14,"column":79}},"line":14},"3":{"name":"(anonymous_3)","decl":{"start":{"line":16,"column":12},"end":{"line":16,"column":13}},"loc":{"start":{"line":16,"column":18},"end":{"line":21,"column":3}},"line":16},"4":{"name":"(anonymous_4)","decl":{"start":{"line":18,"column":18},"end":{"line":18,"column":19}},"loc":{"start":{"line":18,"column":25},"end":{"line":18,"column":75}},"line":18}},"branchMap":{"0":{"loc":{"start":{"line":17,"column":4},"end":{"line":19,"column":5}},"type":"if","locations":[{"start":{"line":17,"column":4},"end":{"line":19,"column":5}},{"start":{"line":17,"column":4},"end":{"line":19,"column":5}}],"line":17},"1":{"loc":{"start":{"line":25,"column":7},"end":{"line":25,"column":74}},"type":"binary-expr","locations":[{"start":{"line":25,"column":7},"end":{"line":25,"column":23}},{"start":{"line":25,"column":27},"end":{"line":25,"column":74}}],"line":25},"2":{"loc":{"start":{"line":29,"column":7},"end":{"line":29,"column":89}},"type":"binary-expr","locations":[{"start":{"line":29,"column":7},"end":{"line":29,"column":18}},{"start":{"line":29,"column":22},"end":{"line":29,"column":41}},{"start":{"line":29,"column":45},"end":{"line":29,"column":89}}],"line":29},"3":{"loc":{"start":{"line":30,"column":7},"end":{"line":30,"column":88}},"type":"binary-expr","locations":[{"start":{"line":30,"column":7},"end":{"line":30,"column":18}},{"start":{"line":30,"column":22},"end":{"line":30,"column":41}},{"start":{"line":30,"column":45},"end":{"line":30,"column":88}}],"line":30}},"s":{"0":7,"1":23,"2":23,"3":0,"4":0,"5":23,"6":11,"7":11,"8":11,"9":23,"10":7,"11":7},"f":{"0":23,"1":0,"2":0,"3":11,"4":11},"b":{"0":[11,0],"1":[23,6],"2":[23,17,11],"3":[23,17,11]},"_coverageSchema":"1a1c01bbd47fc00a2c39e90264f33305004495a9","hash":"e85db57c45b91c29be3577c72d06cde8459e1019"}
,"/Users/vladikbaryshpolets/Desktop/Final_project_Online-store/src/components/Carousel/StyledCarousel.jsx": {"path":"/Users/vladikbaryshpolets/Desktop/Final_project_Online-store/src/components/Carousel/StyledCarousel.jsx","statementMap":{"0":{"start":{"line":4,"column":30},"end":{"line":40,"column":1}},"1":{"start":{"line":35,"column":17},"end":{"line":39,"column":5}}},"fnMap":{"0":{"name":"(anonymous_0)","decl":{"start":{"line":35,"column":6},"end":{"line":35,"column":7}},"loc":{"start":{"line":35,"column":17},"end":{"line":39,"column":5}},"line":35}},"branchMap":{"0":{"loc":{"start":{"line":35,"column":17},"end":{"line":39,"column":5}},"type":"binary-expr","locations":[{"start":{"line":35,"column":17},"end":{"line":35,"column":37}},{"start":{"line":35,"column":41},"end":{"line":39,"column":5}}],"line":35}},"s":{"0":7,"1":22},"f":{"0":22},"b":{"0":[22,6]},"_coverageSchema":"1a1c01bbd47fc00a2c39e90264f33305004495a9","hash":"c0a15854302fc27716a254034274240b45b01e07"}
,"/Users/vladikbaryshpolets/Desktop/Final_project_Online-store/src/components/CartPage/CartPage.jsx": {"path":"/Users/vladikbaryshpolets/Desktop/Final_project_Online-store/src/components/CartPage/CartPage.jsx","statementMap":{"0":{"start":{"line":8,"column":17},"end":{"line":26,"column":1}},"1":{"start":{"line":9,"column":2},"end":{"line":11,"column":8}},"2":{"start":{"line":10,"column":4},"end":{"line":10,"column":25}},"3":{"start":{"line":13,"column":2},"end":{"line":25,"column":3}}},"fnMap":{"0":{"name":"(anonymous_0)","decl":{"start":{"line":8,"column":17},"end":{"line":8,"column":18}},"loc":{"start":{"line":8,"column":23},"end":{"line":26,"column":1}},"line":8},"1":{"name":"(anonymous_1)","decl":{"start":{"line":9,"column":12},"end":{"line":9,"column":13}},"loc":{"start":{"line":9,"column":18},"end":{"line":11,"column":3}},"line":9}},"branchMap":{},"s":{"0":2,"1":1,"2":1,"3":1},"f":{"0":1,"1":1},"b":{},"_coverageSchema":"1a1c01bbd47fc00a2c39e90264f33305004495a9","hash":"37163768ce4118faca0b6c78a258df8e3f7d3d0b"}
,"/Users/vladikbaryshpolets/Desktop/Final_project_Online-store/src/components/CartPage/Flex.jsx": {"path":"/Users/vladikbaryshpolets/Desktop/Final_project_Online-store/src/components/CartPage/Flex.jsx","statementMap":{"0":{"start":{"line":4,"column":26},"end":{"line":6,"column":1}},"1":{"start":{"line":8,"column":32},"end":{"line":14,"column":1}},"2":{"start":{"line":16,"column":25},"end":{"line":34,"column":1}},"3":{"start":{"line":36,"column":25},"end":{"line":42,"column":1}},"4":{"start":{"line":44,"column":26},"end":{"line":46,"column":1}},"5":{"start":{"line":48,"column":32},"end":{"line":56,"column":1}},"6":{"start":{"line":58,"column":29},"end":{"line":65,"column":1}}},"fnMap":{},"branchMap":{},"s":{"0":8,"1":8,"2":8,"3":8,"4":8,"5":8,"6":8},"f":{},"b":{},"_coverageSchema":"1a1c01bbd47fc00a2c39e90264f33305004495a9","hash":"20e5d0efdce759a1df83c62b4e52f0117a90124e"}
,"/Users/vladikbaryshpolets/Desktop/Final_project_Online-store/src/components/CartPage/CartItem/CartItem.jsx": {"path":"/Users/vladikbaryshpolets/Desktop/Final_project_Online-store/src/components/CartPage/CartItem/CartItem.jsx","statementMap":{"0":{"start":{"line":17,"column":33},"end":{"line":91,"column":1}},"1":{"start":{"line":24,"column":34},"end":{"line":24,"column":77}},"2":{"start":{"line":26,"column":25},"end":{"line":39,"column":3}},"3":{"start":{"line":27,"column":4},"end":{"line":35,"column":5}},"4":{"start":{"line":28,"column":6},"end":{"line":28,"column":23}},"5":{"start":{"line":29,"column":6},"end":{"line":29,"column":59}},"6":{"start":{"line":31,"column":6},"end":{"line":31,"column":23}},"7":{"start":{"line":32,"column":6},"end":{"line":34,"column":14}},"8":{"start":{"line":33,"column":8},"end":{"line":33,"column":26}},"9":{"start":{"line":36,"column":4},"end":{"line":38,"column":5}},"10":{"start":{"line":37,"column":6},"end":{"line":37,"column":31}},"11":{"start":{"line":41,"column":25},"end":{"line":44,"column":3}},"12":{"start":{"line":42,"column":4},"end":{"line":42,"column":22}},"13":{"start":{"line":43,"column":4},"end":{"line":43,"column":33}},"14":{"start":{"line":46,"column":28},"end":{"line":51,"column":3}},"15":{"start":{"line":47,"column":4},"end":{"line":49,"column":5}},"16":{"start":{"line":48,"column":6},"end":{"line":48,"column":33}},"17":{"start":{"line":50,"column":4},"end":{"line":50,"column":23}},"18":{"start":{"line":53,"column":2},"end":{"line":90,"column":3}},"19":{"start":{"line":74,"column":35},"end":{"line":74,"column":58}},"20":{"start":{"line":76,"column":55},"end":{"line":76,"column":92}},"21":{"start":{"line":86,"column":43},"end":{"line":86,"column":70}},"22":{"start":{"line":93,"column":17},"end":{"line":99,"column":20}},"23":{"start":{"line":101,"column":0},"end":{"line":114,"column":1}}},"fnMap":{"0":{"name":"(anonymous_0)","decl":{"start":{"line":17,"column":33},"end":{"line":17,"column":34}},"loc":{"start":{"line":23,"column":6},"end":{"line":91,"column":1}},"line":23},"1":{"name":"(anonymous_1)","decl":{"start":{"line":26,"column":25},"end":{"line":26,"column":26}},"loc":{"start":{"line":26,"column":52},"end":{"line":39,"column":3}},"line":26},"2":{"name":"(anonymous_2)","decl":{"start":{"line":32,"column":17},"end":{"line":32,"column":18}},"loc":{"start":{"line":32,"column":23},"end":{"line":34,"column":7}},"line":32},"3":{"name":"(anonymous_3)","decl":{"start":{"line":41,"column":25},"end":{"line":41,"column":26}},"loc":{"start":{"line":41,"column":38},"end":{"line":44,"column":3}},"line":41},"4":{"name":"(anonymous_4)","decl":{"start":{"line":46,"column":28},"end":{"line":46,"column":29}},"loc":{"start":{"line":46,"column":55},"end":{"line":51,"column":3}},"line":46},"5":{"name":"(anonymous_5)","decl":{"start":{"line":74,"column":29},"end":{"line":74,"column":30}},"loc":{"start":{"line":74,"column":35},"end":{"line":74,"column":58}},"line":74},"6":{"name":"(anonymous_6)","decl":{"start":{"line":76,"column":49},"end":{"line":76,"column":50}},"loc":{"start":{"line":76,"column":55},"end":{"line":76,"column":92}},"line":76},"7":{"name":"(anonymous_7)","decl":{"start":{"line":86,"column":37},"end":{"line":86,"column":38}},"loc":{"start":{"line":86,"column":43},"end":{"line":86,"column":70}},"line":86}},"branchMap":{"0":{"loc":{"start":{"line":27,"column":4},"end":{"line":35,"column":5}},"type":"if","locations":[{"start":{"line":27,"column":4},"end":{"line":35,"column":5}},{"start":{"line":27,"column":4},"end":{"line":35,"column":5}}],"line":27},"1":{"loc":{"start":{"line":36,"column":4},"end":{"line":38,"column":5}},"type":"if","locations":[{"start":{"line":36,"column":4},"end":{"line":38,"column":5}},{"start":{"line":36,"column":4},"end":{"line":38,"column":5}}],"line":36},"2":{"loc":{"start":{"line":47,"column":4},"end":{"line":49,"column":5}},"type":"if","locations":[{"start":{"line":47,"column":4},"end":{"line":49,"column":5}},{"start":{"line":47,"column":4},"end":{"line":49,"column":5}}],"line":47}},"s":{"0":2,"1":5,"2":5,"3":1,"4":0,"5":0,"6":1,"7":1,"8":0,"9":1,"10":1,"11":5,"12":1,"13":1,"14":5,"15":5,"16":0,"17":5,"18":5,"19":1,"20":1,"21":1,"22":2,"23":2},"f":{"0":5,"1":1,"2":0,"3":1,"4":5,"5":1,"6":1,"7":1},"b":{"0":[0,1],"1":[1,0],"2":[0,5]},"_coverageSchema":"1a1c01bbd47fc00a2c39e90264f33305004495a9","hash":"79d7411e18ad0da15aad927be77145e2bb705ee4"}
,"/Users/vladikbaryshpolets/Desktop/Final_project_Online-store/src/components/CartPage/CartItem/StyledCartItem.jsx": {"path":"/Users/vladikbaryshpolets/Desktop/Final_project_Online-store/src/components/CartPage/CartItem/StyledCartItem.jsx","statementMap":{"0":{"start":{"line":6,"column":30},"end":{"line":55,"column":1}},"1":{"start":{"line":57,"column":32},"end":{"line":59,"column":1}},"2":{"start":{"line":61,"column":27},"end":{"line":75,"column":1}}},"fnMap":{},"branchMap":{},"s":{"0":2,"1":2,"2":2},"f":{},"b":{},"_coverageSchema":"1a1c01bbd47fc00a2c39e90264f33305004495a9","hash":"6d594f91cb74653471415f7f7a145205b60b920e"}
,"/Users/vladikbaryshpolets/Desktop/Final_project_Online-store/src/components/CartPage/CartList/CartList.jsx": {"path":"/Users/vladikbaryshpolets/Desktop/Final_project_Online-store/src/components/CartPage/CartList/CartList.jsx","statementMap":{"0":{"start":{"line":15,"column":33},"end":{"line":50,"column":1}},"1":{"start":{"line":19,"column":18},"end":{"line":19,"column":30}},"2":{"start":{"line":21,"column":26},"end":{"line":23,"column":3}},"3":{"start":{"line":22,"column":4},"end":{"line":22,"column":21}},"4":{"start":{"line":24,"column":23},"end":{"line":30,"column":4}},"5":{"start":{"line":24,"column":40},"end":{"line":30,"column":4}},"6":{"start":{"line":25,"column":4},"end":{"line":29,"column":6}},"7":{"start":{"line":32,"column":2},"end":{"line":49,"column":3}},"8":{"start":{"line":45,"column":39},"end":{"line":45,"column":50}},"9":{"start":{"line":52,"column":24},"end":{"line":54,"column":2}},"10":{"start":{"line":52,"column":36},"end":{"line":54,"column":1}},"11":{"start":{"line":56,"column":17},"end":{"line":60,"column":20}},"12":{"start":{"line":62,"column":0},"end":{"line":74,"column":1}}},"fnMap":{"0":{"name":"(anonymous_0)","decl":{"start":{"line":15,"column":33},"end":{"line":15,"column":34}},"loc":{"start":{"line":18,"column":6},"end":{"line":50,"column":1}},"line":18},"1":{"name":"(anonymous_1)","decl":{"start":{"line":21,"column":26},"end":{"line":21,"column":27}},"loc":{"start":{"line":21,"column":32},"end":{"line":23,"column":3}},"line":21},"2":{"name":"(anonymous_2)","decl":{"start":{"line":24,"column":23},"end":{"line":24,"column":24}},"loc":{"start":{"line":24,"column":40},"end":{"line":30,"column":4}},"line":24},"3":{"name":"(anonymous_3)","decl":{"start":{"line":24,"column":56},"end":{"line":24,"column":57}},"loc":{"start":{"line":25,"column":4},"end":{"line":29,"column":6}},"line":25},"4":{"name":"(anonymous_4)","decl":{"start":{"line":45,"column":33},"end":{"line":45,"column":34}},"loc":{"start":{"line":45,"column":39},"end":{"line":45,"column":50}},"line":45},"5":{"name":"(anonymous_5)","decl":{"start":{"line":52,"column":24},"end":{"line":52,"column":25}},"loc":{"start":{"line":52,"column":36},"end":{"line":54,"column":1}},"line":52}},"branchMap":{"0":{"loc":{"start":{"line":35,"column":7},"end":{"line":39,"column":7}},"type":"cond-expr","locations":[{"start":{"line":35,"column":25},"end":{"line":35,"column":47}},{"start":{"line":36,"column":8},"end":{"line":38,"column":16}}],"line":35}},"s":{"0":2,"1":3,"2":3,"3":1,"4":3,"5":3,"6":6,"7":3,"8":1,"9":2,"10":0,"11":2,"12":2},"f":{"0":3,"1":1,"2":3,"3":6,"4":1,"5":0},"b":{"0":[3,0]},"_coverageSchema":"1a1c01bbd47fc00a2c39e90264f33305004495a9","hash":"acd3e60a7fb5afec30bf39918f1ec265fad701b3"}
,"/Users/vladikbaryshpolets/Desktop/Final_project_Online-store/src/components/CartPage/CartList/StyledCartList.jsx": {"path":"/Users/vladikbaryshpolets/Desktop/Final_project_Online-store/src/components/CartPage/CartList/StyledCartList.jsx","statementMap":{"0":{"start":{"line":4,"column":23},"end":{"line":18,"column":1}}},"fnMap":{},"branchMap":{},"s":{"0":2},"f":{},"b":{},"_coverageSchema":"1a1c01bbd47fc00a2c39e90264f33305004495a9","hash":"0758286264d39c92409c3e425c5413379efe29fe"}
,"/Users/vladikbaryshpolets/Desktop/Final_project_Online-store/src/components/CartPage/Summary/StyledSummary.jsx": {"path":"/Users/vladikbaryshpolets/Desktop/Final_project_Online-store/src/components/CartPage/Summary/StyledSummary.jsx","statementMap":{"0":{"start":{"line":4,"column":22},"end":{"line":56,"column":1}}},"fnMap":{},"branchMap":{},"s":{"0":3},"f":{},"b":{},"_coverageSchema":"1a1c01bbd47fc00a2c39e90264f33305004495a9","hash":"7fa5fbff6e9aa16106489934df540834812b42cd"}
,"/Users/vladikbaryshpolets/Desktop/Final_project_Online-store/src/components/CartPage/Summary/Summary.jsx": {"path":"/Users/vladikbaryshpolets/Desktop/Final_project_Online-store/src/components/CartPage/Summary/Summary.jsx","statementMap":{"0":{"start":{"line":11,"column":32},"end":{"line":49,"column":1}},"1":{"start":{"line":12,"column":18},"end":{"line":12,"column":30}},"2":{"start":{"line":14,"column":18},"end":{"line":20,"column":3}},"3":{"start":{"line":15,"column":4},"end":{"line":19,"column":5}},"4":{"start":{"line":16,"column":6},"end":{"line":16,"column":93}},"5":{"start":{"line":18,"column":6},"end":{"line":18,"column":31}},"6":{"start":{"line":22,"column":2},"end":{"line":48,"column":3}},"7":{"start":{"line":42,"column":25},"end":{"line":42,"column":41}},"8":{"start":{"line":51,"column":24},"end":{"line":53,"column":2}},"9":{"start":{"line":51,"column":36},"end":{"line":53,"column":1}},"10":{"start":{"line":55,"column":16},"end":{"line":55,"column":64}},"11":{"start":{"line":57,"column":0},"end":{"line":59,"column":1}}},"fnMap":{"0":{"name":"(anonymous_0)","decl":{"start":{"line":11,"column":32},"end":{"line":11,"column":33}},"loc":{"start":{"line":11,"column":47},"end":{"line":49,"column":1}},"line":11},"1":{"name":"(anonymous_1)","decl":{"start":{"line":14,"column":18},"end":{"line":14,"column":19}},"loc":{"start":{"line":14,"column":31},"end":{"line":20,"column":3}},"line":14},"2":{"name":"(anonymous_2)","decl":{"start":{"line":42,"column":19},"end":{"line":42,"column":20}},"loc":{"start":{"line":42,"column":25},"end":{"line":42,"column":41}},"line":42},"3":{"name":"(anonymous_3)","decl":{"start":{"line":51,"column":24},"end":{"line":51,"column":25}},"loc":{"start":{"line":51,"column":36},"end":{"line":53,"column":1}},"line":51}},"branchMap":{"0":{"loc":{"start":{"line":15,"column":4},"end":{"line":19,"column":5}},"type":"if","locations":[{"start":{"line":15,"column":4},"end":{"line":19,"column":5}},{"start":{"line":15,"column":4},"end":{"line":19,"column":5}}],"line":15}},"s":{"0":2,"1":3,"2":3,"3":2,"4":1,"5":1,"6":3,"7":2,"8":2,"9":0,"10":2,"11":2},"f":{"0":3,"1":2,"2":2,"3":0},"b":{"0":[1,1]},"_coverageSchema":"1a1c01bbd47fc00a2c39e90264f33305004495a9","hash":"a289e8b59a32c3584e1e0a9a4e0051e7dbc1b141"}
,"/Users/vladikbaryshpolets/Desktop/Final_project_Online-store/src/components/CartPage/TheadCart/StyledTheadCart.js": {"path":"/Users/vladikbaryshpolets/Desktop/Final_project_Online-store/src/components/CartPage/TheadCart/StyledTheadCart.js","statementMap":{"0":{"start":{"line":4,"column":20},"end":{"line":29,"column":1}}},"fnMap":{},"branchMap":{},"s":{"0":3},"f":{},"b":{},"_coverageSchema":"1a1c01bbd47fc00a2c39e90264f33305004495a9","hash":"7d7f828e09797bf626b735a1b76dc33c2823cdee"}
,"/Users/vladikbaryshpolets/Desktop/Final_project_Online-store/src/components/CartPage/TheadCart/TheadCart.jsx": {"path":"/Users/vladikbaryshpolets/Desktop/Final_project_Online-store/src/components/CartPage/TheadCart/TheadCart.jsx","statementMap":{"0":{"start":{"line":5,"column":18},"end":{"line":16,"column":1}},"1":{"start":{"line":6,"column":2},"end":{"line":15,"column":16}}},"fnMap":{"0":{"name":"(anonymous_0)","decl":{"start":{"line":5,"column":18},"end":{"line":5,"column":19}},"loc":{"start":{"line":6,"column":2},"end":{"line":15,"column":16}},"line":6}},"branchMap":{},"s":{"0":3,"1":5},"f":{"0":5},"b":{},"_coverageSchema":"1a1c01bbd47fc00a2c39e90264f33305004495a9","hash":"f799d42492e014e09d58c8579829b84764a4f686"}
,"/Users/vladikbaryshpolets/Desktop/Final_project_Online-store/src/components/CatalogPage/CatalogPage.jsx": {"path":"/Users/vladikbaryshpolets/Desktop/Final_project_Online-store/src/components/CatalogPage/CatalogPage.jsx","statementMap":{"0":{"start":{"line":11,"column":20},"end":{"line":38,"column":2}},"1":{"start":{"line":12,"column":2},"end":{"line":14,"column":8}},"2":{"start":{"line":13,"column":4},"end":{"line":13,"column":25}},"3":{"start":{"line":15,"column":38},"end":{"line":15,"column":53}},"4":{"start":{"line":17,"column":2},"end":{"line":19,"column":22}},"5":{"start":{"line":18,"column":4},"end":{"line":18,"column":20}},"6":{"start":{"line":21,"column":2},"end":{"line":37,"column":3}}},"fnMap":{"0":{"name":"(anonymous_0)","decl":{"start":{"line":11,"column":52},"end":{"line":11,"column":53}},"loc":{"start":{"line":11,"column":74},"end":{"line":38,"column":1}},"line":11},"1":{"name":"(anonymous_1)","decl":{"start":{"line":12,"column":12},"end":{"line":12,"column":13}},"loc":{"start":{"line":12,"column":18},"end":{"line":14,"column":3}},"line":12},"2":{"name":"(anonymous_2)","decl":{"start":{"line":17,"column":12},"end":{"line":17,"column":13}},"loc":{"start":{"line":17,"column":18},"end":{"line":19,"column":3}},"line":17}},"branchMap":{},"s":{"0":1,"1":0,"2":0,"3":0,"4":0,"5":0,"6":0},"f":{"0":0,"1":0,"2":0},"b":{},"_coverageSchema":"1a1c01bbd47fc00a2c39e90264f33305004495a9","hash":"c0dc708ab27ff6b02e02d482f54f1c067ae51307"}
,"/Users/vladikbaryshpolets/Desktop/Final_project_Online-store/src/components/CatalogPage/StyledCatalogPage.jsx": {"path":"/Users/vladikbaryshpolets/Desktop/Final_project_Online-store/src/components/CatalogPage/StyledCatalogPage.jsx","statementMap":{"0":{"start":{"line":3,"column":31},"end":{"line":10,"column":1}},"1":{"start":{"line":12,"column":20},"end":{"line":14,"column":1}}},"fnMap":{},"branchMap":{},"s":{"0":1,"1":1},"f":{},"b":{},"_coverageSchema":"1a1c01bbd47fc00a2c39e90264f33305004495a9","hash":"9c8d36cfdcc0c855617c7b0fd58b588fc742518c"}
,"/Users/vladikbaryshpolets/Desktop/Final_project_Online-store/src/components/CatalogPage/filterConfig.js": {"path":"/Users/vladikbaryshpolets/Desktop/Final_project_Online-store/src/components/CatalogPage/filterConfig.js","statementMap":{"0":{"start":{"line":5,"column":2},"end":{"line":14,"column":4}},"1":{"start":{"line":6,"column":4},"end":{"line":8,"column":5}},"2":{"start":{"line":7,"column":6},"end":{"line":7,"column":15}},"3":{"start":{"line":9,"column":4},"end":{"line":11,"column":5}},"4":{"start":{"line":10,"column":6},"end":{"line":10,"column":16}},"5":{"start":{"line":13,"column":4},"end":{"line":13,"column":13}},"6":{"start":{"line":17,"column":26},"end":{"line":34,"column":2}},"7":{"start":{"line":36,"column":22},"end":{"line":89,"column":2}},"8":{"start":{"line":91,"column":33},"end":{"line":125,"column":1}},"9":{"start":{"line":92,"column":17},"end":{"line":92,"column":19}},"10":{"start":{"line":95,"column":6},"end":{"line":95,"column":11}},"11":{"start":{"line":96,"column":21},"end":{"line":98,"column":3}},"12":{"start":{"line":99,"column":2},"end":{"line":104,"column":4}},"13":{"start":{"line":100,"column":4},"end":{"line":102,"column":5}},"14":{"start":{"line":101,"column":6},"end":{"line":101,"column":61}},"15":{"start":{"line":103,"column":4},"end":{"line":103,"column":60}},"16":{"start":{"line":106,"column":2},"end":{"line":123,"column":28}},"17":{"start":{"line":108,"column":23},"end":{"line":108,"column":32}},"18":{"start":{"line":110,"column":6},"end":{"line":112,"column":8}},"19":{"start":{"line":111,"column":8},"end":{"line":111,"column":54}},"20":{"start":{"line":111,"column":27},"end":{"line":111,"column":54}},"21":{"start":{"line":114,"column":6},"end":{"line":120,"column":36}},"22":{"start":{"line":115,"column":8},"end":{"line":119,"column":11}},"23":{"start":{"line":116,"column":10},"end":{"line":118,"column":11}},"24":{"start":{"line":117,"column":12},"end":{"line":117,"column":40}},"25":{"start":{"line":120,"column":13},"end":{"line":120,"column":36}},"26":{"start":{"line":121,"column":6},"end":{"line":121,"column":21}},"27":{"start":{"line":123,"column":22},"end":{"line":123,"column":27}},"28":{"start":{"line":124,"column":2},"end":{"line":124,"column":24}}},"fnMap":{"0":{"name":"SortArr","decl":{"start":{"line":4,"column":9},"end":{"line":4,"column":16}},"loc":{"start":{"line":4,"column":22},"end":{"line":15,"column":1}},"line":4},"1":{"name":"(anonymous_1)","decl":{"start":{"line":5,"column":18},"end":{"line":5,"column":19}},"loc":{"start":{"line":5,"column":28},"end":{"line":14,"column":3}},"line":5},"2":{"name":"(anonymous_2)","decl":{"start":{"line":91,"column":33},"end":{"line":91,"column":34}},"loc":{"start":{"line":91,"column":50},"end":{"line":125,"column":1}},"line":91},"3":{"name":"(anonymous_3)","decl":{"start":{"line":99,"column":32},"end":{"line":99,"column":33}},"loc":{"start":{"line":99,"column":48},"end":{"line":104,"column":3}},"line":99},"4":{"name":"(anonymous_4)","decl":{"start":{"line":107,"column":10},"end":{"line":107,"column":11}},"loc":{"start":{"line":107,"column":34},"end":{"line":122,"column":5}},"line":107},"5":{"name":"(anonymous_5)","decl":{"start":{"line":110,"column":23},"end":{"line":110,"column":24}},"loc":{"start":{"line":110,"column":36},"end":{"line":112,"column":7}},"line":110},"6":{"name":"(anonymous_6)","decl":{"start":{"line":115,"column":24},"end":{"line":115,"column":25}},"loc":{"start":{"line":115,"column":35},"end":{"line":119,"column":9}},"line":115},"7":{"name":"(anonymous_7)","decl":{"start":{"line":123,"column":11},"end":{"line":123,"column":12}},"loc":{"start":{"line":123,"column":22},"end":{"line":123,"column":27}},"line":123}},"branchMap":{"0":{"loc":{"start":{"line":6,"column":4},"end":{"line":8,"column":5}},"type":"if","locations":[{"start":{"line":6,"column":4},"end":{"line":8,"column":5}},{"start":{"line":6,"column":4},"end":{"line":8,"column":5}}],"line":6},"1":{"loc":{"start":{"line":9,"column":4},"end":{"line":11,"column":5}},"type":"if","locations":[{"start":{"line":9,"column":4},"end":{"line":11,"column":5}},{"start":{"line":9,"column":4},"end":{"line":11,"column":5}}],"line":9},"2":{"loc":{"start":{"line":100,"column":4},"end":{"line":102,"column":5}},"type":"if","locations":[{"start":{"line":100,"column":4},"end":{"line":102,"column":5}},{"start":{"line":100,"column":4},"end":{"line":102,"column":5}}],"line":100},"3":{"loc":{"start":{"line":111,"column":8},"end":{"line":111,"column":54}},"type":"if","locations":[{"start":{"line":111,"column":8},"end":{"line":111,"column":54}},{"start":{"line":111,"column":8},"end":{"line":111,"column":54}}],"line":111},"4":{"loc":{"start":{"line":114,"column":6},"end":{"line":120,"column":36}},"type":"if","locations":[{"start":{"line":114,"column":6},"end":{"line":120,"column":36}},{"start":{"line":114,"column":6},"end":{"line":120,"column":36}}],"line":114},"5":{"loc":{"start":{"line":116,"column":10},"end":{"line":118,"column":11}},"type":"if","locations":[{"start":{"line":116,"column":10},"end":{"line":118,"column":11}},{"start":{"line":116,"column":10},"end":{"line":118,"column":11}}],"line":116},"6":{"loc":{"start":{"line":116,"column":14},"end":{"line":116,"column":78}},"type":"binary-expr","locations":[{"start":{"line":116,"column":14},"end":{"line":116,"column":39}},{"start":{"line":116,"column":43},"end":{"line":116,"column":78}}],"line":116}},"s":{"0":4,"1":80,"2":32,"3":48,"4":48,"5":0,"6":2,"7":2,"8":2,"9":0,"10":0,"11":0,"12":0,"13":0,"14":0,"15":0,"16":0,"17":0,"18":0,"19":0,"20":0,"21":0,"22":0,"23":0,"24":0,"25":0,"26":0,"27":0,"28":0},"f":{"0":4,"1":80,"2":0,"3":0,"4":0,"5":0,"6":0,"7":0},"b":{"0":[32,48],"1":[48,0],"2":[0,0],"3":[0,0],"4":[0,0],"5":[0,0],"6":[0,0]},"_coverageSchema":"1a1c01bbd47fc00a2c39e90264f33305004495a9","hash":"801ba51f0af7f4e46bfa226172aa12312a4978b5"}
,"/Users/vladikbaryshpolets/Desktop/Final_project_Online-store/src/components/CatalogPage/CatalogFilter/CatalogFilter.jsx": {"path":"/Users/vladikbaryshpolets/Desktop/Final_project_Online-store/src/components/CatalogPage/CatalogFilter/CatalogFilter.jsx","statementMap":{"0":{"start":{"line":25,"column":15},"end":{"line":28,"column":1}},"1":{"start":{"line":30,"column":24},"end":{"line":32,"column":2}},"2":{"start":{"line":30,"column":36},"end":{"line":32,"column":1}},"3":{"start":{"line":34,"column":22},"end":{"line":122,"column":2}},"4":{"start":{"line":39,"column":19},"end":{"line":39,"column":32}},"5":{"start":{"line":40,"column":18},"end":{"line":40,"column":30}},"6":{"start":{"line":41,"column":17},"end":{"line":41,"column":56}},"7":{"start":{"line":43,"column":19},"end":{"line":62,"column":3}},"8":{"start":{"line":44,"column":21},"end":{"line":44,"column":44}},"9":{"start":{"line":45,"column":4},"end":{"line":48,"column":5}},"10":{"start":{"line":46,"column":6},"end":{"line":46,"column":41}},"11":{"start":{"line":47,"column":6},"end":{"line":47,"column":41}},"12":{"start":{"line":49,"column":4},"end":{"line":49,"column":25}},"13":{"start":{"line":50,"column":4},"end":{"line":50,"column":38}},"14":{"start":{"line":50,"column":32},"end":{"line":50,"column":38}},"15":{"start":{"line":51,"column":24},"end":{"line":51,"column":71}},"16":{"start":{"line":52,"column":22},"end":{"line":54,"column":5}},"17":{"start":{"line":55,"column":4},"end":{"line":59,"column":6}},"18":{"start":{"line":56,"column":6},"end":{"line":58,"column":7}},"19":{"start":{"line":57,"column":8},"end":{"line":57,"column":29}},"20":{"start":{"line":60,"column":4},"end":{"line":60,"column":60}},"21":{"start":{"line":61,"column":4},"end":{"line":61,"column":24}},"22":{"start":{"line":64,"column":20},"end":{"line":69,"column":3}},"23":{"start":{"line":67,"column":8},"end":{"line":67,"column":14}},"24":{"start":{"line":68,"column":4},"end":{"line":68,"column":60}},"25":{"start":{"line":71,"column":17},"end":{"line":84,"column":87}},"26":{"start":{"line":71,"column":32},"end":{"line":84,"column":3}},"27":{"start":{"line":86,"column":2},"end":{"line":121,"column":4}},"28":{"start":{"line":92,"column":35},"end":{"line":92,"column":55}}},"fnMap":{"0":{"name":"(anonymous_0)","decl":{"start":{"line":30,"column":24},"end":{"line":30,"column":25}},"loc":{"start":{"line":30,"column":36},"end":{"line":32,"column":1}},"line":30},"1":{"name":"(anonymous_1)","decl":{"start":{"line":34,"column":47},"end":{"line":34,"column":48}},"loc":{"start":{"line":38,"column":6},"end":{"line":122,"column":1}},"line":38},"2":{"name":"(anonymous_2)","decl":{"start":{"line":43,"column":19},"end":{"line":43,"column":20}},"loc":{"start":{"line":43,"column":31},"end":{"line":62,"column":3}},"line":43},"3":{"name":"(anonymous_3)","decl":{"start":{"line":55,"column":35},"end":{"line":55,"column":36}},"loc":{"start":{"line":55,"column":44},"end":{"line":59,"column":5}},"line":55},"4":{"name":"(anonymous_4)","decl":{"start":{"line":64,"column":20},"end":{"line":64,"column":21}},"loc":{"start":{"line":64,"column":26},"end":{"line":69,"column":3}},"line":64},"5":{"name":"(anonymous_5)","decl":{"start":{"line":71,"column":25},"end":{"line":71,"column":26}},"loc":{"start":{"line":71,"column":32},"end":{"line":84,"column":3}},"line":71},"6":{"name":"(anonymous_6)","decl":{"start":{"line":92,"column":29},"end":{"line":92,"column":30}},"loc":{"start":{"line":92,"column":35},"end":{"line":92,"column":55}},"line":92}},"branchMap":{"0":{"loc":{"start":{"line":41,"column":17},"end":{"line":41,"column":56}},"type":"cond-expr","locations":[{"start":{"line":41,"column":26},"end":{"line":41,"column":51}},{"start":{"line":41,"column":54},"end":{"line":41,"column":56}}],"line":41},"1":{"loc":{"start":{"line":45,"column":4},"end":{"line":48,"column":5}},"type":"if","locations":[{"start":{"line":45,"column":4},"end":{"line":48,"column":5}},{"start":{"line":45,"column":4},"end":{"line":48,"column":5}}],"line":45},"2":{"loc":{"start":{"line":45,"column":8},"end":{"line":45,"column":80}},"type":"binary-expr","locations":[{"start":{"line":45,"column":8},"end":{"line":45,"column":42}},{"start":{"line":45,"column":46},"end":{"line":45,"column":80}}],"line":45},"3":{"loc":{"start":{"line":50,"column":4},"end":{"line":50,"column":38}},"type":"if","locations":[{"start":{"line":50,"column":4},"end":{"line":50,"column":38}},{"start":{"line":50,"column":4},"end":{"line":50,"column":38}}],"line":50},"4":{"loc":{"start":{"line":56,"column":6},"end":{"line":58,"column":7}},"type":"if","locations":[{"start":{"line":56,"column":6},"end":{"line":58,"column":7}},{"start":{"line":56,"column":6},"end":{"line":58,"column":7}}],"line":56},"5":{"loc":{"start":{"line":56,"column":10},"end":{"line":56,"column":94}},"type":"binary-expr","locations":[{"start":{"line":56,"column":10},"end":{"line":56,"column":35}},{"start":{"line":56,"column":40},"end":{"line":56,"column":67}},{"start":{"line":56,"column":71},"end":{"line":56,"column":93}}],"line":56},"6":{"loc":{"start":{"line":74,"column":13},"end":{"line":74,"column":34}},"type":"binary-expr","locations":[{"start":{"line":74,"column":13},"end":{"line":74,"column":26}},{"start":{"line":74,"column":30},"end":{"line":74,"column":34}}],"line":74},"7":{"loc":{"start":{"line":78,"column":13},"end":{"line":78,"column":39}},"type":"binary-expr","locations":[{"start":{"line":78,"column":13},"end":{"line":78,"column":31}},{"start":{"line":78,"column":35},"end":{"line":78,"column":39}}],"line":78},"8":{"loc":{"start":{"line":82,"column":14},"end":{"line":82,"column":47}},"type":"binary-expr","locations":[{"start":{"line":82,"column":14},"end":{"line":82,"column":29}},{"start":{"line":82,"column":33},"end":{"line":82,"column":47}}],"line":82},"9":{"loc":{"start":{"line":82,"column":49},"end":{"line":82,"column":82}},"type":"binary-expr","locations":[{"start":{"line":82,"column":49},"end":{"line":82,"column":64}},{"start":{"line":82,"column":68},"end":{"line":82,"column":82}}],"line":82}},"s":{"0":2,"1":2,"2":2,"3":2,"4":2,"5":2,"6":2,"7":2,"8":0,"9":0,"10":0,"11":0,"12":0,"13":0,"14":0,"15":0,"16":0,"17":0,"18":0,"19":0,"20":0,"21":0,"22":2,"23":0,"24":0,"25":2,"26":2,"27":2,"28":0},"f":{"0":2,"1":2,"2":0,"3":0,"4":0,"5":2,"6":0},"b":{"0":[0,2],"1":[0,0],"2":[0,0],"3":[0,0],"4":[0,0],"5":[0,0,0],"6":[2,2],"7":[2,2],"8":[2,2],"9":[2,2]},"_coverageSchema":"1a1c01bbd47fc00a2c39e90264f33305004495a9","hash":"74fda1eab249a536c87e86902247d1579d1f46c9"}
,"/Users/vladikbaryshpolets/Desktop/Final_project_Online-store/src/components/CatalogPage/CatalogFilter/StylesCatalogfilter.jsx": {"path":"/Users/vladikbaryshpolets/Desktop/Final_project_Online-store/src/components/CatalogPage/CatalogFilter/StylesCatalogfilter.jsx","statementMap":{"0":{"start":{"line":8,"column":27},"end":{"line":12,"column":1}},"1":{"start":{"line":10,"column":24},"end":{"line":10,"column":59}},"2":{"start":{"line":14,"column":26},"end":{"line":27,"column":1}},"3":{"start":{"line":29,"column":23},"end":{"line":47,"column":1}},"4":{"start":{"line":42,"column":20},"end":{"line":45,"column":7}},"5":{"start":{"line":49,"column":27},"end":{"line":72,"column":1}},"6":{"start":{"line":74,"column":30},"end":{"line":81,"column":1}},"7":{"start":{"line":83,"column":24},"end":{"line":93,"column":1}},"8":{"start":{"line":95,"column":24},"end":{"line":114,"column":1}},"9":{"start":{"line":115,"column":30},"end":{"line":131,"column":1}},"10":{"start":{"line":132,"column":30},"end":{"line":142,"column":1}},"11":{"start":{"line":143,"column":34},"end":{"line":146,"column":1}},"12":{"start":{"line":147,"column":30},"end":{"line":158,"column":1}}},"fnMap":{"0":{"name":"(anonymous_0)","decl":{"start":{"line":10,"column":6},"end":{"line":10,"column":7}},"loc":{"start":{"line":10,"column":24},"end":{"line":10,"column":59}},"line":10},"1":{"name":"(anonymous_1)","decl":{"start":{"line":42,"column":8},"end":{"line":42,"column":9}},"loc":{"start":{"line":42,"column":20},"end":{"line":45,"column":7}},"line":42}},"branchMap":{"0":{"loc":{"start":{"line":10,"column":24},"end":{"line":10,"column":59}},"type":"binary-expr","locations":[{"start":{"line":10,"column":24},"end":{"line":10,"column":34}},{"start":{"line":10,"column":38},"end":{"line":10,"column":59}}],"line":10},"1":{"loc":{"start":{"line":42,"column":20},"end":{"line":45,"column":7}},"type":"binary-expr","locations":[{"start":{"line":42,"column":20},"end":{"line":42,"column":36}},{"start":{"line":42,"column":40},"end":{"line":45,"column":7}}],"line":42}},"s":{"0":2,"1":2,"2":2,"3":2,"4":2,"5":2,"6":2,"7":2,"8":2,"9":2,"10":2,"11":2,"12":2},"f":{"0":2,"1":2},"b":{"0":[2,2],"1":[2,2]},"_coverageSchema":"1a1c01bbd47fc00a2c39e90264f33305004495a9","hash":"0a7e4ab1ee68176268d285a0c84154754b52680d"}
,"/Users/vladikbaryshpolets/Desktop/Final_project_Online-store/src/components/CatalogPage/CatalogFilter/FormMenu/FormMenu.jsx": {"path":"/Users/vladikbaryshpolets/Desktop/Final_project_Online-store/src/components/CatalogPage/CatalogFilter/FormMenu/FormMenu.jsx","statementMap":{"0":{"start":{"line":14,"column":15},"end":{"line":16,"column":1}},"1":{"start":{"line":18,"column":24},"end":{"line":20,"column":2}},"2":{"start":{"line":18,"column":36},"end":{"line":20,"column":1}},"3":{"start":{"line":22,"column":24},"end":{"line":85,"column":2}},"4":{"start":{"line":23,"column":19},"end":{"line":23,"column":32}},"5":{"start":{"line":24,"column":17},"end":{"line":24,"column":83}},"6":{"start":{"line":24,"column":32},"end":{"line":24,"column":71}},"7":{"start":{"line":25,"column":43},"end":{"line":25,"column":98}},"8":{"start":{"line":27,"column":22},"end":{"line":35,"column":3}},"9":{"start":{"line":28,"column":22},"end":{"line":28,"column":78}},"10":{"start":{"line":29,"column":4},"end":{"line":34,"column":67}},"11":{"start":{"line":30,"column":6},"end":{"line":33,"column":9}},"12":{"start":{"line":30,"column":27},"end":{"line":33,"column":7}},"13":{"start":{"line":34,"column":11},"end":{"line":34,"column":67}},"14":{"start":{"line":37,"column":2},"end":{"line":39,"column":14}},"15":{"start":{"line":38,"column":4},"end":{"line":38,"column":23}},"16":{"start":{"line":41,"column":2},"end":{"line":84,"column":3}},"17":{"start":{"line":47,"column":14},"end":{"line":52,"column":31}},"18":{"start":{"line":61,"column":14},"end":{"line":66,"column":31}},"19":{"start":{"line":87,"column":21},"end":{"line":88,"column":1}}},"fnMap":{"0":{"name":"(anonymous_0)","decl":{"start":{"line":18,"column":24},"end":{"line":18,"column":25}},"loc":{"start":{"line":18,"column":36},"end":{"line":20,"column":1}},"line":18},"1":{"name":"(anonymous_1)","decl":{"start":{"line":22,"column":49},"end":{"line":22,"column":50}},"loc":{"start":{"line":22,"column":68},"end":{"line":85,"column":1}},"line":22},"2":{"name":"(anonymous_2)","decl":{"start":{"line":24,"column":25},"end":{"line":24,"column":26}},"loc":{"start":{"line":24,"column":32},"end":{"line":24,"column":71}},"line":24},"3":{"name":"(anonymous_3)","decl":{"start":{"line":27,"column":22},"end":{"line":27,"column":23}},"loc":{"start":{"line":27,"column":45},"end":{"line":35,"column":3}},"line":27},"4":{"name":"(anonymous_4)","decl":{"start":{"line":30,"column":16},"end":{"line":30,"column":17}},"loc":{"start":{"line":30,"column":27},"end":{"line":33,"column":7}},"line":30},"5":{"name":"(anonymous_5)","decl":{"start":{"line":37,"column":12},"end":{"line":37,"column":13}},"loc":{"start":{"line":37,"column":18},"end":{"line":39,"column":3}},"line":37},"6":{"name":"(anonymous_6)","decl":{"start":{"line":46,"column":29},"end":{"line":46,"column":30}},"loc":{"start":{"line":47,"column":14},"end":{"line":52,"column":31}},"line":47},"7":{"name":"(anonymous_7)","decl":{"start":{"line":60,"column":24},"end":{"line":60,"column":25}},"loc":{"start":{"line":61,"column":14},"end":{"line":66,"column":31}},"line":61}},"branchMap":{"0":{"loc":{"start":{"line":24,"column":32},"end":{"line":24,"column":71}},"type":"cond-expr","locations":[{"start":{"line":24,"column":41},"end":{"line":24,"column":66}},{"start":{"line":24,"column":69},"end":{"line":24,"column":71}}],"line":24},"1":{"loc":{"start":{"line":27,"column":29},"end":{"line":27,"column":40}},"type":"default-arg","locations":[{"start":{"line":27,"column":38},"end":{"line":27,"column":40}}],"line":27},"2":{"loc":{"start":{"line":28,"column":22},"end":{"line":28,"column":78}},"type":"cond-expr","locations":[{"start":{"line":28,"column":42},"end":{"line":28,"column":73}},{"start":{"line":28,"column":76},"end":{"line":28,"column":78}}],"line":28},"3":{"loc":{"start":{"line":29,"column":4},"end":{"line":34,"column":67}},"type":"if","locations":[{"start":{"line":29,"column":4},"end":{"line":34,"column":67}},{"start":{"line":29,"column":4},"end":{"line":34,"column":67}}],"line":29}},"s":{"0":2,"1":2,"2":2,"3":2,"4":4,"5":4,"6":2,"7":4,"8":4,"9":2,"10":2,"11":0,"12":0,"13":2,"14":4,"15":2,"16":4,"17":16,"18":52,"19":2},"f":{"0":2,"1":4,"2":2,"3":2,"4":0,"5":2,"6":16,"7":52},"b":{"0":[0,2],"1":[0],"2":[0,2],"3":[0,2]},"_coverageSchema":"1a1c01bbd47fc00a2c39e90264f33305004495a9","hash":"ebd57ebe743872360000c5b60aa69f8cbf4af6fb"}
,"/Users/vladikbaryshpolets/Desktop/Final_project_Online-store/src/components/CatalogPage/CatalogPagination/CatalogPagination.jsx": {"path":"/Users/vladikbaryshpolets/Desktop/Final_project_Online-store/src/components/CatalogPage/CatalogPagination/CatalogPagination.jsx","statementMap":{"0":{"start":{"line":9,"column":24},"end":{"line":11,"column":2}},"1":{"start":{"line":9,"column":36},"end":{"line":11,"column":1}},"2":{"start":{"line":13,"column":26},"end":{"line":38,"column":2}},"3":{"start":{"line":16,"column":19},"end":{"line":16,"column":32}},"4":{"start":{"line":17,"column":18},"end":{"line":17,"column":30}},"5":{"start":{"line":18,"column":17},"end":{"line":18,"column":56}},"6":{"start":{"line":20,"column":19},"end":{"line":27,"column":3}},"7":{"start":{"line":21,"column":4},"end":{"line":24,"column":6}},"8":{"start":{"line":25,"column":4},"end":{"line":25,"column":27}},"9":{"start":{"line":26,"column":4},"end":{"line":26,"column":57}},"10":{"start":{"line":29,"column":2},"end":{"line":37,"column":3}}},"fnMap":{"0":{"name":"(anonymous_0)","decl":{"start":{"line":9,"column":24},"end":{"line":9,"column":25}},"loc":{"start":{"line":9,"column":36},"end":{"line":11,"column":1}},"line":9},"1":{"name":"(anonymous_1)","decl":{"start":{"line":13,"column":51},"end":{"line":13,"column":52}},"loc":{"start":{"line":15,"column":6},"end":{"line":38,"column":1}},"line":15},"2":{"name":"(anonymous_2)","decl":{"start":{"line":20,"column":19},"end":{"line":20,"column":20}},"loc":{"start":{"line":20,"column":29},"end":{"line":27,"column":3}},"line":20}},"branchMap":{"0":{"loc":{"start":{"line":18,"column":17},"end":{"line":18,"column":56}},"type":"cond-expr","locations":[{"start":{"line":18,"column":26},"end":{"line":18,"column":51}},{"start":{"line":18,"column":54},"end":{"line":18,"column":56}}],"line":18},"1":{"loc":{"start":{"line":33,"column":15},"end":{"line":33,"column":37}},"type":"binary-expr","locations":[{"start":{"line":33,"column":15},"end":{"line":33,"column":32}},{"start":{"line":33,"column":36},"end":{"line":33,"column":37}}],"line":33},"2":{"loc":{"start":{"line":34,"column":16},"end":{"line":34,"column":37}},"type":"binary-expr","locations":[{"start":{"line":34,"column":16},"end":{"line":34,"column":31}},{"start":{"line":34,"column":35},"end":{"line":34,"column":37}}],"line":34}},"s":{"0":1,"1":0,"2":1,"3":0,"4":0,"5":0,"6":0,"7":0,"8":0,"9":0,"10":0},"f":{"0":0,"1":0,"2":0},"b":{"0":[0,0],"1":[0,0],"2":[0,0]},"_coverageSchema":"1a1c01bbd47fc00a2c39e90264f33305004495a9","hash":"b222a3678611c15b6e5fd6f501c3e705a2607579"}
,"/Users/vladikbaryshpolets/Desktop/Final_project_Online-store/src/components/CatalogPage/CatalogPagination/StyledCatalogPagination.jsx": {"path":"/Users/vladikbaryshpolets/Desktop/Final_project_Online-store/src/components/CatalogPage/CatalogPagination/StyledCatalogPagination.jsx","statementMap":{"0":{"start":{"line":4,"column":32},"end":{"line":13,"column":1}}},"fnMap":{},"branchMap":{},"s":{"0":1},"f":{},"b":{},"_coverageSchema":"1a1c01bbd47fc00a2c39e90264f33305004495a9","hash":"a248d1dd71be6301631c5a6a8d403bf745f8060c"}
,"/Users/vladikbaryshpolets/Desktop/Final_project_Online-store/src/components/CatalogPage/CatalogProductsPlace/CatalogProductsPlace.jsx": {"path":"/Users/vladikbaryshpolets/Desktop/Final_project_Online-store/src/components/CatalogPage/CatalogProductsPlace/CatalogProductsPlace.jsx","statementMap":{"0":{"start":{"line":14,"column":24},"end":{"line":18,"column":2}},"1":{"start":{"line":14,"column":36},"end":{"line":18,"column":1}},"2":{"start":{"line":20,"column":29},"end":{"line":66,"column":2}},"3":{"start":{"line":30,"column":19},"end":{"line":30,"column":32}},"4":{"start":{"line":31,"column":17},"end":{"line":31,"column":83}},"5":{"start":{"line":31,"column":32},"end":{"line":31,"column":71}},"6":{"start":{"line":33,"column":2},"end":{"line":40,"column":44}},"7":{"start":{"line":34,"column":4},"end":{"line":39,"column":5}},"8":{"start":{"line":35,"column":6},"end":{"line":35,"column":34}},"9":{"start":{"line":37,"column":6},"end":{"line":37,"column":25}},"10":{"start":{"line":38,"column":6},"end":{"line":38,"column":59}},"11":{"start":{"line":42,"column":2},"end":{"line":42,"column":71}},"12":{"start":{"line":42,"column":17},"end":{"line":42,"column":71}},"13":{"start":{"line":44,"column":2},"end":{"line":65,"column":3}},"14":{"start":{"line":56,"column":16},"end":{"line":59,"column":18}}},"fnMap":{"0":{"name":"(anonymous_0)","decl":{"start":{"line":14,"column":24},"end":{"line":14,"column":25}},"loc":{"start":{"line":14,"column":36},"end":{"line":18,"column":1}},"line":14},"1":{"name":"(anonymous_1)","decl":{"start":{"line":22,"column":3},"end":{"line":22,"column":4}},"loc":{"start":{"line":29,"column":5},"end":{"line":66,"column":1}},"line":29},"2":{"name":"(anonymous_2)","decl":{"start":{"line":31,"column":25},"end":{"line":31,"column":26}},"loc":{"start":{"line":31,"column":32},"end":{"line":31,"column":71}},"line":31},"3":{"name":"(anonymous_3)","decl":{"start":{"line":33,"column":12},"end":{"line":33,"column":13}},"loc":{"start":{"line":33,"column":18},"end":{"line":40,"column":3}},"line":33},"4":{"name":"(anonymous_4)","decl":{"start":{"line":55,"column":19},"end":{"line":55,"column":20}},"loc":{"start":{"line":56,"column":16},"end":{"line":59,"column":18}},"line":56}},"branchMap":{"0":{"loc":{"start":{"line":31,"column":32},"end":{"line":31,"column":71}},"type":"cond-expr","locations":[{"start":{"line":31,"column":41},"end":{"line":31,"column":66}},{"start":{"line":31,"column":69},"end":{"line":31,"column":71}}],"line":31},"1":{"loc":{"start":{"line":34,"column":4},"end":{"line":39,"column":5}},"type":"if","locations":[{"start":{"line":34,"column":4},"end":{"line":39,"column":5}},{"start":{"line":34,"column":4},"end":{"line":39,"column":5}}],"line":34},"2":{"loc":{"start":{"line":42,"column":2},"end":{"line":42,"column":71}},"type":"if","locations":[{"start":{"line":42,"column":2},"end":{"line":42,"column":71}},{"start":{"line":42,"column":2},"end":{"line":42,"column":71}}],"line":42},"3":{"loc":{"start":{"line":45,"column":4},"end":{"line":64,"column":7}},"type":"cond-expr","locations":[{"start":{"line":47,"column":8},"end":{"line":49,"column":16}},{"start":{"line":52,"column":8},"end":{"line":63,"column":18}}],"line":45},"4":{"loc":{"start":{"line":62,"column":11},"end":{"line":62,"column":77}},"type":"binary-expr","locations":[{"start":{"line":62,"column":11},"end":{"line":62,"column":52}},{"start":{"line":62,"column":56},"end":{"line":62,"column":77}}],"line":62},"5":{"loc":{"start":{"line":62,"column":31},"end":{"line":62,"column":51}},"type":"binary-expr","locations":[{"start":{"line":62,"column":31},"end":{"line":62,"column":45}},{"start":{"line":62,"column":49},"end":{"line":62,"column":51}}],"line":62}},"s":{"0":1,"1":0,"2":1,"3":0,"4":0,"5":0,"6":0,"7":0,"8":0,"9":0,"10":0,"11":0,"12":0,"13":0,"14":0},"f":{"0":0,"1":0,"2":0,"3":0,"4":0},"b":{"0":[0,0],"1":[0,0],"2":[0,0],"3":[0,0],"4":[0,0],"5":[0,0]},"_coverageSchema":"1a1c01bbd47fc00a2c39e90264f33305004495a9","hash":"b862df95d0f480f628c2c193af5fb0ef0a4e3d90"}
,"/Users/vladikbaryshpolets/Desktop/Final_project_Online-store/src/components/CatalogPage/CatalogProductsPlace/StyledCatalogProductsPlace.jsx": {"path":"/Users/vladikbaryshpolets/Desktop/Final_project_Online-store/src/components/CatalogPage/CatalogProductsPlace/StyledCatalogProductsPlace.jsx","statementMap":{"0":{"start":{"line":4,"column":23},"end":{"line":9,"column":2}},"1":{"start":{"line":10,"column":31},"end":{"line":19,"column":1}}},"fnMap":{},"branchMap":{},"s":{"0":1,"1":1},"f":{},"b":{},"_coverageSchema":"1a1c01bbd47fc00a2c39e90264f33305004495a9","hash":"b969ff289f404bc484e33bfb4d6ddc21715bf7d7"}
,"/Users/vladikbaryshpolets/Desktop/Final_project_Online-store/src/components/CatalogPage/CatalogSort/CatalogSort.jsx": {"path":"/Users/vladikbaryshpolets/Desktop/Final_project_Online-store/src/components/CatalogPage/CatalogSort/CatalogSort.jsx","statementMap":{"0":{"start":{"line":12,"column":20},"end":{"line":49,"column":1}},"1":{"start":{"line":13,"column":19},"end":{"line":13,"column":32}},"2":{"start":{"line":14,"column":18},"end":{"line":14,"column":30}},"3":{"start":{"line":15,"column":17},"end":{"line":15,"column":56}},"4":{"start":{"line":17,"column":19},"end":{"line":25,"column":3}},"5":{"start":{"line":18,"column":4},"end":{"line":24,"column":5}},"6":{"start":{"line":19,"column":6},"end":{"line":19,"column":25}},"7":{"start":{"line":20,"column":6},"end":{"line":20,"column":59}},"8":{"start":{"line":22,"column":30},"end":{"line":22,"column":36}},"9":{"start":{"line":23,"column":6},"end":{"line":23,"column":57}},"10":{"start":{"line":27,"column":2},"end":{"line":48,"column":3}},"11":{"start":{"line":29,"column":46},"end":{"line":29,"column":76}},"12":{"start":{"line":29,"column":70},"end":{"line":29,"column":75}},"13":{"start":{"line":32,"column":60},"end":{"line":32,"column":83}},"14":{"start":{"line":40,"column":60},"end":{"line":40,"column":86}},"15":{"start":{"line":51,"column":0},"end":{"line":53,"column":1}}},"fnMap":{"0":{"name":"(anonymous_0)","decl":{"start":{"line":12,"column":20},"end":{"line":12,"column":21}},"loc":{"start":{"line":12,"column":41},"end":{"line":49,"column":1}},"line":12},"1":{"name":"(anonymous_1)","decl":{"start":{"line":17,"column":19},"end":{"line":17,"column":20}},"loc":{"start":{"line":17,"column":35},"end":{"line":25,"column":3}},"line":17},"2":{"name":"(anonymous_2)","decl":{"start":{"line":29,"column":40},"end":{"line":29,"column":41}},"loc":{"start":{"line":29,"column":46},"end":{"line":29,"column":76}},"line":29},"3":{"name":"(anonymous_3)","decl":{"start":{"line":29,"column":60},"end":{"line":29,"column":61}},"loc":{"start":{"line":29,"column":70},"end":{"line":29,"column":75}},"line":29},"4":{"name":"(anonymous_4)","decl":{"start":{"line":32,"column":49},"end":{"line":32,"column":50}},"loc":{"start":{"line":32,"column":60},"end":{"line":32,"column":83}},"line":32},"5":{"name":"(anonymous_5)","decl":{"start":{"line":40,"column":49},"end":{"line":40,"column":50}},"loc":{"start":{"line":40,"column":60},"end":{"line":40,"column":86}},"line":40}},"branchMap":{"0":{"loc":{"start":{"line":15,"column":17},"end":{"line":15,"column":56}},"type":"cond-expr","locations":[{"start":{"line":15,"column":26},"end":{"line":15,"column":51}},{"start":{"line":15,"column":54},"end":{"line":15,"column":56}}],"line":15},"1":{"loc":{"start":{"line":18,"column":4},"end":{"line":24,"column":5}},"type":"if","locations":[{"start":{"line":18,"column":4},"end":{"line":24,"column":5}},{"start":{"line":18,"column":4},"end":{"line":24,"column":5}}],"line":18},"2":{"loc":{"start":{"line":32,"column":92},"end":{"line":32,"column":116}},"type":"binary-expr","locations":[{"start":{"line":32,"column":92},"end":{"line":32,"column":103}},{"start":{"line":32,"column":107},"end":{"line":32,"column":116}}],"line":32},"3":{"loc":{"start":{"line":40,"column":95},"end":{"line":40,"column":117}},"type":"binary-expr","locations":[{"start":{"line":40,"column":95},"end":{"line":40,"column":109}},{"start":{"line":40,"column":113},"end":{"line":40,"column":117}}],"line":40}},"s":{"0":1,"1":0,"2":0,"3":0,"4":0,"5":0,"6":0,"7":0,"8":0,"9":0,"10":0,"11":0,"12":0,"13":0,"14":0,"15":1},"f":{"0":0,"1":0,"2":0,"3":0,"4":0,"5":0},"b":{"0":[0,0],"1":[0,0],"2":[0,0],"3":[0,0]},"_coverageSchema":"1a1c01bbd47fc00a2c39e90264f33305004495a9","hash":"54a67236b08fc49764c94e4aa5d5bbbf42abd57c"}
,"/Users/vladikbaryshpolets/Desktop/Final_project_Online-store/src/components/CatalogPage/CatalogSort/StyledCatalogSort.jsx": {"path":"/Users/vladikbaryshpolets/Desktop/Final_project_Online-store/src/components/CatalogPage/CatalogSort/StyledCatalogSort.jsx","statementMap":{"0":{"start":{"line":5,"column":23},"end":{"line":17,"column":1}},"1":{"start":{"line":19,"column":29},"end":{"line":54,"column":1}},"2":{"start":{"line":56,"column":25},"end":{"line":76,"column":1}},"3":{"start":{"line":78,"column":28},"end":{"line":84,"column":1}}},"fnMap":{},"branchMap":{},"s":{"0":1,"1":1,"2":1,"3":1},"f":{},"b":{},"_coverageSchema":"1a1c01bbd47fc00a2c39e90264f33305004495a9","hash":"6afb1792acd48af7b28a564e83f633c8fc72f6a6"}
[...]
"start":{"line":10,"column":8},"end":{"line":15,"column":9}},{"start":{"line":10,"column":8},"end":{"line":15,"column":9}}],"line":10},"5":{"loc":{"start":{"line":35,"column":31},"end":{"line":35,"column":77}},"type":"binary-expr","locations":[{"start":{"line":35,"column":31},"end":{"line":35,"column":71}},{"start":{"line":35,"column":75},"end":{"line":35,"column":77}}],"line":35},"6":{"loc":{"start":{"line":38,"column":17},"end":{"line":38,"column":63}},"type":"binary-expr","locations":[{"start":{"line":38,"column":17},"end":{"line":38,"column":57}},{"start":{"line":38,"column":61},"end":{"line":38,"column":63}}],"line":38},"7":{"loc":{"start":{"line":41,"column":4},"end":{"line":44,"column":5}},"type":"if","locations":[{"start":{"line":41,"column":4},"end":{"line":44,"column":5}},{"start":{"line":41,"column":4},"end":{"line":44,"column":5}}],"line":41},"8":{"loc":{"start":{"line":52,"column":17},"end":{"line":52,"column":63}},"type":"binary-expr","locations":[{"start":{"line":52,"column":17},"end":{"line":52,"column":57}},{"start":{"line":52,"column":61},"end":{"line":52,"column":63}}],"line":52},"9":{"loc":{"start":{"line":55,"column":4},"end":{"line":58,"column":5}},"type":"if","locations":[{"start":{"line":55,"column":4},"end":{"line":58,"column":5}},{"start":{"line":55,"column":4},"end":{"line":58,"column":5}}],"line":55},"10":{"loc":{"start":{"line":66,"column":17},"end":{"line":66,"column":63}},"type":"binary-expr","locations":[{"start":{"line":66,"column":17},"end":{"line":66,"column":57}},{"start":{"line":66,"column":61},"end":{"line":66,"column":63}}],"line":66},"11":{"loc":{"start":{"line":67,"column":2},"end":{"line":67,"column":32}},"type":"if","locations":[{"start":{"line":67,"column":2},"end":{"line":67,"column":32}},{"start":{"line":67,"column":2},"end":{"line":67,"column":32}}],"line":67},"12":{"loc":{"start":{"line":70,"column":2},"end":{"line":72,"column":3}},"type":"if","locations":[{"start":{"line":70,"column":2},"end":{"line":72,"column":3}},{"start":{"line":70,"column":2},"end":{"line":72,"column":3}}],"line":70}},"s":{"0":12,"1":0,"2":0,"3":0,"4":0,"5":0,"6":0,"7":0,"8":0,"9":0,"10":0,"11":0,"12":0,"13":0,"14":12,"15":1,"16":12,"17":0,"18":0,"19":0,"20":0,"21":0,"22":0,"23":0,"24":0,"25":0,"26":12,"27":0,"28":0,"29":0,"30":0,"31":0,"32":0,"33":0,"34":0,"35":0,"36":12,"37":0,"38":0,"39":0,"40":0,"41":0,"42":0,"43":0,"44":0,"45":0},"f":{"0":0,"1":0,"2":0,"3":1,"4":0,"5":0,"6":0,"7":0,"8":0,"9":0,"10":0,"11":0},"b":{"0":[0,0],"1":[0,0],"2":[0,0],"3":[0,0],"4":[0,0],"5":[1,1],"6":[0,0],"7":[0,0],"8":[0,0],"9":[0,0],"10":[0,0],"11":[0,0],"12":[0,0]},"_coverageSchema":"1a1c01bbd47fc00a2c39e90264f33305004495a9","hash":"d994186ed75cc42b3ddf1fcde0e08f44ddb9268d"}
,"/Users/vladikbaryshpolets/Desktop/Final_project_Online-store/src/utils/checkFormValues.js": {"path":"/Users/vladikbaryshpolets/Desktop/Final_project_Online-store/src/utils/checkFormValues.js","statementMap":{"0":{"start":{"line":2,"column":31},"end":{"line":18,"column":1}},"1":{"start":{"line":3,"column":17},"end":{"line":3,"column":28}},"2":{"start":{"line":4,"column":2},"end":{"line":7,"column":3}},"3":{"start":{"line":5,"column":4},"end":{"line":5,"column":26}},"4":{"start":{"line":6,"column":4},"end":{"line":6,"column":26}},"5":{"start":{"line":8,"column":2},"end":{"line":16,"column":3}},"6":{"start":{"line":9,"column":4},"end":{"line":15,"column":5}},"7":{"start":{"line":10,"column":6},"end":{"line":14,"column":32}},"8":{"start":{"line":11,"column":8},"end":{"line":11,"column":27}},"9":{"start":{"line":12,"column":13},"end":{"line":14,"column":32}},"10":{"start":{"line":13,"column":8},"end":{"line":13,"column":34}},"11":{"start":{"line":14,"column":13},"end":{"line":14,"column":32}},"12":{"start":{"line":17,"column":2},"end":{"line":17,"column":16}}},"fnMap":{"0":{"name":"(anonymous_0)","decl":{"start":{"line":2,"column":31},"end":{"line":2,"column":32}},"loc":{"start":{"line":2,"column":43},"end":{"line":18,"column":1}},"line":2}},"branchMap":{"0":{"loc":{"start":{"line":4,"column":2},"end":{"line":7,"column":3}},"type":"if","locations":[{"start":{"line":4,"column":2},"end":{"line":7,"column":3}},{"start":{"line":4,"column":2},"end":{"line":7,"column":3}}],"line":4},"1":{"loc":{"start":{"line":4,"column":6},"end":{"line":4,"column":42}},"type":"binary-expr","locations":[{"start":{"line":4,"column":6},"end":{"line":4,"column":22}},{"start":{"line":4,"column":26},"end":{"line":4,"column":42}}],"line":4},"2":{"loc":{"start":{"line":9,"column":4},"end":{"line":15,"column":5}},"type":"if","locations":[{"start":{"line":9,"column":4},"end":{"line":15,"column":5}},{"start":{"line":9,"column":4},"end":{"line":15,"column":5}}],"line":9},"3":{"loc":{"start":{"line":9,"column":8},"end":{"line":9,"column":78}},"type":"binary-expr","locations":[{"start":{"line":9,"column":8},"end":{"line":9,"column":21}},{"start":{"line":9,"column":26},"end":{"line":9,"column":53}},{"start":{"line":9,"column":57},"end":{"line":9,"column":77}}],"line":9},"4":{"loc":{"start":{"line":10,"column":6},"end":{"line":14,"column":32}},"type":"if","locations":[{"start":{"line":10,"column":6},"end":{"line":14,"column":32}},{"start":{"line":10,"column":6},"end":{"line":14,"column":32}}],"line":10},"5":{"loc":{"start":{"line":12,"column":13},"end":{"line":14,"column":32}},"type":"if","locations":[{"start":{"line":12,"column":13},"end":{"line":14,"column":32}},{"start":{"line":12,"column":13},"end":{"line":14,"column":32}}],"line":12}},"s":{"0":2,"1":0,"2":0,"3":0,"4":0,"5":0,"6":0,"7":0,"8":0,"9":0,"10":0,"11":0,"12":0},"f":{"0":0},"b":{"0":[0,0],"1":[0,0],"2":[0,0],"3":[0,0,0],"4":[0,0],"5":[0,0]},"_coverageSchema":"1a1c01bbd47fc00a2c39e90264f33305004495a9","hash":"d2565524e915a87d06b45a3bbd779b1bdaa6fc80"}
,"/Users/vladikbaryshpolets/Desktop/Final_project_Online-store/src/utils/checkValue.js": {"path":"/Users/vladikbaryshpolets/Desktop/Final_project_Online-store/src/utils/checkValue.js","statementMap":{"0":{"start":{"line":1,"column":19},"end":{"line":4,"column":1}},"1":{"start":{"line":2,"column":2},"end":{"line":2,"column":77}},"2":{"start":{"line":2,"column":65},"end":{"line":2,"column":77}},"3":{"start":{"line":3,"column":2},"end":{"line":3,"column":13}}},"fnMap":{"0":{"name":"(anonymous_0)","decl":{"start":{"line":1,"column":19},"end":{"line":1,"column":20}},"loc":{"start":{"line":1,"column":45},"end":{"line":4,"column":1}},"line":1}},"branchMap":{"0":{"loc":{"start":{"line":2,"column":2},"end":{"line":2,"column":77}},"type":"if","locations":[{"start":{"line":2,"column":2},"end":{"line":2,"column":77}},{"start":{"line":2,"column":2},"end":{"line":2,"column":77}}],"line":2},"1":{"loc":{"start":{"line":2,"column":6},"end":{"line":2,"column":63}},"type":"binary-expr","locations":[{"start":{"line":2,"column":6},"end":{"line":2,"column":25}},{"start":{"line":2,"column":29},"end":{"line":2,"column":50}},{"start":{"line":2,"column":54},"end":{"line":2,"column":63}}],"line":2}},"s":{"0":3,"1":0,"2":0,"3":0},"f":{"0":0},"b":{"0":[0,0],"1":[0,0,0]},"_coverageSchema":"1a1c01bbd47fc00a2c39e90264f33305004495a9","hash":"b987a62421ee8bfc85e14de7a832a9a56e8035aa"}
,"/Users/vladikbaryshpolets/Desktop/Final_project_Online-store/src/utils/constants.js": {"path":"/Users/vladikbaryshpolets/Desktop/Final_project_Online-store/src/utils/constants.js","statementMap":{"0":{"start":{"line":1,"column":22},"end":{"line":1,"column":71}},"1":{"start":{"line":3,"column":26},"end":{"line":6,"column":2}},"2":{"start":{"line":3,"column":33},"end":{"line":6,"column":1}},"3":{"start":{"line":7,"column":28},"end":{"line":7,"column":35}},"4":{"start":{"line":8,"column":25},"end":{"line":8,"column":42}},"5":{"start":{"line":9,"column":26},"end":{"line":9,"column":40}},"6":{"start":{"line":10,"column":29},"end":{"line":10,"column":43}},"7":{"start":{"line":11,"column":30},"end":{"line":11,"column":49}},"8":{"start":{"line":13,"column":38},"end":{"line":13,"column":63}},"9":{"start":{"line":14,"column":35},"end":{"line":18,"column":70}},"10":{"start":{"line":20,"column":38},"end":{"line":20,"column":63}},"11":{"start":{"line":21,"column":35},"end":{"line":25,"column":55}}},"fnMap":{"0":{"name":"(anonymous_0)","decl":{"start":{"line":3,"column":26},"end":{"line":3,"column":27}},"loc":{"start":{"line":3,"column":33},"end":{"line":6,"column":1}},"line":3}},"branchMap":{},"s":{"0":20,"1":20,"2":0,"3":20,"4":20,"5":20,"6":20,"7":20,"8":20,"9":20,"10":20,"11":20},"f":{"0":0},"b":{},"_coverageSchema":"1a1c01bbd47fc00a2c39e90264f33305004495a9","hash":"2e25a02e9766af6da51dfdce66679e6f0a4381ed"}
,"/Users/vladikbaryshpolets/Desktop/Final_project_Online-store/src/utils/cutString.js": {"path":"/Users/vladikbaryshpolets/Desktop/Final_project_Online-store/src/utils/cutString.js","statementMap":{"0":{"start":{"line":1,"column":18},"end":{"line":1,"column":114}},"1":{"start":{"line":1,"column":42},"end":{"line":1,"column":113}}},"fnMap":{"0":{"name":"(anonymous_0)","decl":{"start":{"line":1,"column":18},"end":{"line":1,"column":19}},"loc":{"start":{"line":1,"column":42},"end":{"line":1,"column":113}},"line":1}},"branchMap":{"0":{"loc":{"start":{"line":1,"column":42},"end":{"line":1,"column":113}},"type":"cond-expr","locations":[{"start":{"line":1,"column":70},"end":{"line":1,"column":104}},{"start":{"line":1,"column":107},"end":{"line":1,"column":113}}],"line":1}},"s":{"0":6,"1":1},"f":{"0":1},"b":{"0":[1,0]},"_coverageSchema":"1a1c01bbd47fc00a2c39e90264f33305004495a9","hash":"02af34cda894947643850424a56ca3b3137a3682"}
,"/Users/vladikbaryshpolets/Desktop/Final_project_Online-store/src/utils/formTrimStringValidator.js": {"path":"/Users/vladikbaryshpolets/Desktop/Final_project_Online-store/src/utils/formTrimStringValidator.js","statementMap":{"0":{"start":{"line":2,"column":32},"end":{"line":14,"column":1}},"1":{"start":{"line":2,"column":99},"end":{"line":14,"column":1}},"2":{"start":{"line":3,"column":26},"end":{"line":10,"column":3}},"3":{"start":{"line":4,"column":26},"end":{"line":4,"column":38}},"4":{"start":{"line":5,"column":4},"end":{"line":5,"column":60}},"5":{"start":{"line":5,"column":24},"end":{"line":5,"column":60}},"6":{"start":{"line":6,"column":4},"end":{"line":6,"column":95}},"7":{"start":{"line":6,"column":26},"end":{"line":6,"column":95}},"8":{"start":{"line":7,"column":4},"end":{"line":7,"column":138}},"9":{"start":{"line":7,"column":60},"end":{"line":7,"column":138}},"10":{"start":{"line":9,"column":4},"end":{"line":9,"column":28}},"11":{"start":{"line":11,"column":2},"end":{"line":13,"column":3}}},"fnMap":{"0":{"name":"(anonymous_0)","decl":{"start":{"line":2,"column":32},"end":{"line":2,"column":33}},"loc":{"start":{"line":2,"column":99},"end":{"line":14,"column":1}},"line":2},"1":{"name":"(anonymous_1)","decl":{"start":{"line":2,"column":99},"end":{"line":2,"column":100}},"loc":{"start":{"line":2,"column":105},"end":{"line":14,"column":1}},"line":2},"2":{"name":"(anonymous_2)","decl":{"start":{"line":3,"column":26},"end":{"line":3,"column":27}},"loc":{"start":{"line":3,"column":40},"end":{"line":10,"column":3}},"line":3}},"branchMap":{"0":{"loc":{"start":{"line":2,"column":33},"end":{"line":2,"column":94}},"type":"default-arg","locations":[{"start":{"line":2,"column":49},"end":{"line":2,"column":94}}],"line":2},"1":{"loc":{"start":{"line":5,"column":4},"end":{"line":5,"column":60}},"type":"if","locations":[{"start":{"line":5,"column":4},"end":{"line":5,"column":60}},{"start":{"line":5,"column":4},"end":{"line":5,"column":60}}],"line":5},"2":{"loc":{"start":{"line":6,"column":4},"end":{"line":6,"column":95}},"type":"if","locations":[{"start":{"line":6,"column":4},"end":{"line":6,"column":95}},{"start":{"line":6,"column":4},"end":{"line":6,"column":95}}],"line":6},"3":{"loc":{"start":{"line":7,"column":4},"end":{"line":7,"column":138}},"type":"if","locations":[{"start":{"line":7,"column":4},"end":{"line":7,"column":138}},{"start":{"line":7,"column":4},"end":{"line":7,"column":138}}],"line":7},"4":{"loc":{"start":{"line":7,"column":8},"end":{"line":7,"column":58}},"type":"binary-expr","locations":[{"start":{"line":7,"column":8},"end":{"line":7,"column":24}},{"start":{"line":7,"column":28},"end":{"line":7,"column":58}}],"line":7}},"s":{"0":0,"1":0,"2":0,"3":0,"4":0,"5":0,"6":0,"7":0,"8":0,"9":0,"10":0,"11":0},"f":{"0":0,"1":0,"2":0},"b":{"0":[0],"1":[0,0],"2":[0,0],"3":[0,0],"4":[0,0]}}
,"/Users/vladikbaryshpolets/Desktop/Final_project_Online-store/src/utils/makeConfigFromUrl.js": {"path":"/Users/vladikbaryshpolets/Desktop/Final_project_Online-store/src/utils/makeConfigFromUrl.js","statementMap":{"0":{"start":{"line":1,"column":26},"end":{"line":11,"column":1}},"1":{"start":{"line":2,"column":20},"end":{"line":2,"column":22}},"2":{"start":{"line":3,"column":17},"end":{"line":3,"column":59}},"3":{"start":{"line":4,"column":2},"end":{"line":9,"column":4}},"4":{"start":{"line":5,"column":25},"end":{"line":5,"column":41}},"5":{"start":{"line":6,"column":4},"end":{"line":8,"column":33}},"6":{"start":{"line":7,"column":6},"end":{"line":7,"column":39}},"7":{"start":{"line":8,"column":11},"end":{"line":8,"column":33}},"8":{"start":{"line":10,"column":2},"end":{"line":10,"column":18}}},"fnMap":{"0":{"name":"(anonymous_0)","decl":{"start":{"line":1,"column":26},"end":{"line":1,"column":27}},"loc":{"start":{"line":1,"column":38},"end":{"line":11,"column":1}},"line":1},"1":{"name":"(anonymous_1)","decl":{"start":{"line":4,"column":18},"end":{"line":4,"column":19}},"loc":{"start":{"line":4,"column":29},"end":{"line":9,"column":3}},"line":4}},"branchMap":{"0":{"loc":{"start":{"line":6,"column":4},"end":{"line":8,"column":33}},"type":"if","locations":[{"start":{"line":6,"column":4},"end":{"line":8,"column":33}},{"start":{"line":6,"column":4},"end":{"line":8,"column":33}}],"line":6},"1":{"loc":{"start":{"line":6,"column":8},"end":{"line":6,"column":47}},"type":"binary-expr","locations":[{"start":{"line":6,"column":8},"end":{"line":6,"column":23}},{"start":{"line":6,"column":27},"end":{"line":6,"column":47}}],"line":6}},"s":{"0":2,"1":0,"2":0,"3":0,"4":0,"5":0,"6":0,"7":0,"8":0},"f":{"0":0,"1":0},"b":{"0":[0,0],"1":[0,0]},"_coverageSchema":"1a1c01bbd47fc00a2c39e90264f33305004495a9","hash":"a660529b8568842946fde879e9aefca2324496bc"}
,"/Users/vladikbaryshpolets/Desktop/Final_project_Online-store/src/utils/makeUrlFromConfig.js": {"path":"/Users/vladikbaryshpolets/Desktop/Final_project_Online-store/src/utils/makeUrlFromConfig.js","statementMap":{"0":{"start":{"line":1,"column":26},"end":{"line":10,"column":1}},"1":{"start":{"line":2,"column":17},"end":{"line":2,"column":19}},"2":{"start":{"line":3,"column":2},"end":{"line":8,"column":4}},"3":{"start":{"line":4,"column":4},"end":{"line":6,"column":5}},"4":{"start":{"line":5,"column":6},"end":{"line":5,"column":47}},"5":{"start":{"line":7,"column":4},"end":{"line":7,"column":46}},"6":{"start":{"line":9,"column":2},"end":{"line":9,"column":17}}},"fnMap":{"0":{"name":"(anonymous_0)","decl":{"start":{"line":1,"column":26},"end":{"line":1,"column":27}},"loc":{"start":{"line":1,"column":37},"end":{"line":10,"column":1}},"line":1},"1":{"name":"(anonymous_1)","decl":{"start":{"line":3,"column":29},"end":{"line":3,"column":30}},"loc":{"start":{"line":3,"column":45},"end":{"line":8,"column":3}},"line":3}},"branchMap":{"0":{"loc":{"start":{"line":4,"column":4},"end":{"line":6,"column":5}},"type":"if","locations":[{"start":{"line":4,"column":4},"end":{"line":6,"column":5}},{"start":{"line":4,"column":4},"end":{"line":6,"column":5}}],"line":4}},"s":{"0":2,"1":0,"2":0,"3":0,"4":0,"5":0,"6":0},"f":{"0":0,"1":0},"b":{"0":[0,0]},"_coverageSchema":"1a1c01bbd47fc00a2c39e90264f33305004495a9","hash":"f956ac06732df770738ae5af4f070a965737ba8c"}
,"/Users/vladikbaryshpolets/Desktop/Final_project_Online-store/src/utils/rateCalculator.js": {"path":"/Users/vladikbaryshpolets/Desktop/Final_project_Online-store/src/utils/rateCalculator.js","statementMap":{"0":{"start":{"line":2,"column":23},"end":{"line":11,"column":1}},"1":{"start":{"line":3,"column":18},"end":{"line":3,"column":88}},"2":{"start":{"line":3,"column":46},"end":{"line":3,"column":87}},"3":{"start":{"line":4,"column":21},"end":{"line":4,"column":62}},"4":{"start":{"line":4,"column":49},"end":{"line":4,"column":58}},"5":{"start":{"line":5,"column":26},"end":{"line":5,"column":40}},"6":{"start":{"line":7,"column":2},"end":{"line":10,"column":3}}},"fnMap":{"0":{"name":"(anonymous_0)","decl":{"start":{"line":2,"column":23},"end":{"line":2,"column":24}},"loc":{"start":{"line":2,"column":41},"end":{"line":11,"column":1}},"line":2},"1":{"name":"(anonymous_1)","decl":{"start":{"line":3,"column":38},"end":{"line":3,"column":39}},"loc":{"start":{"line":3,"column":46},"end":{"line":3,"column":87}},"line":3},"2":{"name":"(anonymous_2)","decl":{"start":{"line":4,"column":36},"end":{"line":4,"column":37}},"loc":{"start":{"line":4,"column":49},"end":{"line":4,"column":58}},"line":4}},"branchMap":{"0":{"loc":{"start":{"line":3,"column":46},"end":{"line":3,"column":87}},"type":"binary-expr","locations":[{"start":{"line":3,"column":46},"end":{"line":3,"column":66}},{"start":{"line":3,"column":70},"end":{"line":3,"column":77}},{"start":{"line":3,"column":81},"end":{"line":3,"column":87}}],"line":3},"1":{"loc":{"start":{"line":9,"column":12},"end":{"line":9,"column":57}},"type":"binary-expr","locations":[{"start":{"line":9,"column":12},"end":{"line":9,"column":52}},{"start":{"line":9,"column":56},"end":{"line":9,"column":57}}],"line":9}},"s":{"0":7,"1":5,"2":25,"3":5,"4":25,"5":5,"6":5},"f":{"0":5,"1":25,"2":25},"b":{"0":[25,25,25],"1":[5,0]},"_coverageSchema":"1a1c01bbd47fc00a2c39e90264f33305004495a9","hash":"8d31ef7956f93d642c53bb101ffa0cbf54ed94c1"}
,"/Users/vladikbaryshpolets/Desktop/Final_project_Online-store/src/utils/shuffleArray.js": {"path":"/Users/vladikbaryshpolets/Desktop/Final_project_Online-store/src/utils/shuffleArray.js","statementMap":{"0":{"start":{"line":1,"column":21},"end":{"line":1,"column":74}},"1":{"start":{"line":1,"column":32},"end":{"line":1,"column":74}},"2":{"start":{"line":1,"column":54},"end":{"line":1,"column":73}}},"fnMap":{"0":{"name":"(anonymous_0)","decl":{"start":{"line":1,"column":21},"end":{"line":1,"column":22}},"loc":{"start":{"line":1,"column":32},"end":{"line":1,"column":74}},"line":1},"1":{"name":"(anonymous_1)","decl":{"start":{"line":1,"column":48},"end":{"line":1,"column":49}},"loc":{"start":{"line":1,"column":54},"end":{"line":1,"column":73}},"line":1}},"branchMap":{},"s":{"0":17,"1":1,"2":0},"f":{"0":1,"1":0},"b":{},"_coverageSchema":"1a1c01bbd47fc00a2c39e90264f33305004495a9","hash":"19d81e02460dc7eabd0693d69c9fbd5368db61c9"}
,"/Users/vladikbaryshpolets/Desktop/Final_project_Online-store/src/utils/slicePlus.jsx": {"path":"/Users/vladikbaryshpolets/Desktop/Final_project_Online-store/src/utils/slicePlus.jsx","statementMap":{"0":{"start":{"line":1,"column":18},"end":{"line":1,"column":49}},"1":{"start":{"line":1,"column":30},"end":{"line":1,"column":49}}},"fnMap":{"0":{"name":"(anonymous_0)","decl":{"start":{"line":1,"column":18},"end":{"line":1,"column":19}},"loc":{"start":{"line":1,"column":30},"end":{"line":1,"column":49}},"line":1}},"branchMap":{},"s":{"0":0,"1":0},"f":{"0":0},"b":{}}
,"/Users/vladikbaryshpolets/Desktop/Final_project_Online-store/src/utils/upperCaseFirstLetter.js": {"path":"/Users/vladikbaryshpolets/Desktop/Final_project_Online-store/src/utils/upperCaseFirstLetter.js","statementMap":{"0":{"start":{"line":1,"column":29},"end":{"line":5,"column":1}},"1":{"start":{"line":2,"column":22},"end":{"line":2,"column":45}},"2":{"start":{"line":3,"column":16},"end":{"line":3,"column":46}},"3":{"start":{"line":4,"column":2},"end":{"line":4,"column":33}}},"fnMap":{"0":{"name":"(anonymous_0)","decl":{"start":{"line":1,"column":29},"end":{"line":1,"column":30}},"loc":{"start":{"line":1,"column":41},"end":{"line":5,"column":1}},"line":1}},"branchMap":{},"s":{"0":8,"1":7,"2":7,"3":7},"f":{"0":7},"b":{},"_coverageSchema":"1a1c01bbd47fc00a2c39e90264f33305004495a9","hash":"66d5cf4054bb13a601712107096396d20978066e"}
}
