TN:
SF:src/App.jsx
FN:19,(anonymous_0)
FN:29,(anonymous_1)
FNF:2
FNH:2
FNDA:1,(anonymous_0)
FNDA:1,(anonymous_1)
DA:17,1
DA:29,1
DA:30,1
DA:31,1
DA:32,1
DA:33,1
DA:34,1
DA:35,1
DA:38,1
LF:9
LH:9
BRF:0
BRH:0
end_of_record
TN:
SF:src/index.jsx
FNF:0
FNH:0
DA:11,0
LF:1
LH:0
BRF:0
BRH:0
end_of_record
TN:
SF:src/PrivateRoute/PrivateRoute.jsx
FN:7,(anonymous_0)
FN:9,(anonymous_1)
FNF:2
FNH:0
FNDA:0,(anonymous_0)
FNDA:0,(anonymous_1)
DA:7,1
DA:9,1
DA:10,0
LF:3
LH:2
BRDA:11,0,0,0
BRDA:11,0,1,0
BRF:2
BRH:0
end_of_record
TN:
SF:src/components/About-us/AboutUs.jsx
FN:11,(anonymous_0)
FN:12,(anonymous_1)
FN:23,(anonymous_2)
FNF:3
FNH:3
FNDA:1,(anonymous_0)
FNDA:1,(anonymous_1)
FNDA:5,(anonymous_2)
DA:11,2
DA:12,1
DA:13,1
DA:16,1
DA:24,5
DA:25,5
DA:26,3
DA:51,2
LF:8
LH:8
BRDA:25,0,0,3
BRDA:25,0,1,2
BRDA:31,1,0,1
BRDA:31,1,1,2
BRF:4
BRH:4
end_of_record
TN:
SF:src/components/About-us/ContentForAboutUs.jsx
FNF:0
FNH:0
DA:11,2
LF:1
LH:1
BRF:0
BRH:0
end_of_record
TN:
SF:src/components/About-us/StyledAboutUs.jsx
FN:19,(anonymous_0)
FN:34,(anonymous_1)
FN:35,(anonymous_2)
FN:45,(anonymous_3)
FN:46,(anonymous_4)
FN:69,(anonymous_5)
FN:70,(anonymous_6)
FN:80,(anonymous_7)
FN:81,(anonymous_8)
FN:139,(anonymous_9)
FN:140,(anonymous_10)
FN:141,(anonymous_11)
FN:154,(anonymous_12)
FN:159,(anonymous_13)
FN:162,(anonymous_14)
FN:163,(anonymous_15)
FN:170,(anonymous_16)
FN:171,(anonymous_17)
FN:172,(anonymous_18)
FN:178,(anonymous_19)
FN:180,(anonymous_20)
FN:185,(anonymous_21)
FN:188,(anonymous_22)
FNF:23
FNH:23
FNDA:5,(anonymous_0)
FNDA:5,(anonymous_1)
FNDA:5,(anonymous_2)
FNDA:5,(anonymous_3)
FNDA:5,(anonymous_4)
FNDA:5,(anonymous_5)
FNDA:5,(anonymous_6)
FNDA:5,(anonymous_7)
FNDA:5,(anonymous_8)
FNDA:5,(anonymous_9)
FNDA:5,(anonymous_10)
FNDA:5,(anonymous_11)
FNDA:5,(anonymous_12)
FNDA:5,(anonymous_13)
FNDA:5,(anonymous_14)
FNDA:5,(anonymous_15)
FNDA:5,(anonymous_16)
FNDA:5,(anonymous_17)
FNDA:5,(anonymous_18)
FNDA:5,(anonymous_19)
FNDA:5,(anonymous_20)
FNDA:4,(anonymous_21)
FNDA:4,(anonymous_22)
DA:4,2
DA:9,2
DA:15,2
DA:19,5
DA:31,2
DA:34,5
DA:35,5
DA:45,5
DA:46,5
DA:60,2
DA:69,5
DA:70,5
DA:80,5
DA:81,5
DA:85,2
DA:106,2
DA:129,2
DA:139,5
DA:140,5
DA:141,5
DA:154,5
DA:157,2
DA:159,5
DA:162,5
DA:163,5
DA:170,5
DA:171,5
DA:172,5
DA:178,5
DA:180,5
DA:183,2
DA:185,4
DA:188,4
DA:193,2
LF:34
LH:34
BRDA:19,0,0,3
BRDA:19,0,1,2
BRDA:34,1,0,3
BRDA:34,1,1,2
BRDA:35,2,0,3
BRDA:35,2,1,2
BRDA:45,3,0,3
BRDA:45,3,1,2
BRDA:46,4,0,3
BRDA:46,4,1,2
BRDA:69,5,0,3
BRDA:69,5,1,2
BRDA:70,6,0,3
BRDA:70,6,1,2
BRDA:80,7,0,3
BRDA:80,7,1,2
BRDA:81,8,0,3
BRDA:81,8,1,2
BRDA:139,9,0,2
BRDA:139,9,1,3
BRDA:140,10,0,2
BRDA:140,10,1,3
BRDA:141,11,0,2
BRDA:141,11,1,3
BRDA:154,12,0,2
BRDA:154,12,1,3
BRDA:159,13,0,1
BRDA:159,13,1,4
BRDA:162,14,0,1
BRDA:162,14,1,4
BRDA:163,15,0,1
BRDA:163,15,1,4
BRDA:170,16,0,1
BRDA:170,16,1,4
BRDA:171,17,0,1
BRDA:171,17,1,4
BRDA:172,18,0,1
BRDA:172,18,1,4
BRDA:178,19,0,1
BRDA:178,19,1,4
BRDA:180,20,0,1
BRDA:180,20,1,4
BRDA:185,21,0,1
BRDA:185,21,1,3
BRDA:188,22,0,1
BRDA:188,22,1,3
BRF:46
BRH:46
end_of_record
TN:
SF:src/components/AppWrapper/StyledAppWrapper.jsx
FNF:0
FNH:0
DA:4,1
LF:1
LH:1
BRF:0
BRH:0
end_of_record
TN:
SF:src/components/AuthModal/AuthModal.jsx
FN:10,(anonymous_0)
FN:15,(anonymous_1)
FN:19,(anonymous_2)
FN:23,(anonymous_3)
FNF:4
FNH:2
FNDA:7,(anonymous_0)
FNDA:1,(anonymous_1)
FNDA:0,(anonymous_2)
FNDA:0,(anonymous_3)
DA:10,7
DA:15,1
DA:18,1
DA:19,1
DA:20,0
DA:21,0
DA:23,1
DA:24,0
DA:25,0
DA:28,1
LF:10
LH:6
BRF:0
BRH:0
end_of_record
TN:
SF:src/components/BannerSlider/BannerSlider.jsx
FN:11,(anonymous_0)
FNF:1
FNH:1
FNDA:3,(anonymous_0)
DA:11,3
DA:12,3
DA:24,3
LF:3
LH:3
BRF:0
BRH:0
end_of_record
TN:
SF:src/components/BannerSlider/StylesBannerSlider.jsx
FNF:0
FNH:0
DA:4,3
DA:8,3
LF:2
LH:2
BRF:0
BRH:0
end_of_record
TN:
SF:src/components/BrandsAndFollow/FollowUsInstagram.jsx
FN:16,(anonymous_0)
FN:39,(anonymous_1)
FNF:2
FNH:2
FNDA:2,(anonymous_0)
FNDA:18,(anonymous_1)
DA:16,2
DA:17,2
DA:29,2
DA:30,2
DA:34,2
DA:40,18
LF:6
LH:6
BRF:0
BRH:0
end_of_record
TN:
SF:src/components/BrandsAndFollow/HomePageBrands.jsx
FN:12,(anonymous_0)
FN:25,(anonymous_1)
FNF:2
FNH:2
FNDA:2,(anonymous_0)
FNDA:14,(anonymous_1)
DA:12,2
DA:13,2
DA:22,2
DA:26,14
LF:4
LH:4
BRF:0
BRH:0
end_of_record
TN:
SF:src/components/BrandsAndFollow/StyledFollowUsInstagram.jsx
FNF:0
FNH:0
DA:4,2
DA:15,2
DA:25,2
DA:32,2
DA:43,2
DA:51,2
DA:61,2
LF:7
LH:7
BRF:0
BRH:0
end_of_record
TN:
SF:src/components/BrandsAndFollow/StyledHomePageBrands.jsx
FNF:0
FNH:0
DA:4,2
DA:22,2
DA:38,2
LF:3
LH:3
BRF:0
BRH:0
end_of_record
TN:
SF:src/components/Carousel/Carousel.jsx
FN:10,(anonymous_0)
FN:14,(anonymous_1)
FN:14,(anonymous_2)
FN:16,(anonymous_3)
FN:18,(anonymous_4)
FNF:5
FNH:3
FNDA:23,(anonymous_0)
FNDA:0,(anonymous_1)
FNDA:0,(anonymous_2)
FNDA:11,(anonymous_3)
FNDA:11,(anonymous_4)
DA:10,7
DA:13,23
DA:14,23
DA:16,23
DA:17,11
DA:18,11
DA:23,23
DA:35,7
DA:41,7
LF:9
LH:9
BRDA:17,0,0,11
BRDA:17,0,1,0
BRDA:25,1,0,23
BRDA:25,1,1,6
BRDA:29,2,0,23
BRDA:29,2,1,17
BRDA:29,2,2,11
BRDA:30,3,0,23
BRDA:30,3,1,17
BRDA:30,3,2,11
BRF:10
BRH:9
end_of_record
TN:
SF:src/components/Carousel/StyledCarousel.jsx
FN:35,(anonymous_0)
FNF:1
FNH:1
FNDA:22,(anonymous_0)
DA:4,7
DA:35,22
LF:2
LH:2
BRDA:35,0,0,22
BRDA:35,0,1,6
BRF:2
BRH:2
end_of_record
TN:
SF:src/components/CartPage/CartPage.jsx
FN:8,(anonymous_0)
FN:9,(anonymous_1)
FNF:2
FNH:2
FNDA:1,(anonymous_0)
FNDA:1,(anonymous_1)
DA:8,2
DA:9,1
DA:10,1
DA:13,1
LF:4
LH:4
BRF:0
BRH:0
end_of_record
TN:
SF:src/components/CartPage/Flex.jsx
FNF:0
FNH:0
DA:4,8
DA:8,8
DA:16,8
DA:36,8
DA:44,8
DA:48,8
DA:58,8
LF:7
LH:7
BRF:0
BRH:0
end_of_record
TN:
SF:src/components/CartPage/CartItem/CartItem.jsx
FN:17,(anonymous_0)
FN:26,(anonymous_1)
FN:32,(anonymous_2)
FN:41,(anonymous_3)
FN:46,(anonymous_4)
FN:74,(anonymous_5)
FN:76,(anonymous_6)
FN:86,(anonymous_7)
FNF:8
FNH:7
FNDA:5,(anonymous_0)
FNDA:1,(anonymous_1)
FNDA:0,(anonymous_2)
FNDA:1,(anonymous_3)
FNDA:5,(anonymous_4)
FNDA:1,(anonymous_5)
FNDA:1,(anonymous_6)
FNDA:1,(anonymous_7)
DA:17,2
DA:24,5
DA:26,5
DA:27,1
DA:28,0
DA:29,0
DA:31,1
DA:32,1
DA:33,0
DA:36,1
DA:37,1
DA:41,5
DA:42,1
DA:43,1
DA:46,5
DA:47,5
DA:48,0
DA:50,5
DA:53,5
DA:74,1
DA:76,1
DA:86,1
DA:93,2
DA:101,2
LF:24
LH:20
BRDA:27,0,0,0
BRDA:27,0,1,1
BRDA:36,1,0,1
BRDA:36,1,1,0
BRDA:47,2,0,0
BRDA:47,2,1,5
BRF:6
BRH:3
end_of_record
TN:
SF:src/components/CartPage/CartItem/StyledCartItem.jsx
FNF:0
FNH:0
DA:6,2
DA:57,2
DA:61,2
LF:3
LH:3
BRF:0
BRH:0
end_of_record
TN:
SF:src/components/CartPage/CartList/CartList.jsx
FN:15,(anonymous_0)
FN:21,(anonymous_1)
FN:24,(anonymous_2)
FN:24,(anonymous_3)
FN:45,(anonymous_4)
FN:52,(anonymous_5)
FNF:6
FNH:5
FNDA:3,(anonymous_0)
FNDA:1,(anonymous_1)
FNDA:3,(anonymous_2)
FNDA:6,(anonymous_3)
FNDA:1,(anonymous_4)
FNDA:0,(anonymous_5)
DA:15,2
DA:19,3
DA:21,3
DA:22,1
DA:24,3
DA:25,6
DA:32,3
DA:45,1
DA:52,2
DA:56,2
DA:62,2
LF:11
LH:11
BRDA:35,0,0,3
BRDA:35,0,1,0
BRF:2
BRH:1
end_of_record
TN:
SF:src/components/CartPage/CartList/StyledCartList.jsx
FNF:0
FNH:0
DA:4,2
LF:1
LH:1
BRF:0
BRH:0
end_of_record
TN:
SF:src/components/CartPage/Summary/StyledSummary.jsx
FNF:0
FNH:0
DA:4,3
LF:1
LH:1
BRF:0
BRH:0
end_of_record
TN:
SF:src/components/CartPage/Summary/Summary.jsx
FN:11,(anonymous_0)
FN:14,(anonymous_1)
FN:42,(anonymous_2)
FN:51,(anonymous_3)
FNF:4
FNH:3
FNDA:3,(anonymous_0)
FNDA:2,(anonymous_1)
FNDA:2,(anonymous_2)
FNDA:0,(anonymous_3)
DA:11,2
DA:12,3
DA:14,3
DA:15,2
DA:16,1
DA:18,1
DA:22,3
DA:42,2
DA:51,2
DA:55,2
DA:57,2
LF:11
LH:11
BRDA:15,0,0,1
BRDA:15,0,1,1
BRF:2
BRH:2
end_of_record
TN:
SF:src/components/CartPage/TheadCart/StyledTheadCart.js
FNF:0
FNH:0
DA:4,3
LF:1
LH:1
BRF:0
BRH:0
end_of_record
TN:
SF:src/components/CartPage/TheadCart/TheadCart.jsx
FN:5,(anonymous_0)
FNF:1
FNH:1
FNDA:5,(anonymous_0)
DA:5,3
DA:6,5
LF:2
LH:2
BRF:0
BRH:0
end_of_record
TN:
SF:src/components/CatalogPage/CatalogPage.jsx
FN:11,(anonymous_0)
FN:12,(anonymous_1)
FN:17,(anonymous_2)
FNF:3
FNH:0
FNDA:0,(anonymous_0)
FNDA:0,(anonymous_1)
FNDA:0,(anonymous_2)
DA:11,1
DA:12,0
DA:13,0
DA:15,0
DA:17,0
DA:18,0
DA:21,0
LF:7
LH:1
BRF:0
BRH:0
end_of_record
TN:
SF:src/components/CatalogPage/StyledCatalogPage.jsx
FNF:0
FNH:0
DA:3,1
DA:12,1
LF:2
LH:2
BRF:0
BRH:0
end_of_record
TN:
SF:src/components/CatalogPage/filterConfig.js
FN:4,SortArr
FN:5,(anonymous_1)
FN:91,(anonymous_2)
FN:99,(anonymous_3)
FN:107,(anonymous_4)
FN:110,(anonymous_5)
FN:115,(anonymous_6)
FN:123,(anonymous_7)
FNF:8
FNH:2
FNDA:4,SortArr
FNDA:80,(anonymous_1)
FNDA:0,(anonymous_2)
FNDA:0,(anonymous_3)
FNDA:0,(anonymous_4)
FNDA:0,(anonymous_5)
FNDA:0,(anonymous_6)
FNDA:0,(anonymous_7)
DA:5,4
DA:6,80
DA:7,32
DA:9,48
DA:10,48
DA:13,0
DA:17,2
DA:36,2
DA:91,2
DA:92,0
DA:95,0
DA:96,0
DA:99,0
DA:100,0
DA:101,0
DA:103,0
DA:106,0
DA:108,0
DA:110,0
DA:111,0
DA:114,0
DA:115,0
DA:116,0
DA:117,0
DA:120,0
DA:121,0
DA:123,0
DA:124,0
LF:28
LH:8
BRDA:6,0,0,32
BRDA:6,0,1,48
BRDA:9,1,0,48
BRDA:9,1,1,0
BRDA:100,2,0,0
BRDA:100,2,1,0
BRDA:111,3,0,0
BRDA:111,3,1,0
BRDA:114,4,0,0
BRDA:114,4,1,0
BRDA:116,5,0,0
BRDA:116,5,1,0
BRDA:116,6,0,0
BRDA:116,6,1,0
BRF:14
BRH:3
end_of_record
TN:
SF:src/components/CatalogPage/CatalogFilter/CatalogFilter.jsx
FN:30,(anonymous_0)
FN:34,(anonymous_1)
FN:43,(anonymous_2)
FN:55,(anonymous_3)
FN:64,(anonymous_4)
FN:71,(anonymous_5)
FN:92,(anonymous_6)
FNF:7
FNH:3
FNDA:2,(anonymous_0)
FNDA:2,(anonymous_1)
FNDA:0,(anonymous_2)
FNDA:0,(anonymous_3)
FNDA:0,(anonymous_4)
FNDA:2,(anonymous_5)
FNDA:0,(anonymous_6)
DA:25,2
DA:30,2
DA:34,2
DA:39,2
DA:40,2
DA:41,2
DA:43,2
DA:44,0
DA:45,0
DA:46,0
DA:47,0
DA:49,0
DA:50,0
DA:51,0
DA:52,0
DA:55,0
DA:56,0
DA:57,0
DA:60,0
DA:61,0
DA:64,2
DA:67,0
DA:68,0
DA:71,2
DA:86,2
DA:92,0
LF:26
LH:10
BRDA:41,0,0,0
BRDA:41,0,1,2
BRDA:45,1,0,0
BRDA:45,1,1,0
BRDA:45,2,0,0
BRDA:45,2,1,0
BRDA:50,3,0,0
BRDA:50,3,1,0
BRDA:56,4,0,0
BRDA:56,4,1,0
BRDA:56,5,0,0
BRDA:56,5,1,0
BRDA:56,5,2,0
BRDA:74,6,0,2
BRDA:74,6,1,2
BRDA:78,7,0,2
BRDA:78,7,1,2
BRDA:82,8,0,2
BRDA:82,8,1,2
BRDA:82,9,0,2
BRDA:82,9,1,2
BRF:21
BRH:9
end_of_record
TN:
SF:src/components/CatalogPage/CatalogFilter/StylesCatalogfilter.jsx
FN:10,(anonymous_0)
FN:42,(anonymous_1)
FNF:2
FNH:2
FNDA:2,(anonymous_0)
FNDA:2,(anonymous_1)
DA:8,2
DA:10,2
DA:14,2
DA:29,2
DA:42,2
DA:49,2
DA:74,2
DA:83,2
DA:95,2
DA:115,2
DA:132,2
DA:143,2
DA:147,2
LF:13
LH:13
BRDA:10,0,0,2
BRDA:10,0,1,2
BRDA:42,1,0,2
BRDA:42,1,1,2
BRF:4
BRH:4
end_of_record
TN:
SF:src/components/CatalogPage/CatalogFilter/FormMenu/FormMenu.jsx
FN:18,(anonymous_0)
FN:22,(anonymous_1)
FN:24,(anonymous_2)
FN:27,(anonymous_3)
FN:30,(anonymous_4)
FN:37,(anonymous_5)
FN:46,(anonymous_6)
FN:60,(anonymous_7)
FNF:8
FNH:7
FNDA:2,(anonymous_0)
FNDA:4,(anonymous_1)
FNDA:2,(anonymous_2)
FNDA:2,(anonymous_3)
FNDA:0,(anonymous_4)
FNDA:2,(anonymous_5)
FNDA:16,(anonymous_6)
FNDA:52,(anonymous_7)
DA:14,2
DA:18,2
DA:22,2
DA:23,4
DA:24,4
DA:25,4
DA:27,4
DA:28,2
DA:29,2
DA:30,0
DA:34,2
DA:37,4
DA:38,2
DA:41,4
DA:47,16
DA:61,52
DA:87,2
LF:17
LH:16
BRDA:24,0,0,0
BRDA:24,0,1,2
BRDA:27,1,0,0
BRDA:28,2,0,0
BRDA:28,2,1,2
BRDA:29,3,0,0
BRDA:29,3,1,2
BRF:7
BRH:3
end_of_record
TN:
SF:src/components/CatalogPage/CatalogPagination/CatalogPagination.jsx
FN:9,(anonymous_0)
FN:13,(anonymous_1)
FN:20,(anonymous_2)
FNF:3
FNH:0
FNDA:0,(anonymous_0)
FNDA:0,(anonymous_1)
FNDA:0,(anonymous_2)
DA:9,1
DA:13,1
DA:16,0
DA:17,0
DA:18,0
DA:20,0
DA:21,0
DA:25,0
DA:26,0
DA:29,0
LF:10
LH:2
BRDA:18,0,0,0
BRDA:18,0,1,0
BRDA:33,1,0,0
BRDA:33,1,1,0
BRDA:34,2,0,0
BRDA:34,2,1,0
BRF:6
BRH:0
end_of_record
TN:
SF:src/components/CatalogPage/CatalogPagination/StyledCatalogPagination.jsx
FNF:0
FNH:0
DA:4,1
LF:1
LH:1
BRF:0
BRH:0
end_of_record
TN:
SF:src/components/CatalogPage/CatalogProductsPlace/CatalogProductsPlace.jsx
FN:14,(anonymous_0)
FN:22,(anonymous_1)
FN:31,(anonymous_2)
FN:33,(anonymous_3)
FN:55,(anonymous_4)
FNF:5
FNH:0
FNDA:0,(anonymous_0)
FNDA:0,(anonymous_1)
FNDA:0,(anonymous_2)
FNDA:0,(anonymous_3)
FNDA:0,(anonymous_4)
DA:14,1
DA:20,1
DA:30,0
DA:31,0
DA:33,0
DA:34,0
DA:35,0
DA:37,0
DA:38,0
DA:42,0
DA:44,0
DA:56,0
LF:12
LH:2
BRDA:31,0,0,0
BRDA:31,0,1,0
BRDA:34,1,0,0
BRDA:34,1,1,0
BRDA:42,2,0,0
BRDA:42,2,1,0
BRDA:45,3,0,0
BRDA:45,3,1,0
BRDA:62,4,0,0
BRDA:62,4,1,0
BRDA:62,5,0,0
BRDA:62,5,1,0
BRF:12
BRH:0
end_of_record
TN:
SF:src/components/CatalogPage/CatalogProductsPlace/StyledCatalogProductsPlace.jsx
FNF:0
FNH:0
DA:4,1
DA:10,1
LF:2
LH:2
BRF:0
BRH:0
end_of_record
TN:
SF:src/components/CatalogPage/CatalogSort/CatalogSort.jsx
FN:12,(anonymous_0)
FN:17,(anonymous_1)
FN:29,(anonymous_2)
FN:29,(anonymous_3)
FN:32,(anonymous_4)
FN:40,(anonymous_5)
FNF:6
FNH:0
FNDA:0,(anonymous_0)
FNDA:0,(anonymous_1)
FNDA:0,(anonymous_2)
FNDA:0,(anonymous_3)
FNDA:0,(anonymous_4)
FNDA:0,(anonymous_5)
DA:12,1
DA:13,0
DA:14,0
DA:15,0
DA:17,0
DA:18,0
DA:19,0
DA:20,0
DA:22,0
DA:23,0
DA:27,0
DA:29,0
DA:32,0
DA:40,0
DA:51,1
LF:15
LH:2
BRDA:15,0,0,0
BRDA:15,0,1,0
BRDA:18,1,0,0
BRDA:18,1,1,0
BRDA:32,2,0,0
BRDA:32,2,1,0
BRDA:40,3,0,0
BRDA:40,3,1,0
BRF:8
BRH:0
end_of_record
TN:
SF:src/components/CatalogPage/CatalogSort/StyledCatalogSort.jsx
FNF:0
FNH:0
DA:5,1
DA:19,1
DA:56,1
DA:78,1
LF:4
LH:4
BRF:0
BRH:0
end_of_record
TN:
SF:src/components/Checkout/Checkout.jsx
FN:14,(anonymous_0)
FN:15,(anonymous_1)
FN:21,(anonymous_2)
FN:24,(anonymous_3)
FN:69,(anonymous_4)
FNF:5
FNH:4
FNDA:3,(anonymous_0)
FNDA:3,(anonymous_1)
FNDA:1,(anonymous_2)
FNDA:1,(anonymous_3)
FNDA:0,(anonymous_4)
DA:14,2
DA:15,3
DA:16,3
DA:19,3
DA:21,3
DA:22,1
DA:24,3
DA:25,1
DA:28,3
DA:69,2
DA:73,2
DA:75,2
LF:12
LH:12
BRDA:34,0,0,1
BRDA:34,0,1,2
BRF:2
BRH:2
end_of_record
TN:
SF:src/components/Checkout/StyledCheckout.jsx
FNF:0
FNH:0
DA:5,3
DA:14,3
DA:25,3
LF:3
LH:3
BRF:0
BRH:0
end_of_record
TN:
SF:src/components/Checkout/FormCheckout/FormCheckout.jsx
FN:24,(anonymous_0)
FN:41,(anonymous_1)
FN:72,(anonymous_2)
FN:77,(anonymous_3)
FN:218,(anonymous_4)
FN:235,(anonymous_5)
FN:238,(anonymous_6)
FN:253,(anonymous_7)
FNF:8
FNH:7
FNDA:5,(anonymous_0)
FNDA:5,(anonymous_1)
FNDA:3,(anonymous_2)
FNDA:1,(anonymous_3)
FNDA:25,(anonymous_4)
FNDA:2,(anonymous_5)
FNDA:4,(anonymous_6)
FNDA:0,(anonymous_7)
DA:24,2
DA:34,5
DA:36,5
DA:37,5
DA:39,5
DA:41,5
DA:63,5
DA:64,5
DA:65,5
DA:66,5
DA:70,5
DA:72,5
DA:73,3
DA:74,3
DA:77,5
DA:78,1
DA:79,1
DA:82,5
DA:219,25
DA:235,2
DA:239,4
DA:253,2
DA:261,2
DA:270,2
LF:24
LH:24
BRDA:43,0,0,5
BRDA:43,0,1,1
BRDA:47,1,0,5
BRDA:47,1,1,1
BRDA:51,2,0,5
BRDA:51,2,1,1
BRDA:55,3,0,5
BRDA:55,3,1,1
BRF:8
BRH:8
end_of_record
TN:
SF:src/components/Checkout/FormCheckout/utils.js
FNF:0
FNH:0
DA:2,2
LF:1
LH:1
BRF:0
BRH:0
end_of_record
TN:
SF:src/components/Checkout/OrderSummary/OrderSummary.jsx
FN:8,(anonymous_0)
FN:55,(anonymous_1)
FNF:2
FNH:1
FNDA:1,(anonymous_0)
FNDA:0,(anonymous_1)
DA:8,2
DA:9,1
DA:55,2
DA:60,2
DA:62,2
LF:5
LH:5
BRF:0
BRH:0
end_of_record
TN:
SF:src/components/Checkout/OrderSummary/StyledOrderSummary.jsx
FNF:0
FNH:0
DA:4,2
LF:1
LH:1
BRF:0
BRH:0
end_of_record
TN:
SF:src/components/ContactUs/ContactUsPage.jsx
FN:24,(anonymous_0)
FN:26,(anonymous_1)
FN:27,(anonymous_2)
FN:51,(anonymous_3)
FNF:4
FNH:0
FNDA:0,(anonymous_0)
FNDA:0,(anonymous_1)
FNDA:0,(anonymous_2)
FNDA:0,(anonymous_3)
DA:24,1
DA:26,1
DA:27,0
DA:28,0
DA:30,0
DA:32,0
DA:47,0
DA:51,0
DA:52,0
DA:53,0
DA:55,0
LF:11
LH:2
BRDA:43,0,0,0
BRDA:43,0,1,0
BRF:2
BRH:0
end_of_record
TN:
SF:src/components/ContactUs/Styled.jsx
FNF:0
FNH:0
DA:5,1
DA:9,1
DA:13,1
DA:28,1
DA:39,1
DA:63,1
DA:80,1
DA:86,1
DA:94,1
DA:98,1
DA:111,1
DA:127,1
DA:133,1
DA:137,1
DA:143,1
DA:153,1
DA:158,1
DA:163,1
DA:169,1
LF:19
LH:19
BRF:0
BRH:0
end_of_record
TN:
SF:src/components/CreateCustomerPage/CreateCustomerPage.jsx
FN:7,(anonymous_0)
FNF:1
FNH:1
FNDA:2,(anonymous_0)
DA:7,2
DA:8,2
DA:9,2
LF:3
LH:3
BRF:0
BRH:0
end_of_record
TN:
SF:src/components/CreateCustomerPage/StylesCreateCustomer.jsx
FNF:0
FNH:0
DA:3,2
LF:1
LH:1
BRF:0
BRH:0
end_of_record
TN:
SF:src/components/CreateCustomerPage/SignUpBox/SignUpBox.jsx
FN:6,(anonymous_0)
FNF:1
FNH:1
FNDA:4,(anonymous_0)
DA:6,3
DA:7,4
LF:2
LH:2
BRF:0
BRH:0
end_of_record
TN:
SF:src/components/CreateCustomerPage/SignUpBox/StylesSignUpBox.jsx
FNF:0
FNH:0
DA:3,4
DA:12,4
DA:16,4
DA:21,4
DA:27,4
LF:5
LH:5
BRF:0
BRH:0
end_of_record
TN:
SF:src/components/CreateCustomerPage/SignUpBox/Form/SignUpForm.jsx
FN:20,(anonymous_0)
FN:22,(anonymous_1)
FNF:2
FNH:1
FNDA:7,(anonymous_0)
FNDA:0,(anonymous_1)
DA:20,4
DA:21,7
DA:22,7
DA:23,0
DA:26,7
LF:5
LH:4
BRF:0
BRH:0
end_of_record
TN:
SF:src/components/CreateCustomerPage/SignUpBox/Form/StylesSignUpForm.jsx
FNF:0
FNH:0
DA:4,4
LF:1
LH:1
BRF:0
BRH:0
end_of_record
TN:
SF:src/components/CreateCustomerPage/SignUpBox/Form/utils.js
FN:12,(anonymous_0)
FN:13,(anonymous_1)
FN:24,(anonymous_2)
FN:25,(anonymous_3)
FNF:4
FNH:0
FNDA:0,(anonymous_0)
FNDA:0,(anonymous_1)
FNDA:0,(anonymous_2)
FNDA:0,(anonymous_3)
DA:2,4
DA:12,4
DA:13,0
DA:14,0
DA:15,0
DA:17,0
DA:19,0
DA:24,4
DA:25,0
DA:26,0
DA:27,0
DA:28,0
DA:30,0
DA:32,0
DA:34,0
LF:15
LH:3
BRDA:14,0,0,0
BRDA:14,0,1,0
BRDA:26,1,0,0
BRDA:26,1,1,0
BRDA:26,2,0,0
BRDA:26,2,1,0
BRF:6
BRH:0
end_of_record
TN:
SF:src/components/CreateCustomerPage/SignUpBox/LoginPageLink/LoginPageLink.jsx
FN:6,(anonymous_0)
FNF:1
FNH:1
FNDA:7,(anonymous_0)
DA:6,4
DA:7,7
LF:2
LH:2
BRF:0
BRH:0
end_of_record
TN:
SF:src/components/DashBoard/DashBoard.jsx
FN:13,(anonymous_0)
FN:18,(anonymous_1)
FN:22,(anonymous_2)
FNF:3
FNH:0
FNDA:0,(anonymous_0)
FNDA:0,(anonymous_1)
FNDA:0,(anonymous_2)
DA:13,2
DA:18,2
DA:22,0
DA:23,0
DA:26,0
DA:27,0
LF:6
LH:2
BRDA:26,0,0,0
BRDA:26,0,1,0
BRF:2
BRH:0
end_of_record
TN:
SF:src/components/DashBoard/StyledDashBoard.jsx
FNF:0
FNH:0
DA:4,3
DA:29,3
DA:43,3
DA:61,3
DA:65,3
DA:77,3
LF:6
LH:6
BRF:0
BRH:0
end_of_record
TN:
SF:src/components/DashBoard/DashBoardModal/DashBoardModal.jsx
FN:9,(anonymous_0)
FN:13,(anonymous_1)
FN:16,(anonymous_2)
FNF:3
FNH:3
FNDA:2,(anonymous_0)
FNDA:2,(anonymous_1)
FNDA:2,(anonymous_2)
DA:9,4
DA:13,4
DA:16,2
DA:17,2
DA:19,0
DA:25,0
DA:30,2
DA:34,2
DA:36,2
DA:49,4
LF:10
LH:8
BRDA:17,0,0,0
BRDA:17,0,1,0
BRDA:17,0,2,2
BRF:3
BRH:1
end_of_record
TN:
SF:src/components/DashBoard/DashBoardModal/DashBoardModalStyled.jsx
FNF:0
FNH:0
DA:4,4
LF:1
LH:1
BRF:0
BRH:0
end_of_record
TN:
SF:src/components/DashBoard/FormInfoChange/FormInfoChange.jsx
FN:12,(anonymous_0)
FN:16,(anonymous_1)
FN:21,(anonymous_2)
FN:22,(anonymous_3)
FN:97,(anonymous_4)
FNF:5
FNH:0
FNDA:0,(anonymous_0)
FNDA:0,(anonymous_1)
FNDA:0,(anonymous_2)
FNDA:0,(anonymous_3)
FNDA:0,(anonymous_4)
DA:12,4
DA:16,4
DA:19,0
DA:21,0
DA:22,0
DA:23,0
DA:24,0
DA:25,0
DA:27,0
DA:28,0
DA:29,0
DA:31,0
DA:93,4
DA:96,4
DA:97,0
LF:15
LH:4
BRDA:22,0,0,0
BRDA:22,0,1,0
BRF:2
BRH:0
end_of_record
TN:
SF:src/components/DashBoard/FormPasswordChange/FormPasswordChange.jsx
FN:37,(anonymous_0)
FN:40,(anonymous_1)
FN:105,(anonymous_2)
FN:106,(anonymous_3)
FNF:4
FNH:0
FNDA:0,(anonymous_0)
FNDA:0,(anonymous_1)
FNDA:0,(anonymous_2)
FNDA:0,(anonymous_3)
DA:14,4
DA:24,4
DA:37,4
DA:38,0
DA:40,0
DA:41,0
DA:42,0
DA:45,0
DA:105,0
DA:107,0
DA:108,0
DA:110,0
DA:127,4
LF:13
LH:4
BRDA:107,0,0,0
BRDA:107,0,1,0
BRDA:107,1,0,0
BRDA:107,1,1,0
BRF:4
BRH:0
end_of_record
TN:
SF:src/components/DashBoard/Orders/OrderComponent.jsx
FN:16,(anonymous_0)
FN:19,(anonymous_1)
FNF:2
FNH:0
FNDA:0,(anonymous_0)
FNDA:0,(anonymous_1)
DA:16,2
DA:18,0
DA:20,0
DA:31,0
DA:58,2
LF:5
LH:2
BRF:0
BRH:0
end_of_record
TN:
SF:src/components/DashBoard/Orders/Orders.jsx
FN:8,(anonymous_0)
FN:12,(anonymous_1)
FN:25,(anonymous_2)
FNF:3
FNH:0
FNDA:0,(anonymous_0)
FNDA:0,(anonymous_1)
FNDA:0,(anonymous_2)
DA:8,2
DA:12,2
DA:13,0
DA:26,0
LF:4
LH:2
BRF:0
BRH:0
end_of_record
TN:
SF:src/components/DashBoard/Orders/StyledOrderComponent.jsx
FNF:0
FNH:0
DA:8,2
DA:19,2
DA:38,2
DA:61,2
DA:73,2
LF:5
LH:5
BRF:0
BRH:0
end_of_record
TN:
SF:src/components/DashBoard/Orders/StyledOrders.jsx
FNF:0
FNH:0
DA:3,2
LF:1
LH:1
BRF:0
BRH:0
end_of_record
TN:
SF:src/components/DashBoard/PasswordInfoChange/PasswordInfoChange.jsx
FN:9,(anonymous_0)
FN:35,(anonymous_1)
FN:42,(anonymous_2)
FNF:3
FNH:1
FNDA:1,(anonymous_0)
FNDA:0,(anonymous_1)
FNDA:0,(anonymous_2)
DA:9,3
DA:10,1
DA:35,0
DA:42,0
DA:52,3
LF:5
LH:3
BRF:0
BRH:0
end_of_record
TN:
SF:src/components/DashBoard/PasswordInfoChange/StylesPasswordInfoChange.jsx
FNF:0
FNH:0
DA:3,3
LF:1
LH:1
BRF:0
BRH:0
end_of_record
TN:
SF:src/components/DashBoard/Subscribed/NotSubscribedUser.jsx
FN:9,(anonymous_0)
FN:13,(anonymous_1)
FN:16,(anonymous_2)
FN:25,(anonymous_3)
FNF:4
FNH:0
FNDA:0,(anonymous_0)
FNDA:0,(anonymous_1)
FNDA:0,(anonymous_2)
FNDA:0,(anonymous_3)
DA:9,2
DA:13,0
DA:14,0
DA:15,0
DA:16,0
DA:18,0
DA:25,0
DA:32,2
LF:8
LH:2
BRDA:15,0,0,0
BRDA:15,0,1,0
BRDA:15,1,0,0
BRDA:15,1,1,0
BRF:4
BRH:0
end_of_record
TN:
SF:src/components/DashBoard/Subscribed/StyledNotSubscribedUser.jsx
FNF:0
FNH:0
DA:4,2
LF:1
LH:1
BRF:0
BRH:0
end_of_record
TN:
SF:src/components/DashBoard/Subscribed/Subscribe.jsx
FN:8,(anonymous_0)
FN:11,(anonymous_1)
FN:14,(anonymous_2)
FN:19,(anonymous_3)
FN:21,(anonymous_4)
FN:28,(anonymous_5)
FNF:6
FNH:0
FNDA:0,(anonymous_0)
FNDA:0,(anonymous_1)
FNDA:0,(anonymous_2)
FNDA:0,(anonymous_3)
FNDA:0,(anonymous_4)
FNDA:0,(anonymous_5)
DA:8,2
DA:9,0
DA:11,0
DA:12,0
DA:14,0
DA:15,0
DA:16,0
DA:17,0
DA:18,0
DA:19,0
DA:21,0
DA:27,0
DA:28,0
DA:31,0
DA:49,2
DA:52,2
LF:16
LH:3
BRDA:15,0,0,0
BRDA:15,0,1,0
BRDA:17,1,0,0
BRDA:17,1,1,0
BRDA:18,2,0,0
BRDA:18,2,1,0
BRDA:36,3,0,0
BRDA:36,3,1,0
BRF:8
BRH:0
end_of_record
TN:
SF:src/components/DashBoard/Subscribed/SubscribedUser.jsx
FN:3,(anonymous_0)
FNF:1
FNH:0
FNDA:0,(anonymous_0)
DA:3,2
DA:4,0
LF:2
LH:1
BRF:0
BRH:0
end_of_record
TN:
SF:src/components/Description/Description.jsx
FN:5,(anonymous_0)
FNF:1
FNH:1
FNDA:2,(anonymous_0)
DA:5,2
DA:6,2
LF:2
LH:2
BRF:0
BRH:0
end_of_record
TN:
SF:src/components/Description/StyledDescription.jsx
FNF:0
FNH:0
DA:4,2
DA:23,2
LF:2
LH:2
BRF:0
BRH:0
end_of_record
TN:
SF:src/components/FavotiteIcon/FavoriteIcon.jsx
FN:9,(anonymous_0)
FN:11,(anonymous_1)
FN:21,(anonymous_2)
FN:23,(anonymous_3)
FNF:4
FNH:2
FNDA:1,(anonymous_0)
FNDA:1,(anonymous_1)
FNDA:0,(anonymous_2)
FNDA:0,(anonymous_3)
DA:9,6
DA:11,6
DA:21,1
DA:23,1
DA:24,0
DA:29,1
DA:43,6
LF:7
LH:6
BRDA:24,0,0,0
BRDA:24,0,1,0
BRDA:37,1,0,1
BRDA:37,1,1,0
BRDA:37,2,0,1
BRDA:37,2,1,0
BRF:6
BRH:2
end_of_record
TN:
SF:src/components/FavotiteIcon/StylesFavoriteIcon.jsx
FN:10,(anonymous_0)
FN:22,(anonymous_1)
FNF:2
FNH:2
FNDA:1,(anonymous_0)
FNDA:1,(anonymous_1)
DA:4,6
DA:10,1
DA:22,1
LF:3
LH:3
BRDA:10,0,0,1
BRDA:10,0,1,0
BRDA:22,1,0,1
BRDA:22,1,1,1
BRDA:34,2,0,1
BRDA:34,2,1,0
BRF:6
BRH:4
end_of_record
TN:
SF:src/components/Footer/Footer.jsx
FN:15,(anonymous_0)
FN:21,(anonymous_1)
FNF:2
FNH:2
FNDA:1,(anonymous_0)
FNDA:3,(anonymous_1)
DA:15,2
DA:16,1
DA:22,3
LF:3
LH:3
BRF:0
BRH:0
end_of_record
TN:
SF:src/components/Footer/footer-components/FooterAdress.jsx
FN:7,(anonymous_0)
FNF:1
FNH:1
FNDA:1,(anonymous_0)
DA:7,2
DA:8,1
LF:2
LH:2
BRF:0
BRH:0
end_of_record
TN:
SF:src/components/Footer/footer-components/FooterCopyRight.jsx
FN:5,(anonymous_0)
FNF:1
FNH:1
FNDA:1,(anonymous_0)
DA:5,2
DA:6,1
LF:2
LH:2
BRF:0
BRH:0
end_of_record
TN:
SF:src/components/Footer/footer-components/FooterHeader.jsx
FN:5,(anonymous_0)
FNF:1
FNH:1
FNDA:1,(anonymous_0)
DA:5,2
DA:6,1
LF:2
LH:2
BRF:0
BRH:0
end_of_record
TN:
SF:src/components/Footer/footer-components/FooterLinks.jsx
FN:7,(anonymous_0)
FN:12,(anonymous_1)
FN:13,(anonymous_2)
FNF:3
FNH:2
FNDA:5,(anonymous_0)
FNDA:42,(anonymous_1)
FNDA:0,(anonymous_2)
DA:7,3
DA:8,5
DA:13,42
DA:22,3
LF:4
LH:4
BRF:0
BRH:0
end_of_record
TN:
SF:src/components/Footer/footer-components/FooterPayment.jsx
FN:4,(anonymous_0)
FNF:1
FNH:1
FNDA:1,(anonymous_0)
DA:4,2
DA:5,1
LF:2
LH:2
BRF:0
BRH:0
end_of_record
TN:
SF:src/components/Footer/footer-components/FooterSocialNetwork.jsx
FN:5,(anonymous_0)
FNF:1
FNH:1
FNDA:1,(anonymous_0)
DA:5,2
DA:6,1
LF:2
LH:2
BRF:0
BRH:0
end_of_record
TN:
SF:src/components/Footer/footer-components/FooterSubscribe.jsx
FN:9,(anonymous_0)
FN:12,(anonymous_1)
FNF:2
FNH:1
FNDA:1,(anonymous_0)
FNDA:0,(anonymous_1)
DA:9,2
DA:10,1
DA:12,1
DA:13,0
DA:16,0
DA:17,0
DA:19,1
LF:7
LH:4
BRF:0
BRH:0
end_of_record
TN:
SF:src/components/Footer/footer-components/footer-config/footerConfig.jsx
FNF:0
FNH:0
DA:1,2
LF:1
LH:1
BRF:0
BRH:0
end_of_record
TN:
SF:src/components/Footer/footer-components/footer-style-components/Styled.jsx
FNF:0
FNH:0
DA:6,3
DA:20,3
DA:23,3
DA:35,3
DA:47,3
DA:62,3
DA:102,3
DA:113,3
DA:125,3
DA:136,3
DA:148,3
DA:161,3
DA:172,3
DA:202,3
DA:216,3
DA:224,3
DA:235,3
DA:255,3
DA:274,3
DA:291,3
DA:305,3
DA:315,3
DA:321,3
LF:23
LH:23
BRF:0
BRH:0
end_of_record
TN:
SF:src/components/Header/Header.jsx
FN:30,(anonymous_0)
FN:37,(anonymous_1)
FN:39,(anonymous_2)
FN:42,(anonymous_3)
FN:43,(anonymous_4)
FN:45,(anonymous_5)
FN:46,(anonymous_6)
FN:49,(anonymous_7)
FN:50,(anonymous_8)
FN:51,(anonymous_9)
FN:139,(anonymous_10)
FNF:11
FNH:1
FNDA:2,(anonymous_0)
FNDA:0,(anonymous_1)
FNDA:0,(anonymous_2)
FNDA:0,(anonymous_3)
FNDA:0,(anonymous_4)
FNDA:0,(anonymous_5)
FNDA:0,(anonymous_6)
FNDA:0,(anonymous_7)
FNDA:0,(anonymous_8)
FNDA:0,(anonymous_9)
FNDA:0,(anonymous_10)
DA:30,2
DA:31,2
DA:32,2
DA:33,2
DA:34,2
DA:35,2
DA:37,2
DA:38,0
DA:39,0
DA:42,2
DA:43,0
DA:45,2
DA:46,0
DA:47,0
DA:49,2
DA:50,0
DA:51,0
DA:54,2
DA:139,0
LF:19
LH:11
BRDA:38,0,0,0
BRDA:38,0,1,0
BRDA:128,1,0,2
BRDA:128,1,1,0
BRF:4
BRH:1
end_of_record
TN:
SF:src/components/Header/HeaderStyled.jsx
FN:148,(anonymous_0)
FNF:1
FNH:1
FNDA:2,(anonymous_0)
DA:9,2
DA:19,2
DA:42,2
DA:46,2
DA:75,2
DA:101,2
DA:122,2
DA:139,2
DA:148,2
DA:153,2
DA:166,2
DA:175,2
DA:191,2
DA:201,2
DA:209,2
DA:230,2
DA:241,2
DA:252,2
DA:268,2
DA:276,2
DA:283,2
DA:297,2
LF:22
LH:22
BRDA:148,0,0,2
BRDA:148,0,1,2
BRF:2
BRH:2
end_of_record
TN:
SF:src/components/Header/CartIcon/CartIcon.jsx
FN:9,(anonymous_0)
FN:11,(anonymous_1)
FNF:2
FNH:2
FNDA:8,(anonymous_0)
FNDA:2,(anonymous_1)
DA:9,8
DA:11,2
DA:12,2
LF:3
LH:3
BRDA:15,0,0,0
BRDA:15,0,1,2
BRF:2
BRH:1
end_of_record
TN:
SF:src/components/Header/CartIcon/StyledCartIcon.jsx
FNF:0
FNH:0
DA:5,2
DA:9,2
DA:20,2
DA:37,2
LF:4
LH:4
BRF:0
BRH:0
end_of_record
TN:
SF:src/components/Header/PopUpList/PopUpList.jsx
FN:10,(anonymous_0)
FN:37,(anonymous_1)
FN:40,(anonymous_2)
FNF:3
FNH:1
FNDA:2,(anonymous_0)
FNDA:0,(anonymous_1)
FNDA:0,(anonymous_2)
DA:10,3
DA:16,2
DA:37,0
DA:40,0
DA:86,3
LF:5
LH:3
BRDA:23,0,0,0
BRDA:23,0,1,2
BRF:2
BRH:1
end_of_record
TN:
SF:src/components/Header/PopUpList/PopUpListStyled.jsx
FN:11,(anonymous_0)
FN:14,(anonymous_1)
FN:63,(anonymous_2)
FN:66,(anonymous_3)
FN:69,(anonymous_4)
FN:72,(anonymous_5)
FNF:6
FNH:6
FNDA:2,(anonymous_0)
FNDA:2,(anonymous_1)
FNDA:2,(anonymous_2)
FNDA:2,(anonymous_3)
FNDA:2,(anonymous_4)
FNDA:2,(anonymous_5)
DA:10,3
DA:11,2
DA:14,2
DA:63,2
DA:66,2
DA:69,2
DA:72,2
DA:78,3
DA:83,3
DA:91,3
DA:104,3
DA:114,3
DA:123,3
DA:128,3
DA:134,3
LF:15
LH:15
BRDA:11,0,0,2
BRDA:11,0,1,2
BRDA:14,1,0,2
BRDA:14,1,1,0
BRDA:63,2,0,2
BRDA:63,2,1,2
BRDA:66,3,0,2
BRDA:66,3,1,0
BRDA:69,4,0,2
BRDA:69,4,1,0
BRDA:72,5,0,2
BRDA:72,5,1,2
BRF:12
BRH:9
end_of_record
TN:
SF:src/components/Header/PopUpShadule/PopUpShedulteContainer.jsx
FN:13,(anonymous_0)
FN:14,(anonymous_1)
FN:15,(anonymous_2)
FN:17,(anonymous_3)
FN:22,(anonymous_4)
FN:36,(anonymous_5)
FN:36,(anonymous_6)
FNF:7
FNH:3
FNDA:3,(anonymous_0)
FNDA:3,(anonymous_1)
FNDA:1,(anonymous_2)
FNDA:0,(anonymous_3)
FNDA:0,(anonymous_4)
FNDA:0,(anonymous_5)
FNDA:0,(anonymous_6)
DA:13,3
DA:14,3
DA:15,3
DA:16,1
DA:17,0
DA:18,0
DA:20,1
DA:21,1
DA:22,1
DA:28,3
DA:36,0
DA:104,3
LF:12
LH:9
BRDA:16,0,0,0
BRDA:16,0,1,1
BRDA:20,1,0,1
BRDA:20,1,1,0
BRDA:21,2,0,1
BRDA:21,2,1,0
BRDA:33,3,0,1
BRDA:33,3,1,2
BRF:8
BRH:5
end_of_record
TN:
SF:src/components/Header/PopUpShadule/PopUpShedulteContainerStyled.jsx
FNF:0
FNH:0
DA:9,3
DA:28,3
DA:32,3
DA:41,3
DA:47,3
DA:52,3
DA:59,3
DA:79,3
DA:87,3
DA:93,3
DA:96,3
DA:103,3
LF:12
LH:12
BRF:0
BRH:0
end_of_record
TN:
SF:src/components/Header/SearchProducts/SearchProducts.jsx
FN:16,(anonymous_0)
FN:20,(anonymous_1)
FN:30,(anonymous_2)
FN:38,(anonymous_3)
FN:44,(anonymous_4)
FN:52,(anonymous_5)
FN:54,(anonymous_6)
FN:55,(anonymous_7)
FN:57,(anonymous_8)
FN:63,(anonymous_9)
FN:65,(anonymous_10)
FN:83,(anonymous_11)
FNF:12
FNH:5
FNDA:8,(anonymous_0)
FNDA:2,(anonymous_1)
FNDA:0,(anonymous_2)
FNDA:0,(anonymous_3)
FNDA:0,(anonymous_4)
FNDA:2,(anonymous_5)
FNDA:2,(anonymous_6)
FNDA:0,(anonymous_7)
FNDA:2,(anonymous_8)
FNDA:0,(anonymous_9)
FNDA:0,(anonymous_10)
FNDA:0,(anonymous_11)
DA:16,8
DA:20,2
DA:27,2
DA:28,2
DA:30,2
DA:31,0
DA:32,0
DA:33,0
DA:34,0
DA:35,0
DA:38,2
DA:39,0
DA:40,0
DA:41,0
DA:44,2
DA:45,0
DA:46,0
DA:50,2
DA:52,2
DA:54,2
DA:55,2
DA:56,2
DA:57,2
DA:60,2
DA:63,0
DA:65,0
DA:84,0
DA:108,2
LF:28
LH:15
BRDA:33,0,0,0
BRDA:33,0,1,0
BRDA:45,1,0,0
BRDA:45,1,1,0
BRDA:63,2,0,0
BRDA:63,2,1,0
BRDA:76,3,0,2
BRDA:76,3,1,0
BRDA:84,4,0,0
BRDA:84,4,1,0
BRDA:93,5,0,2
BRDA:93,5,1,0
BRF:12
BRH:2
end_of_record
TN:
SF:src/components/Header/SearchProducts/StyledSearchProducts.jsx
FNF:0
FNH:0
DA:4,2
DA:18,2
LF:2
LH:2
BRF:0
BRH:0
end_of_record
TN:
SF:src/components/Header/SearchProducts/Product/Product.jsx
FN:14,(anonymous_0)
FNF:1
FNH:0
FNDA:0,(anonymous_0)
DA:14,2
DA:15,0
DA:16,0
DA:18,0
DA:45,2
LF:5
LH:2
BRDA:37,0,0,0
BRDA:37,0,1,0
BRF:2
BRH:0
end_of_record
TN:
SF:src/components/Header/SearchProducts/Product/StyledProduct.jsx
FN:65,(anonymous_0)
FNF:1
FNH:0
FNDA:0,(anonymous_0)
DA:4,2
DA:13,2
DA:24,2
DA:36,2
DA:43,2
DA:55,2
DA:61,2
DA:65,0
LF:8
LH:7
BRDA:65,0,0,0
BRDA:65,0,1,0
BRF:2
BRH:0
end_of_record
TN:
SF:src/components/Header/UserPopUp/UserPopUp.jsx
FN:12,(anonymous_0)
FN:16,(anonymous_1)
FN:19,(anonymous_2)
FN:20,(anonymous_3)
FN:22,(anonymous_4)
FN:27,(anonymous_5)
FN:61,(anonymous_6)
FNF:7
FNH:4
FNDA:10,(anonymous_0)
FNDA:4,(anonymous_1)
FNDA:4,(anonymous_2)
FNDA:2,(anonymous_3)
FNDA:0,(anonymous_4)
FNDA:0,(anonymous_5)
FNDA:0,(anonymous_6)
DA:12,10
DA:16,3
DA:19,4
DA:20,4
DA:21,2
DA:22,0
DA:23,0
DA:25,2
DA:26,2
DA:27,2
DA:32,4
DA:61,0
DA:68,3
LF:13
LH:10
BRDA:21,0,0,0
BRDA:21,0,1,2
BRDA:25,1,0,2
BRDA:25,1,1,0
BRDA:26,2,0,2
BRDA:26,2,1,0
BRDA:37,3,0,2
BRDA:37,3,1,2
BRDA:40,4,0,0
BRDA:40,4,1,4
BRDA:45,5,0,4
BRDA:45,5,1,0
BRDA:51,6,0,0
BRDA:51,6,1,4
BRF:14
BRH:8
end_of_record
TN:
SF:src/components/Header/UserPopUp/UserPopUpStyled.jsx
FNF:0
FNH:0
DA:4,3
DA:10,3
DA:15,3
LF:3
LH:3
BRF:0
BRH:0
end_of_record
TN:
SF:src/components/Header/Utils/Animations.jsx
FNF:0
FNH:0
DA:1,4
DA:21,4
DA:46,4
LF:3
LH:3
BRF:0
BRH:0
end_of_record
TN:
SF:src/components/Header/Utils/LogoDesktop.jsx
FN:5,(anonymous_0)
FNF:1
FNH:1
FNDA:4,(anonymous_0)
DA:5,3
DA:6,4
DA:11,3
LF:3
LH:3
BRF:0
BRH:0
end_of_record
TN:
SF:src/components/Header/Utils/LogoMobile.jsx
FN:4,(anonymous_0)
FNF:1
FNH:1
FNDA:2,(anonymous_0)
DA:4,2
DA:5,2
DA:9,2
LF:3
LH:3
BRF:0
BRH:0
end_of_record
TN:
SF:src/components/Header/WishListComponent/StyledWishListComponent.jsx
FNF:0
FNH:0
DA:4,2
DA:13,2
DA:30,2
LF:3
LH:3
BRF:0
BRH:0
end_of_record
TN:
SF:src/components/Header/WishListComponent/WishListComponent.jsx
FN:8,(anonymous_0)
FN:10,(anonymous_1)
FN:14,(anonymous_2)
FNF:3
FNH:2
FNDA:8,(anonymous_0)
FNDA:3,(anonymous_1)
FNDA:0,(anonymous_2)
DA:8,8
DA:10,2
DA:11,3
DA:14,0
DA:33,2
LF:5
LH:4
BRDA:25,0,0,3
BRDA:25,0,1,0
BRF:2
BRH:1
end_of_record
TN:
SF:src/components/HomePage/HomePage.jsx
FN:10,(anonymous_0)
FN:11,(anonymous_1)
FNF:2
FNH:2
FNDA:2,(anonymous_0)
FNDA:2,(anonymous_1)
DA:10,2
DA:11,2
DA:12,2
DA:15,2
LF:4
LH:4
BRF:0
BRH:0
end_of_record
TN:
SF:src/components/LogIn/LogIn.jsx
FN:10,(anonymous_0)
FN:11,(anonymous_1)
FNF:2
FNH:0
FNDA:0,(anonymous_0)
FNDA:0,(anonymous_1)
DA:10,1
DA:11,0
DA:13,0
LF:3
LH:1
BRF:0
BRH:0
end_of_record
TN:
SF:src/components/LogIn/LogInStyled.jsx
FNF:0
FNH:0
DA:4,1
LF:1
LH:1
BRF:0
BRH:0
end_of_record
TN:
SF:src/components/LogIn/AuthForm/AuthForm.jsx
FN:23,(anonymous_0)
FN:38,(anonymous_1)
FN:62,(anonymous_2)
FNF:3
FNH:0
FNDA:0,(anonymous_0)
FNDA:0,(anonymous_1)
FNDA:0,(anonymous_2)
DA:16,1
DA:34,0
DA:35,0
DA:36,0
DA:38,0
DA:39,0
DA:41,0
DA:42,0
DA:43,0
DA:44,0
DA:45,0
DA:46,0
DA:48,0
DA:51,0
DA:52,0
DA:53,0
DA:56,0
DA:57,0
DA:58,0
DA:62,0
DA:63,0
DA:66,0
LF:22
LH:1
BRDA:41,0,0,0
BRDA:41,0,1,0
BRDA:48,1,0,0
BRDA:48,1,1,0
BRDA:51,2,0,0
BRDA:51,2,1,0
BRDA:56,3,0,0
BRDA:56,3,1,0
BRDA:79,4,0,0
BRDA:79,4,1,0
BRDA:96,5,0,0
BRDA:96,5,1,0
BRF:12
BRH:0
end_of_record
TN:
SF:src/components/LogIn/AuthForm/AuthFormStyled.jsx
FNF:0
FNH:0
DA:4,1
LF:1
LH:1
BRF:0
BRH:0
end_of_record
TN:
SF:src/components/LogIn/ContentWrapper/ContentWrapper.jsx
FN:5,(anonymous_0)
FNF:1
FNH:1
FNDA:1,(anonymous_0)
DA:5,2
DA:6,1
DA:13,2
LF:3
LH:3
BRF:0
BRH:0
end_of_record
TN:
SF:src/components/LogIn/ContentWrapper/ContentWrapperStyled.jsx
FNF:0
FNH:0
DA:4,2
DA:34,2
DA:41,2
LF:3
LH:3
BRF:0
BRH:0
end_of_record
TN:
SF:src/components/LogIn/ToSignUp/ToSignUp.jsx
FN:5,(anonymous_0)
FNF:1
FNH:0
FNDA:0,(anonymous_0)
DA:5,1
DA:6,0
LF:2
LH:1
BRF:0
BRH:0
end_of_record
TN:
SF:src/components/LogIn/ToSignUp/ToSignUpStyled.jsx
FNF:0
FNH:0
DA:4,1
DA:11,1
LF:2
LH:2
BRF:0
BRH:0
end_of_record
TN:
SF:src/components/NewProductsSlider/NewProductsSlider.jsx
FN:10,(anonymous_0)
FN:12,(anonymous_1)
FN:16,(anonymous_2)
FNF:3
FNH:2
FNDA:9,(anonymous_0)
FNDA:3,(anonymous_1)
FNDA:0,(anonymous_2)
DA:10,9
DA:12,3
DA:13,3
DA:17,0
LF:4
LH:3
BRF:0
BRH:0
end_of_record
TN:
SF:src/components/NewProductsSlider/StylesNewProductSlider.jsx
FNF:0
FNH:0
DA:3,3
LF:1
LH:1
BRF:0
BRH:0
end_of_record
TN:
SF:src/components/NewProductsSlider/carouselSettings.js
FNF:0
FNH:0
DA:1,3
LF:1
LH:1
BRF:0
BRH:0
end_of_record
TN:
SF:src/components/NewProductsSlider/SliderTitle/SliderTitle.jsx
FN:4,(anonymous_0)
FNF:1
FNH:1
FNDA:5,(anonymous_0)
DA:4,4
DA:5,5
LF:2
LH:2
BRF:0
BRH:0
end_of_record
TN:
SF:src/components/NewProductsSlider/SliderTitle/StylesSliderTItle.jsx
FNF:0
FNH:0
DA:5,4
DA:11,4
DA:21,4
LF:3
LH:3
BRF:0
BRH:0
end_of_record
TN:
SF:src/components/NoMatchPage/NoMatchPage.jsx
FN:5,(anonymous_0)
FN:13,(anonymous_1)
FNF:2
FNH:0
FNDA:0,(anonymous_0)
FNDA:0,(anonymous_1)
DA:5,1
DA:6,0
DA:7,0
DA:8,0
DA:13,0
LF:5
LH:1
BRF:0
BRH:0
end_of_record
TN:
SF:src/components/OnlyNotAuthRoute/OnlyNotAuthRoute.jsx
FN:7,(anonymous_0)
FN:9,(anonymous_1)
FNF:2
FNH:0
FNDA:0,(anonymous_0)
FNDA:0,(anonymous_1)
DA:7,1
DA:9,1
DA:10,0
LF:3
LH:2
BRDA:11,0,0,0
BRDA:11,0,1,0
BRF:2
BRH:0
end_of_record
TN:
SF:src/components/OrderPage/OrderPage.jsx
FN:12,(anonymous_0)
FN:13,(anonymous_1)
FN:19,(anonymous_2)
FN:22,(anonymous_3)
FN:62,(anonymous_4)
FNF:5
FNH:4
FNDA:3,(anonymous_0)
FNDA:3,(anonymous_1)
FNDA:1,(anonymous_2)
FNDA:1,(anonymous_3)
FNDA:0,(anonymous_4)
DA:12,2
DA:13,3
DA:14,3
DA:17,3
DA:19,3
DA:20,1
DA:22,3
DA:23,1
DA:25,3
DA:62,2
DA:66,2
DA:68,2
LF:12
LH:12
BRDA:40,0,0,1
BRDA:40,0,1,2
BRF:2
BRH:2
end_of_record
TN:
SF:src/components/OrderPage/OrderInfo/OrderInfo.jsx
FN:9,(anonymous_0)
FN:12,(anonymous_1)
FN:13,(anonymous_2)
FN:17,(anonymous_3)
FN:87,(anonymous_4)
FNF:5
FNH:4
FNDA:1,(anonymous_0)
FNDA:1,(anonymous_1)
FNDA:2,(anonymous_2)
FNDA:1,(anonymous_3)
FNDA:0,(anonymous_4)
DA:9,2
DA:10,1
DA:12,1
DA:13,2
DA:14,1
DA:17,1
DA:18,1
DA:68,1
DA:69,1
DA:70,1
DA:87,2
DA:93,2
DA:95,2
LF:13
LH:13
BRDA:69,0,0,0
BRDA:69,0,1,1
BRDA:69,1,0,1
BRDA:69,1,1,0
BRDA:72,2,0,0
BRDA:72,2,1,1
BRF:6
BRH:3
end_of_record
TN:
SF:src/components/OrderPage/OrderInfo/StyledOrderInfo.jsx
FNF:0
FNH:0
DA:4,2
LF:1
LH:1
BRF:0
BRH:0
end_of_record
TN:
SF:src/components/PrivateRoute/PrivateRoute.jsx
FN:7,(anonymous_0)
FN:9,(anonymous_1)
FNF:2
FNH:0
FNDA:0,(anonymous_0)
FNDA:0,(anonymous_1)
DA:7,0
DA:9,0
DA:10,0
LF:3
LH:0
BRDA:11,0,0,0
BRDA:11,0,1,0
BRF:2
BRH:0
end_of_record
TN:
SF:src/components/ProductCard/ProductCard.jsx
FN:34,(anonymous_0)
FN:103,(anonymous_1)
FNF:2
FNH:1
FNDA:1,(anonymous_0)
FNDA:0,(anonymous_1)
DA:34,5
DA:49,1
DA:51,1
DA:52,1
DA:53,1
DA:54,1
DA:56,1
DA:103,0
LF:8
LH:7
BRDA:80,0,0,1
BRDA:80,0,1,0
BRDA:90,1,0,1
BRDA:90,1,1,1
BRDA:99,2,0,1
BRDA:99,2,1,0
BRF:6
BRH:4
end_of_record
TN:
SF:src/components/ProductCard/StyledProductCard.js
FN:113,(anonymous_0)
FNF:1
FNH:1
FNDA:1,(anonymous_0)
DA:4,6
DA:27,6
DA:35,6
DA:41,6
DA:48,6
DA:59,6
DA:70,6
DA:85,6
DA:92,6
DA:97,6
DA:108,6
DA:113,1
LF:12
LH:12
BRDA:113,0,0,1
BRDA:113,0,1,1
BRF:2
BRH:2
end_of_record
TN:
SF:src/components/ProductCard/InStock/InStock.jsx
FN:4,(anonymous_0)
FNF:1
FNH:1
FNDA:2,(anonymous_0)
DA:4,6
DA:5,2
LF:2
LH:2
BRF:0
BRH:0
end_of_record
TN:
SF:src/components/ProductCard/InStock/StyledInStocke.js
FNF:0
FNH:0
DA:5,6
DA:10,6
DA:19,6
LF:3
LH:3
BRF:0
BRH:0
end_of_record
TN:
SF:src/components/ProductCard/ProductSoldOut/ProductSoldOut.jsx
FN:4,(anonymous_0)
FNF:1
FNH:1
FNDA:1,(anonymous_0)
DA:4,6
DA:5,1
LF:2
LH:2
BRF:0
BRH:0
end_of_record
TN:
SF:src/components/ProductCard/ProductSoldOut/StyledProductSoldOut.js
FNF:0
FNH:0
DA:5,6
DA:10,6
DA:22,6
LF:3
LH:3
BRF:0
BRH:0
end_of_record
TN:
SF:src/components/ProductPage/ProductPage.jsx
FN:29,(anonymous_0)
FN:30,(anonymous_1)
FN:39,(anonymous_2)
FN:40,(anonymous_3)
FN:42,(anonymous_4)
FN:47,(anonymous_5)
FN:60,(anonymous_6)
FN:111,(anonymous_7)
FNF:8
FNH:1
FNDA:1,(anonymous_0)
FNDA:0,(anonymous_1)
FNDA:0,(anonymous_2)
FNDA:0,(anonymous_3)
FNDA:0,(anonymous_4)
FNDA:0,(anonymous_5)
FNDA:0,(anonymous_6)
FNDA:0,(anonymous_7)
DA:29,2
DA:30,1
DA:31,0
DA:34,1
DA:35,1
DA:36,1
DA:37,1
DA:39,1
DA:40,0
DA:41,0
DA:42,0
DA:44,0
DA:45,0
DA:47,0
DA:49,0
DA:52,1
DA:54,0
DA:55,0
DA:61,0
DA:112,0
LF:20
LH:8
BRDA:42,0,0,0
BRDA:42,0,1,0
BRDA:52,1,0,1
BRDA:52,1,1,0
BRDA:70,2,0,0
BRDA:70,2,1,0
BRF:6
BRH:1
end_of_record
TN:
SF:src/components/ProductPage/StylesProductPage.jsx
FN:87,(anonymous_0)
FNF:1
FNH:0
FNDA:0,(anonymous_0)
DA:4,2
DA:13,2
DA:22,2
DA:37,2
DA:40,2
DA:45,2
DA:51,2
DA:65,2
DA:72,2
DA:83,2
DA:87,0
DA:97,2
DA:102,2
LF:13
LH:12
BRDA:87,0,0,0
BRDA:87,0,1,0
BRF:2
BRH:0
end_of_record
TN:
SF:src/components/ProductPage/CartGroup/CartGroup.jsx
FN:11,(anonymous_0)
FN:20,(anonymous_1)
FN:23,(anonymous_2)
FN:26,(anonymous_3)
FN:28,(anonymous_4)
FN:30,(anonymous_5)
FN:32,(anonymous_6)
FN:52,(anonymous_7)
FNF:8
FNH:1
FNDA:5,(anonymous_0)
FNDA:0,(anonymous_1)
FNDA:0,(anonymous_2)
FNDA:0,(anonymous_3)
FNDA:0,(anonymous_4)
FNDA:0,(anonymous_5)
FNDA:0,(anonymous_6)
FNDA:0,(anonymous_7)
DA:11,3
DA:19,5
DA:20,5
DA:21,0
DA:22,0
DA:23,0
DA:26,5
DA:27,0
DA:28,0
DA:30,5
DA:31,0
DA:32,0
DA:35,5
DA:36,5
DA:52,0
DA:71,3
LF:16
LH:8
BRDA:19,0,0,4
BRDA:19,0,1,1
BRDA:22,1,0,0
BRDA:22,1,1,0
BRDA:28,2,0,0
BRDA:28,2,1,0
BRDA:32,3,0,0
BRDA:32,3,1,0
BRDA:39,4,0,4
BRDA:39,4,1,1
BRDA:48,5,0,4
BRDA:48,5,1,1
BRF:12
BRH:6
end_of_record
TN:
SF:src/components/ProductPage/CartGroup/StylesCartGroup.jsx
FNF:0
FNH:0
DA:3,3
DA:8,3
DA:11,3
LF:3
LH:3
BRF:0
BRH:0
end_of_record
TN:
SF:src/components/ProductPage/CartGroup/InputGroup/InputGroup.jsx
FN:7,(anonymous_0)
FNF:1
FNH:1
FNDA:7,(anonymous_0)
DA:7,4
DA:10,7
DA:32,4
LF:3
LH:3
BRF:0
BRH:0
end_of_record
TN:
SF:src/components/ProductPage/CartGroup/InputGroup/StylesInputGroup.jsx
FNF:0
FNH:0
DA:3,4
DA:13,4
DA:24,4
DA:31,4
LF:4
LH:4
BRF:0
BRH:0
end_of_record
TN:
SF:src/components/ProductPage/ProductRate/ProductRate.jsx
FN:12,(anonymous_0)
FN:14,(anonymous_1)
FN:27,(anonymous_2)
FNF:3
FNH:0
FNDA:0,(anonymous_0)
FNDA:0,(anonymous_1)
FNDA:0,(anonymous_2)
DA:12,2
DA:14,2
DA:22,0
DA:24,0
DA:25,0
DA:27,0
DA:28,0
DA:30,0
DA:31,0
DA:32,0
DA:34,0
DA:35,0
DA:36,0
DA:37,0
DA:39,0
DA:40,0
DA:41,0
DA:44,0
DA:45,0
DA:46,0
DA:47,0
DA:49,0
DA:50,0
DA:51,0
DA:53,0
DA:55,0
LF:26
LH:2
BRDA:28,0,0,0
BRDA:28,0,1,0
BRDA:30,1,0,0
BRDA:30,1,1,0
BRDA:35,2,0,0
BRDA:35,2,1,0
BRDA:39,3,0,0
BRDA:39,3,1,0
BRDA:47,4,0,0
BRDA:47,4,1,0
BRDA:47,5,0,0
BRDA:47,5,1,0
BRF:12
BRH:0
end_of_record
TN:
SF:src/components/ProductPage/ProductRate/StylesProductRate.jsx
FNF:0
FNH:0
DA:3,2
DA:7,2
LF:2
LH:2
BRF:0
BRH:0
end_of_record
TN:
SF:src/components/ProductPage/ProductRate/utils/checkIsCustomerRateProduct.js
FN:3,(anonymous_0)
FN:8,(anonymous_1)
FNF:2
FNH:0
FNDA:0,(anonymous_0)
FNDA:0,(anonymous_1)
DA:3,2
DA:4,0
DA:5,0
DA:6,0
DA:8,0
DA:9,0
DA:10,0
DA:12,0
DA:13,0
LF:9
LH:1
BRDA:5,0,0,0
BRDA:5,0,1,0
BRDA:5,1,0,0
BRDA:5,1,1,0
BRDA:9,2,0,0
BRDA:9,2,1,0
BRF:6
BRH:0
end_of_record
TN:
SF:src/components/ProductPage/ProductRate/utils/getUpdatedProductTeamplate.js
FN:3,(anonymous_0)
FNF:1
FNH:0
FNDA:0,(anonymous_0)
DA:3,2
DA:4,0
DA:5,0
DA:7,0
DA:8,0
DA:10,0
DA:14,0
LF:7
LH:1
BRDA:5,0,0,0
BRDA:5,0,1,0
BRDA:5,1,0,0
BRDA:5,1,1,0
BRF:4
BRH:0
end_of_record
TN:
SF:src/components/ProductPage/utils/carouselSettings.js
FNF:0
FNH:0
DA:3,2
LF:1
LH:1
BRF:0
BRH:0
end_of_record
TN:
SF:src/components/ProductSubscribeModal/ProductSubscribeModal.jsx
FN:13,(anonymous_0)
FN:18,(anonymous_1)
FN:27,(anonymous_2)
FN:32,(anonymous_3)
FNF:4
FNH:2
FNDA:7,(anonymous_0)
FNDA:1,(anonymous_1)
FNDA:0,(anonymous_2)
FNDA:0,(anonymous_3)
DA:13,7
DA:18,1
DA:25,1
DA:27,1
DA:28,0
DA:29,0
DA:30,0
DA:32,1
DA:33,0
DA:34,0
DA:36,1
DA:43,1
LF:12
LH:7
BRF:0
BRH:0
end_of_record
TN:
SF:src/components/ProductsPreview/Catalog.jsx
FN:16,(anonymous_0)
FN:21,(anonymous_1)
FNF:2
FNH:2
FNDA:8,(anonymous_0)
FNDA:4,(anonymous_1)
DA:16,8
DA:21,2
DA:24,4
DA:26,4
LF:4
LH:4
BRDA:24,0,0,0
BRDA:24,0,1,4
BRF:2
BRH:1
end_of_record
TN:
SF:src/components/ProductsPreview/StyledCatalog.js
FNF:0
FNH:0
DA:6,2
DA:10,2
DA:14,2
LF:3
LH:3
BRF:0
BRH:0
end_of_record
TN:
SF:src/components/ProductsPreview/CatalogBillboard/CatalogBillboard.jsx
FN:9,(anonymous_0)
FN:19,(anonymous_1)
FNF:2
FNH:1
FNDA:16,(anonymous_0)
FNDA:0,(anonymous_1)
DA:9,2
DA:12,16
DA:14,16
DA:19,0
DA:29,2
LF:5
LH:4
BRF:0
BRH:0
end_of_record
TN:
SF:src/components/ProductsPreview/CatalogBillboard/StyledCatalogBillboard.js
FN:22,(anonymous_0)
FNF:1
FNH:1
FNDA:16,(anonymous_0)
DA:6,2
DA:22,16
DA:56,2
DA:76,2
LF:4
LH:4
BRF:0
BRH:0
end_of_record
TN:
SF:src/components/ProductsPreview/CatalogCardWrapper/MainCatalogCardWrapper.jsx
FN:7,(anonymous_0)
FN:10,(anonymous_1)
FNF:2
FNH:1
FNDA:16,(anonymous_0)
FNDA:0,(anonymous_1)
DA:7,2
DA:8,16
DA:11,0
DA:20,2
LF:4
LH:3
BRF:0
BRH:0
end_of_record
TN:
SF:src/components/ReviewSlider/ReviewSlider.jsx
FN:16,(anonymous_0)
FNF:1
FNH:1
FNDA:3,(anonymous_0)
DA:16,3
DA:17,3
DA:21,3
LF:3
LH:3
BRF:0
BRH:0
end_of_record
TN:
SF:src/components/ReviewSlider/StyledReviewSlider.js
FNF:0
FNH:0
DA:4,3
DA:23,3
DA:37,3
DA:54,3
DA:69,3
DA:87,3
DA:105,3
LF:7
LH:7
BRF:0
BRH:0
end_of_record
TN:
SF:src/components/Router/Router.jsx
FN:20,(anonymous_0)
FNF:1
FNH:1
FNDA:1,(anonymous_0)
DA:20,1
DA:21,1
LF:2
LH:2
BRF:0
BRH:0
end_of_record
TN:
SF:src/components/ServiceSection/ServiceSection.jsx
FN:12,(anonymous_0)
FNF:1
FNH:1
FNDA:2,(anonymous_0)
DA:12,2
DA:13,2
LF:2
LH:2
BRF:0
BRH:0
end_of_record
TN:
SF:src/components/ServiceSection/StyledServiceSection.js
FNF:0
FNH:0
DA:4,2
DA:13,2
DA:32,2
DA:51,2
DA:71,2
DA:85,2
DA:94,2
LF:7
LH:7
BRF:0
BRH:0
end_of_record
TN:
SF:src/components/StarRating/StarRating.jsx
FN:5,(anonymous_0)
FN:14,(anonymous_1)
FNF:2
FNH:2
FNDA:2,(anonymous_0)
FNDA:10,(anonymous_1)
DA:5,7
DA:6,2
DA:7,2
DA:9,2
DA:11,2
DA:15,10
DA:17,10
DA:26,7
LF:8
LH:8
BRDA:18,0,0,9
BRDA:18,0,1,1
BRF:2
BRH:2
end_of_record
TN:
SF:src/components/StarRating/StyledStarRating.js
FN:6,(anonymous_0)
FNF:1
FNH:1
FNDA:11,(anonymous_0)
DA:5,8
DA:6,11
LF:2
LH:2
BRF:0
BRH:0
end_of_record
TN:
SF:src/components/StarRating/Star/Star.jsx
FN:5,(anonymous_0)
FNF:1
FNH:1
FNDA:11,(anonymous_0)
DA:5,8
DA:6,11
DA:9,8
LF:3
LH:3
BRF:0
BRH:0
end_of_record
TN:
SF:src/components/StyledSpinner/StyledSpinner.js
FN:8,(anonymous_0)
FNF:1
FNH:1
FNDA:7,(anonymous_0)
DA:4,9
DA:8,7
LF:2
LH:2
BRDA:8,0,0,7
BRDA:8,0,1,1
BRF:2
BRH:2
end_of_record
TN:
SF:src/components/WishlistPage/StylesWishlistPage.jsx
FNF:0
FNH:0
DA:5,2
DA:23,2
LF:2
LH:2
BRF:0
BRH:0
end_of_record
TN:
SF:src/components/WishlistPage/WishlistPage.jsx
FN:11,(anonymous_0)
FN:19,(anonymous_1)
FN:23,(anonymous_2)
FN:28,(anonymous_3)
FNF:4
FNH:3
FNDA:1,(anonymous_0)
FNDA:1,(anonymous_1)
FNDA:1,(anonymous_2)
FNDA:0,(anonymous_3)
DA:11,2
DA:16,2
DA:23,1
DA:24,1
DA:26,1
DA:28,1
DA:29,1
LF:7
LH:7
BRDA:26,0,0,0
BRDA:26,0,1,1
BRDA:35,1,0,0
BRDA:35,1,1,1
BRF:4
BRH:2
end_of_record
TN:
SF:src/components/common/Container.jsx
FNF:0
FNH:0
DA:4,15
DA:18,15
LF:2
LH:2
BRF:0
BRH:0
end_of_record
TN:
SF:src/components/common/SliderArrowLeft.jsx
FN:10,(anonymous_0)
FNF:1
FNH:1
FNDA:10,(anonymous_0)
DA:6,7
DA:10,7
DA:11,10
DA:17,7
LF:4
LH:4
BRF:0
BRH:0
end_of_record
TN:
SF:src/components/common/SliderArrowRight.jsx
FN:10,(anonymous_0)
FNF:1
FNH:1
FNDA:10,(anonymous_0)
DA:6,7
DA:10,7
DA:11,10
DA:17,7
LF:4
LH:4
BRF:0
BRH:0
end_of_record
TN:
SF:src/components/common/SliderArrowTeamplate.jsx
FNF:0
FNH:0
DA:4,7
LF:1
LH:1
BRF:0
BRH:0
end_of_record
TN:
SF:src/components/common/Wrapper.jsx
FNF:0
FNH:0
DA:3,8
LF:1
LH:1
BRF:0
BRH:0
end_of_record
TN:
SF:src/components/common/Buttons/StyledButton.jsx
FN:23,(anonymous_0)
FN:27,(anonymous_1)
FN:32,(anonymous_2)
FN:36,(anonymous_3)
FN:41,(anonymous_4)
FN:46,(anonymous_5)
FN:49,(anonymous_6)
FN:52,(anonymous_7)
FN:55,(anonymous_8)
FN:58,(anonymous_9)
FN:64,(anonymous_10)
FN:67,(anonymous_11)
FN:70,(anonymous_12)
FN:73,(anonymous_13)
FN:82,(anonymous_14)
FN:86,(anonymous_15)
FN:90,(anonymous_16)
FN:93,(anonymous_17)
FN:96,(anonymous_18)
FNF:19
FNH:19
FNDA:50,(anonymous_0)
FNDA:50,(anonymous_1)
FNDA:50,(anonymous_2)
FNDA:50,(anonymous_3)
FNDA:50,(anonymous_4)
FNDA:50,(anonymous_5)
FNDA:50,(anonymous_6)
FNDA:50,(anonymous_7)
FNDA:50,(anonymous_8)
FNDA:50,(anonymous_9)
FNDA:50,(anonymous_10)
FNDA:50,(anonymous_11)
FNDA:50,(anonymous_12)
FNDA:50,(anonymous_13)
FNDA:50,(anonymous_14)
FNDA:50,(anonymous_15)
FNDA:50,(anonymous_16)
FNDA:50,(anonymous_17)
FNDA:50,(anonymous_18)
DA:6,19
DA:23,50
DA:27,50
DA:32,50
DA:36,50
DA:41,50
DA:46,50
DA:49,50
DA:52,50
DA:55,50
DA:58,50
DA:64,50
DA:67,50
DA:70,50
DA:73,50
DA:82,50
DA:86,50
DA:90,50
DA:93,50
DA:96,50
DA:104,19
LF:21
LH:21
BRDA:23,0,0,50
BRDA:23,0,1,11
BRDA:27,1,0,50
BRDA:27,1,1,10
BRDA:32,2,0,50
BRDA:32,2,1,6
BRDA:36,3,0,50
BRDA:36,3,1,3
BRDA:41,4,0,50
BRDA:41,4,1,0
BRDA:46,5,0,50
BRDA:46,5,1,10
BRDA:49,6,0,50
BRDA:49,6,1,16
BRDA:52,7,0,50
BRDA:52,7,1,3
BRDA:55,8,0,50
BRDA:55,8,1,5
BRDA:58,9,0,50
BRDA:58,9,1,8
BRDA:64,10,0,50
BRDA:64,10,1,10
BRDA:67,11,0,50
BRDA:67,11,1,16
BRDA:70,12,0,50
BRDA:70,12,1,3
BRDA:73,13,0,50
BRDA:73,13,1,5
BRDA:82,14,0,50
BRDA:82,14,1,10
BRDA:86,15,0,50
BRDA:86,15,1,16
BRDA:90,16,0,50
BRDA:90,16,1,3
BRDA:93,17,0,50
BRDA:93,17,1,5
BRDA:96,18,0,50
BRDA:96,18,1,8
BRF:38
BRH:37
end_of_record
TN:
SF:src/components/common/Heading/Heading.jsx
FNF:0
FNH:0
DA:4,7
LF:1
LH:1
BRF:0
BRH:0
end_of_record
TN:
SF:src/mocks/branches.js
FNF:0
FNH:0
DA:2,1
LF:1
LH:1
BRF:0
BRH:0
end_of_record
TN:
SF:src/mocks/cities.js
FNF:0
FNH:0
DA:2,2
DA:25,2
LF:2
LH:2
BRF:0
BRH:0
end_of_record
TN:
SF:src/mocks/matchMedia.mock.js
FN:2,(anonymous_0)
FN:4,(anonymous_1)
FNF:2
FNH:2
FNDA:29,(anonymous_0)
FNDA:159,(anonymous_1)
DA:2,29
DA:4,159
LF:2
LH:2
BRF:0
BRH:0
end_of_record
TN:
SF:src/mocks/order.js
FNF:0
FNH:0
DA:2,1
LF:1
LH:1
BRF:0
BRH:0
end_of_record
TN:
SF:src/mocks/products.js
FNF:0
FNH:0
DA:2,4
DA:38,4
LF:2
LH:2
BRF:0
BRH:0
end_of_record
TN:
SF:src/store/index.js
FNF:0
FNH:0
DA:17,17
DA:22,17
DA:24,17
DA:37,17
DA:38,17
LF:5
LH:5
BRF:0
BRH:0
end_of_record
TN:
SF:src/store/auth/actionCreator.js
FN:5,(anonymous_0)
FN:9,(anonymous_1)
FNF:2
FNH:0
FNDA:0,(anonymous_0)
FNDA:0,(anonymous_1)
DA:5,3
DA:9,3
LF:2
LH:2
BRF:0
BRH:0
end_of_record
TN:
SF:src/store/auth/actionType.js
FNF:0
FNH:0
DA:1,19
DA:2,19
LF:2
LH:2
BRF:0
BRH:0
end_of_record
TN:
SF:src/store/auth/middleware.js
FN:11,(anonymous_0)
FN:11,(anonymous_1)
FN:13,(anonymous_2)
FN:20,(anonymous_3)
FN:24,(anonymous_4)
FN:24,(anonymous_5)
FNF:6
FNH:0
FNDA:0,(anonymous_0)
FNDA:0,(anonymous_1)
FNDA:0,(anonymous_2)
FNDA:0,(anonymous_3)
FNDA:0,(anonymous_4)
FNDA:0,(anonymous_5)
DA:9,3
DA:11,3
DA:12,0
DA:14,0
DA:15,0
DA:16,0
DA:18,0
DA:20,0
DA:21,0
DA:24,3
DA:25,0
DA:26,0
DA:27,0
DA:28,0
DA:29,0
DA:30,0
DA:31,0
LF:17
LH:3
BRDA:14,0,0,0
BRDA:14,0,1,0
BRF:2
BRH:0
end_of_record
TN:
SF:src/store/auth/reducer.js
FN:7,(anonymous_0)
FN:13,(anonymous_1)
FNF:2
FNH:2
FNDA:10,(anonymous_0)
FNDA:92,(anonymous_1)
DA:5,19
DA:7,19
DA:9,19
DA:13,19
DA:14,92
DA:16,0
DA:21,0
DA:26,92
LF:8
LH:6
BRDA:13,0,0,51
BRDA:14,1,0,0
BRDA:14,1,1,0
BRDA:14,1,2,92
BRF:4
BRH:2
end_of_record
TN:
SF:src/store/authModal/actionCreator.js
FN:3,(anonymous_0)
FN:7,(anonymous_1)
FNF:2
FNH:0
FNDA:0,(anonymous_0)
FNDA:0,(anonymous_1)
DA:3,2
DA:7,2
LF:2
LH:2
BRF:0
BRH:0
end_of_record
TN:
SF:src/store/authModal/actionType.js
FNF:0
FNH:0
DA:1,17
DA:2,17
LF:2
LH:2
BRF:0
BRH:0
end_of_record
TN:
SF:src/store/authModal/middleware.js
FN:3,(anonymous_0)
FN:3,(anonymous_1)
FN:6,(anonymous_2)
FN:6,(anonymous_3)
FNF:4
FNH:0
FNDA:0,(anonymous_0)
FNDA:0,(anonymous_1)
FNDA:0,(anonymous_2)
FNDA:0,(anonymous_3)
DA:3,2
DA:4,0
DA:6,2
LF:3
LH:2
BRDA:3,0,0,0
BRF:1
BRH:0
end_of_record
TN:
SF:src/store/authModal/reducer.js
FN:4,(anonymous_0)
FN:5,(anonymous_1)
FN:12,(anonymous_2)
FNF:3
FNH:3
FNDA:7,(anonymous_0)
FNDA:7,(anonymous_1)
FNDA:91,(anonymous_2)
DA:3,17
DA:4,17
DA:5,17
DA:7,17
DA:12,17
DA:13,91
DA:15,0
DA:21,0
DA:27,91
LF:9
LH:7
BRDA:12,0,0,51
BRDA:13,1,0,0
BRDA:13,1,1,0
BRDA:13,1,2,91
BRF:4
BRH:2
end_of_record
TN:
SF:src/store/cart/actionCreator.js
FN:17,(anonymous_0)
FN:21,(anonymous_1)
FN:25,(anonymous_2)
FN:29,(anonymous_3)
FN:33,(anonymous_4)
FN:37,(anonymous_5)
FN:40,(anonymous_6)
FN:44,(anonymous_7)
FN:48,(anonymous_8)
FN:52,(anonymous_9)
FN:56,(anonymous_10)
FN:59,(anonymous_11)
FN:62,(anonymous_12)
FNF:13
FNH:1
FNDA:1,(anonymous_0)
FNDA:0,(anonymous_1)
FNDA:0,(anonymous_2)
FNDA:0,(anonymous_3)
FNDA:0,(anonymous_4)
FNDA:0,(anonymous_5)
FNDA:0,(anonymous_6)
FNDA:0,(anonymous_7)
FNDA:0,(anonymous_8)
FNDA:0,(anonymous_9)
FNDA:0,(anonymous_10)
FNDA:0,(anonymous_11)
FNDA:0,(anonymous_12)
DA:17,12
DA:21,12
DA:25,12
DA:29,12
DA:33,12
DA:37,12
DA:40,12
DA:44,12
DA:48,12
DA:52,12
DA:56,12
DA:59,12
DA:62,12
LF:13
LH:13
BRF:0
BRH:0
end_of_record
TN:
SF:src/store/cart/actionType.js
FNF:0
FNH:0
DA:1,23
DA:2,23
DA:3,23
DA:4,23
DA:5,23
DA:6,23
DA:7,23
DA:8,23
DA:9,23
DA:10,23
DA:11,23
DA:12,23
DA:13,23
DA:14,23
LF:14
LH:14
BRF:0
BRH:0
end_of_record
TN:
SF:src/store/cart/middleware.js
FN:26,(anonymous_0)
FN:26,(anonymous_1)
FN:32,(anonymous_2)
FN:34,(anonymous_3)
FN:64,(anonymous_4)
FN:68,(anonymous_5)
FN:76,(anonymous_6)
FN:76,(anonymous_7)
FN:81,(anonymous_8)
FN:86,(anonymous_9)
FN:92,(anonymous_10)
FN:92,(anonymous_11)
FN:97,(anonymous_12)
FN:100,(anonymous_13)
FN:106,(anonymous_14)
FN:106,(anonymous_15)
FN:111,(anonymous_16)
FN:114,(anonymous_17)
FN:120,(anonymous_18)
FN:120,(anonymous_19)
FN:125,(anonymous_20)
FN:128,(anonymous_21)
FN:134,(anonymous_22)
FN:134,(anonymous_23)
FN:139,(anonymous_24)
FN:142,(anonymous_25)
FN:149,(anonymous_26)
FN:149,(anonymous_27)
FN:159,(anonymous_28)
FN:160,(anonymous_29)
FN:166,(anonymous_30)
FN:169,(anonymous_31)
FN:169,(anonymous_32)
FN:192,(anonymous_33)
FN:195,(anonymous_34)
FN:198,(anonymous_35)
FN:200,(anonymous_36)
FN:228,(anonymous_37)
FN:233,(anonymous_38)
FN:234,(anonymous_39)
FN:239,(anonymous_40)
FN:243,(anonymous_41)
FN:247,(anonymous_42)
FN:251,(anonymous_43)
FN:251,(anonymous_44)
FN:257,(anonymous_45)
FN:258,(anonymous_46)
FN:268,(anonymous_47)
FN:274,(anonymous_48)
FN:280,(anonymous_49)
FNF:50
FNH:2
FNDA:0,(anonymous_0)
FNDA:0,(anonymous_1)
FNDA:0,(anonymous_2)
FNDA:0,(anonymous_3)
FNDA:0,(anonymous_4)
FNDA:0,(anonymous_5)
FNDA:1,(anonymous_6)
FNDA:1,(anonymous_7)
FNDA:0,(anonymous_8)
FNDA:0,(anonymous_9)
FNDA:0,(anonymous_10)
FNDA:0,(anonymous_11)
FNDA:0,(anonymous_12)
FNDA:0,(anonymous_13)
FNDA:0,(anonymous_14)
FNDA:0,(anonymous_15)
FNDA:0,(anonymous_16)
FNDA:0,(anonymous_17)
FNDA:0,(anonymous_18)
FNDA:0,(anonymous_19)
FNDA:0,(anonymous_20)
FNDA:0,(anonymous_21)
FNDA:0,(anonymous_22)
FNDA:0,(anonymous_23)
FNDA:0,(anonymous_24)
FNDA:0,(anonymous_25)
FNDA:0,(anonymous_26)
FNDA:0,(anonymous_27)
FNDA:0,(anonymous_28)
FNDA:0,(anonymous_29)
FNDA:0,(anonymous_30)
FNDA:0,(anonymous_31)
FNDA:0,(anonymous_32)
FNDA:0,(anonymous_33)
FNDA:0,(anonymous_34)
FNDA:0,(anonymous_35)
FNDA:0,(anonymous_36)
FNDA:0,(anonymous_37)
FNDA:0,(anonymous_38)
FNDA:0,(anonymous_39)
FNDA:0,(anonymous_40)
FNDA:0,(anonymous_41)
FNDA:0,(anonymous_42)
FNDA:0,(anonymous_43)
FNDA:0,(anonymous_44)
FNDA:0,(anonymous_45)
FNDA:0,(anonymous_46)
FNDA:0,(anonymous_47)
FNDA:0,(anonymous_48)
FNDA:0,(anonymous_49)
DA:24,12
DA:26,12
DA:27,0
DA:28,0
DA:29,0
DA:30,0
DA:32,0
DA:33,0
DA:34,0
DA:35,0
DA:36,0
DA:37,0
DA:38,0
DA:39,0
DA:44,0
DA:49,0
DA:51,0
DA:53,0
DA:61,0
DA:62,0
DA:63,0
DA:65,0
DA:66,0
DA:68,0
DA:70,0
DA:71,0
DA:72,0
DA:76,12
DA:77,1
DA:78,1
DA:79,0
DA:80,0
DA:82,0
DA:83,0
DA:86,0
DA:88,1
DA:92,12
DA:93,0
DA:94,0
DA:95,0
DA:96,0
DA:98,0
DA:100,0
DA:102,0
DA:106,12
DA:107,0
DA:108,0
DA:109,0
DA:110,0
DA:112,0
DA:114,0
DA:116,0
DA:120,12
DA:121,0
DA:122,0
DA:123,0
DA:124,0
DA:126,0
DA:128,0
DA:130,0
DA:134,12
DA:135,0
DA:136,0
DA:137,0
DA:138,0
DA:140,0
DA:142,0
DA:144,0
DA:145,0
DA:149,12
DA:150,0
DA:160,0
DA:164,0
DA:166,0
DA:169,12
DA:170,0
DA:193,0
DA:195,0
DA:198,12
DA:200,0
DA:201,0
DA:202,0
DA:203,0
DA:204,0
DA:220,0
DA:221,0
DA:223,0
DA:226,0
DA:229,0
DA:230,0
DA:231,0
DA:233,0
DA:235,0
DA:239,12
DA:240,0
DA:241,0
DA:242,0
DA:244,0
DA:245,0
DA:247,0
DA:248,0
DA:251,12
DA:252,0
DA:253,0
DA:254,0
DA:255,0
DA:257,0
DA:258,0
DA:259,0
DA:260,0
DA:262,0
DA:268,0
DA:272,0
DA:273,0
DA:275,0
DA:276,0
DA:277,0
DA:280,0
LF:118
LH:15
BRDA:33,0,0,0
BRDA:33,0,1,0
BRDA:35,1,0,0
BRDA:35,1,1,0
BRDA:36,2,0,0
BRDA:36,2,1,0
BRDA:61,3,0,0
BRDA:61,3,1,0
BRDA:66,4,0,0
BRDA:66,4,1,0
BRDA:72,5,0,0
BRDA:72,5,1,0
BRDA:78,6,0,0
BRDA:78,6,1,1
BRDA:82,7,0,0
BRDA:82,7,1,0
BRDA:94,8,0,0
BRDA:94,8,1,0
BRDA:108,9,0,0
BRDA:108,9,1,0
BRDA:122,10,0,0
BRDA:122,10,1,0
BRDA:136,11,0,0
BRDA:136,11,1,0
BRDA:220,12,0,0
BRDA:220,12,1,0
BRDA:245,13,0,0
BRDA:245,13,1,0
BRDA:245,14,0,0
BRDA:245,14,1,0
BRDA:252,15,0,0
BRDA:252,15,1,0
BRDA:254,16,0,0
BRDA:254,16,1,0
BRDA:254,17,0,0
BRDA:254,17,1,0
BRDA:259,18,0,0
BRDA:259,18,1,0
BRDA:275,19,0,0
BRDA:275,19,1,0
BRF:40
BRH:1
end_of_record
TN:
SF:src/store/cart/reducer.js
FN:19,(anonymous_0)
FN:20,(anonymous_1)
FN:21,(anonymous_2)
FN:22,(anonymous_3)
FN:23,(anonymous_4)
FN:24,(anonymous_5)
FN:25,(anonymous_6)
FN:26,(anonymous_7)
FN:27,(anonymous_8)
FN:62,(anonymous_9)
FN:63,(anonymous_10)
FN:64,(anonymous_11)
FN:67,(anonymous_12)
FN:68,(anonymous_13)
FNF:14
FNH:4
FNDA:0,(anonymous_0)
FNDA:8,(anonymous_1)
FNDA:0,(anonymous_2)
FNDA:0,(anonymous_3)
FNDA:0,(anonymous_4)
FNDA:0,(anonymous_5)
FNDA:0,(anonymous_6)
FNDA:0,(anonymous_7)
FNDA:0,(anonymous_8)
FNDA:92,(anonymous_9)
FNDA:1,(anonymous_10)
FNDA:0,(anonymous_11)
FNDA:1,(anonymous_12)
FNDA:0,(anonymous_13)
DA:18,22
DA:19,22
DA:20,22
DA:21,22
DA:22,22
DA:23,22
DA:24,22
DA:25,22
DA:26,22
DA:27,22
DA:29,22
DA:62,22
DA:63,92
DA:64,0
DA:67,92
DA:68,0
DA:72,92
DA:76,0
DA:84,1
DA:92,0
DA:97,0
DA:103,0
DA:108,0
DA:113,0
DA:118,0
DA:126,0
DA:131,2
DA:136,2
DA:141,87
LF:29
LH:19
BRDA:62,0,0,51
BRDA:72,1,0,0
BRDA:72,1,1,0
BRDA:72,1,2,0
BRDA:72,1,3,0
BRDA:72,1,4,1
BRDA:72,1,5,0
BRDA:72,1,6,0
BRDA:72,1,7,0
BRDA:72,1,8,0
BRDA:72,1,9,0
BRDA:72,1,10,0
BRDA:72,1,11,0
BRDA:72,1,12,2
BRDA:72,1,13,2
BRDA:72,1,14,87
BRDA:87,2,0,1
BRDA:87,2,1,1
BRF:18
BRH:7
end_of_record
TN:
SF:src/store/catalog/actionCreator.js
FN:12,(anonymous_0)
FN:17,(anonymous_1)
FN:22,(anonymous_2)
FN:26,(anonymous_3)
FN:31,(anonymous_4)
FN:35,(anonymous_5)
FN:40,(anonymous_6)
FN:44,(anonymous_7)
FNF:8
FNH:0
FNDA:0,(anonymous_0)
FNDA:0,(anonymous_1)
FNDA:0,(anonymous_2)
FNDA:0,(anonymous_3)
FNDA:0,(anonymous_4)
FNDA:0,(anonymous_5)
FNDA:0,(anonymous_6)
FNDA:0,(anonymous_7)
DA:12,2
DA:17,2
DA:22,2
DA:26,2
DA:31,2
DA:35,2
DA:40,2
DA:44,2
LF:8
LH:8
BRF:0
BRH:0
end_of_record
TN:
SF:src/store/catalog/actionType.js
FNF:0
FNH:0
DA:1,17
DA:2,17
DA:3,17
DA:4,17
DA:5,17
DA:6,17
DA:7,17
DA:8,17
LF:8
LH:8
BRF:0
BRH:0
end_of_record
TN:
SF:src/store/catalog/middleware.js
FN:17,(anonymous_0)
FN:17,(anonymous_1)
FN:21,(anonymous_2)
FN:24,(anonymous_3)
FN:35,(anonymous_4)
FN:43,(anonymous_5)
FN:43,(anonymous_6)
FN:46,(anonymous_7)
FN:49,(anonymous_8)
FN:52,(anonymous_9)
FN:52,(anonymous_10)
FN:54,(anonymous_11)
FN:57,(anonymous_12)
FN:68,(anonymous_13)
FNF:14
FNH:0
FNDA:0,(anonymous_0)
FNDA:0,(anonymous_1)
FNDA:0,(anonymous_2)
FNDA:0,(anonymous_3)
FNDA:0,(anonymous_4)
FNDA:0,(anonymous_5)
FNDA:0,(anonymous_6)
FNDA:0,(anonymous_7)
FNDA:0,(anonymous_8)
FNDA:0,(anonymous_9)
FNDA:0,(anonymous_10)
FNDA:0,(anonymous_11)
FNDA:0,(anonymous_12)
FNDA:0,(anonymous_13)
DA:15,2
DA:17,2
DA:18,0
DA:19,0
DA:20,0
DA:22,0
DA:23,0
DA:24,0
DA:25,0
DA:26,0
DA:27,0
DA:29,0
DA:30,0
DA:31,0
DA:33,0
DA:36,0
DA:37,0
DA:38,0
DA:40,0
DA:43,2
DA:44,0
DA:47,0
DA:49,0
DA:52,2
DA:53,0
DA:55,0
DA:56,0
DA:57,0
DA:58,0
DA:59,0
DA:61,0
DA:62,0
DA:65,0
DA:68,0
LF:34
LH:4
BRDA:22,0,0,0
BRDA:22,0,1,0
BRDA:25,1,0,0
BRDA:25,1,1,0
BRDA:55,2,0,0
BRDA:55,2,1,0
BRDA:58,3,0,0
BRDA:58,3,1,0
BRDA:61,4,0,0
BRDA:61,4,1,0
BRF:10
BRH:0
end_of_record
TN:
SF:src/store/catalog/reducer.js
FN:14,(anonymous_0)
FN:15,(anonymous_1)
FN:16,(anonymous_2)
FN:17,(anonymous_3)
FN:18,(anonymous_4)
FN:28,(anonymous_5)
FNF:6
FNH:3
FNDA:4,(anonymous_0)
FNDA:0,(anonymous_1)
FNDA:0,(anonymous_2)
FNDA:0,(anonymous_3)
FNDA:8,(anonymous_4)
FNDA:91,(anonymous_5)
DA:12,17
DA:14,17
DA:15,17
DA:16,17
DA:17,17
DA:18,17
DA:20,17
DA:28,17
DA:29,91
DA:32,4
DA:37,0
DA:42,0
DA:47,0
DA:52,0
DA:57,0
DA:62,0
DA:67,87
LF:17
LH:11
BRDA:28,0,0,51
BRDA:29,1,0,2
BRDA:29,1,1,4
BRDA:29,1,2,0
BRDA:29,1,3,0
BRDA:29,1,4,0
BRDA:29,1,5,0
BRDA:29,1,6,0
BRDA:29,1,7,0
BRDA:29,1,8,87
BRF:10
BRH:4
end_of_record
TN:
SF:src/store/customer/actionCreator.jsx
FN:6,(anonymous_0)
FN:11,(anonymous_1)
FN:16,(anonymous_2)
FN:20,(anonymous_3)
FN:23,(anonymous_4)
FNF:5
FNH:0
FNDA:0,(anonymous_0)
FNDA:0,(anonymous_1)
FNDA:0,(anonymous_2)
FNDA:0,(anonymous_3)
FNDA:0,(anonymous_4)
DA:6,18
DA:11,18
DA:16,18
DA:20,18
DA:23,18
LF:5
LH:5
BRF:0
BRH:0
end_of_record
TN:
SF:src/store/customer/actionType.jsx
FNF:0
FNH:0
DA:1,23
DA:2,23
DA:3,23
DA:4,23
DA:5,23
LF:5
LH:5
BRF:0
BRH:0
end_of_record
TN:
SF:src/store/customer/middleware.js
FN:11,(anonymous_0)
FN:13,(anonymous_1)
FN:19,(anonymous_2)
FN:27,(anonymous_3)
FN:30,(anonymous_4)
FN:40,(anonymous_5)
FN:49,(anonymous_6)
FN:49,(anonymous_7)
FN:55,(anonymous_8)
FN:60,(anonymous_9)
FN:61,(anonymous_10)
FN:67,(anonymous_11)
FN:67,(anonymous_12)
FN:70,(anonymous_13)
FN:78,(anonymous_14)
FN:81,(anonymous_15)
FN:81,(anonymous_16)
FN:87,(anonymous_17)
FN:92,(anonymous_18)
FN:93,(anonymous_19)
FNF:20
FNH:4
FNDA:0,(anonymous_0)
FNDA:0,(anonymous_1)
FNDA:0,(anonymous_2)
FNDA:0,(anonymous_3)
FNDA:0,(anonymous_4)
FNDA:0,(anonymous_5)
FNDA:1,(anonymous_6)
FNDA:1,(anonymous_7)
FNDA:0,(anonymous_8)
FNDA:0,(anonymous_9)
FNDA:0,(anonymous_10)
FNDA:0,(anonymous_11)
FNDA:0,(anonymous_12)
FNDA:0,(anonymous_13)
FNDA:0,(anonymous_14)
FNDA:1,(anonymous_15)
FNDA:1,(anonymous_16)
FNDA:0,(anonymous_17)
FNDA:0,(anonymous_18)
FNDA:0,(anonymous_19)
DA:8,18
DA:9,18
DA:11,18
DA:12,0
DA:14,0
DA:15,0
DA:16,0
DA:20,0
DA:21,0
DA:22,0
DA:27,18
DA:28,0
DA:29,0
DA:31,0
DA:32,0
DA:33,0
DA:35,0
DA:36,0
DA:41,0
DA:42,0
DA:43,0
DA:46,0
DA:49,18
DA:50,1
DA:51,1
DA:52,0
DA:53,0
DA:54,0
DA:56,0
DA:57,0
DA:60,0
DA:62,0
DA:67,18
DA:68,0
DA:69,0
DA:71,0
DA:72,0
DA:73,0
DA:74,0
DA:78,0
DA:81,18
DA:82,1
DA:83,1
DA:84,0
DA:85,0
DA:86,0
DA:88,0
DA:89,0
DA:92,0
DA:94,0
LF:50
LH:11
BRDA:14,0,0,0
BRDA:14,0,1,0
BRDA:21,1,0,0
BRDA:21,1,1,0
BRDA:31,2,0,0
BRDA:31,2,1,0
BRDA:32,3,0,0
BRDA:32,3,1,0
BRDA:35,4,0,0
BRDA:35,4,1,0
BRDA:41,5,0,0
BRDA:41,5,1,0
BRDA:51,6,0,0
BRDA:51,6,1,1
BRDA:56,7,0,0
BRDA:56,7,1,0
BRDA:71,8,0,0
BRDA:71,8,1,0
BRDA:73,9,0,0
BRDA:73,9,1,0
BRDA:83,10,0,0
BRDA:83,10,1,1
BRDA:88,11,0,0
BRDA:88,11,1,0
BRF:24
BRH:2
end_of_record
TN:
SF:src/store/customer/reducer.jsx
FN:7,(anonymous_0)
FN:8,(anonymous_1)
FN:9,(anonymous_2)
FN:17,(anonymous_3)
FNF:4
FNH:2
FNDA:7,(anonymous_0)
FNDA:0,(anonymous_1)
FNDA:0,(anonymous_2)
FNDA:91,(anonymous_3)
DA:6,17
DA:7,17
DA:8,17
DA:9,17
DA:11,17
DA:17,17
DA:18,91
DA:20,0
DA:26,0
DA:32,0
DA:39,2
DA:45,2
DA:51,87
LF:13
LH:10
BRDA:17,0,0,51
BRDA:18,1,0,0
BRDA:18,1,1,0
BRDA:18,1,2,0
BRDA:18,1,3,2
BRDA:18,1,4,2
BRDA:18,1,5,87
BRF:7
BRH:4
end_of_record
TN:
SF:src/store/dashBoardModal/actionCreator.js
FN:3,(anonymous_0)
FN:8,(anonymous_1)
FNF:2
FNH:0
FNDA:0,(anonymous_0)
FNDA:0,(anonymous_1)
DA:3,4
DA:8,4
LF:2
LH:2
BRF:0
BRH:0
end_of_record
TN:
SF:src/store/dashBoardModal/actionType.js
FNF:0
FNH:0
DA:1,17
DA:2,17
LF:2
LH:2
BRF:0
BRH:0
end_of_record
TN:
SF:src/store/dashBoardModal/middleware.js
FN:3,(anonymous_0)
FN:3,(anonymous_1)
FN:6,(anonymous_2)
FN:6,(anonymous_3)
FNF:4
FNH:0
FNDA:0,(anonymous_0)
FNDA:0,(anonymous_1)
FNDA:0,(anonymous_2)
FNDA:0,(anonymous_3)
DA:3,4
DA:4,0
DA:6,4
DA:7,0
LF:4
LH:2
BRF:0
BRH:0
end_of_record
TN:
SF:src/store/dashBoardModal/reducer.js
FN:4,(anonymous_0)
FN:11,(anonymous_1)
FNF:2
FNH:1
FNDA:0,(anonymous_0)
FNDA:91,(anonymous_1)
DA:3,17
DA:4,17
DA:6,17
DA:11,17
DA:12,91
DA:14,0
DA:20,0
DA:27,91
LF:8
LH:6
BRDA:11,0,0,51
BRDA:12,1,0,0
BRDA:12,1,1,0
BRDA:12,1,2,91
BRF:4
BRH:2
end_of_record
TN:
SF:src/store/products/actionCreator.js
FN:8,(anonymous_0)
FN:13,(anonymous_1)
FN:18,(anonymous_2)
FN:22,(anonymous_3)
FNF:4
FNH:1
FNDA:0,(anonymous_0)
FNDA:0,(anonymous_1)
FNDA:0,(anonymous_2)
FNDA:1,(anonymous_3)
DA:8,2
DA:13,2
DA:18,2
DA:22,2
LF:4
LH:4
BRF:0
BRH:0
end_of_record
TN:
SF:src/store/products/actionType.js
FNF:0
FNH:0
DA:1,17
DA:2,17
DA:3,17
DA:4,17
LF:4
LH:4
BRF:0
BRH:0
end_of_record
TN:
SF:src/store/products/middleware.js
FN:11,(anonymous_0)
FN:11,(anonymous_1)
FN:13,(anonymous_2)
FN:18,(anonymous_3)
FN:21,(anonymous_4)
FN:21,(anonymous_5)
FN:24,(anonymous_6)
FN:30,(anonymous_7)
FN:34,(anonymous_8)
FN:34,(anonymous_9)
FN:37,(anonymous_10)
FN:43,(anonymous_11)
FN:48,(anonymous_12)
FN:50,(anonymous_13)
FN:51,(anonymous_14)
FN:55,(anonymous_15)
FN:55,(anonymous_16)
FN:57,(anonymous_17)
FN:64,(anonymous_18)
FN:68,(anonymous_19)
FNF:20
FNH:5
FNDA:0,(anonymous_0)
FNDA:0,(anonymous_1)
FNDA:0,(anonymous_2)
FNDA:0,(anonymous_3)
FNDA:0,(anonymous_4)
FNDA:0,(anonymous_5)
FNDA:0,(anonymous_6)
FNDA:0,(anonymous_7)
FNDA:0,(anonymous_8)
FNDA:0,(anonymous_9)
FNDA:0,(anonymous_10)
FNDA:0,(anonymous_11)
FNDA:0,(anonymous_12)
FNDA:0,(anonymous_13)
FNDA:0,(anonymous_14)
FNDA:1,(anonymous_15)
FNDA:1,(anonymous_16)
FNDA:1,(anonymous_17)
FNDA:1,(anonymous_18)
FNDA:1,(anonymous_19)
DA:9,2
DA:11,2
DA:12,0
DA:14,0
DA:15,0
DA:18,0
DA:21,2
DA:22,0
DA:23,0
DA:25,0
DA:26,0
DA:28,0
DA:30,0
DA:31,0
DA:34,2
DA:35,0
DA:36,0
DA:38,0
DA:39,0
DA:41,0
DA:43,0
DA:45,0
DA:48,2
DA:49,0
DA:50,0
DA:51,0
DA:52,0
DA:55,2
DA:56,1
DA:57,1
DA:58,1
DA:59,1
DA:61,0
DA:63,1
DA:65,1
DA:66,0
DA:68,1
DA:69,1
LF:38
LH:14
BRDA:14,0,0,0
BRDA:14,0,1,0
BRDA:25,1,0,0
BRDA:25,1,1,0
BRDA:38,2,0,0
BRDA:38,2,1,0
BRDA:58,3,0,1
BRDA:58,3,1,0
BRDA:65,4,0,1
BRDA:65,4,1,0
BRF:10
BRH:2
end_of_record
TN:
SF:src/store/products/reducer.js
FN:17,(anonymous_0)
FN:34,(anonymous_1)
FNF:2
FNH:1
FNDA:92,(anonymous_0)
FNDA:0,(anonymous_1)
DA:9,17
DA:11,17
DA:17,17
DA:18,92
DA:20,0
DA:26,0
DA:32,0
DA:34,0
DA:38,1
DA:43,91
LF:10
LH:6
BRDA:17,0,0,51
BRDA:18,1,0,0
BRDA:18,1,1,0
BRDA:18,1,2,0
BRDA:18,1,3,1
BRDA:18,1,4,91
BRDA:34,2,0,0
BRDA:34,2,1,0
BRF:8
BRH:3
end_of_record
TN:
SF:src/store/productsPreview/actionCreator.js
FN:11,(anonymous_0)
FN:19,(anonymous_1)
FN:20,(anonymous_2)
FN:28,(anonymous_3)
FN:29,(anonymous_4)
FNF:5
FNH:2
FNDA:0,(anonymous_0)
FNDA:0,(anonymous_1)
FNDA:0,(anonymous_2)
FNDA:1,(anonymous_3)
FNDA:1,(anonymous_4)
DA:11,1
DA:17,0
DA:19,0
DA:20,0
DA:21,0
DA:22,0
DA:23,0
DA:24,0
DA:28,1
DA:29,1
LF:10
LH:3
BRF:0
BRH:0
end_of_record
TN:
SF:src/store/productsPreview/actionTypes.js
FNF:0
FNH:0
DA:1,17
DA:2,17
DA:3,17
DA:4,17
DA:5,17
DA:6,17
LF:6
LH:6
BRF:0
BRH:0
end_of_record
TN:
SF:src/store/productsPreview/middleware.js
FN:5,(anonymous_0)
FN:5,(anonymous_1)
FN:8,(anonymous_2)
FN:14,(anonymous_3)
FN:64,(anonymous_4)
FN:65,(anonymous_5)
FNF:6
FNH:5
FNDA:1,(anonymous_0)
FNDA:1,(anonymous_1)
FNDA:1,(anonymous_2)
FNDA:0,(anonymous_3)
FNDA:1,(anonymous_4)
FNDA:1,(anonymous_5)
DA:5,1
DA:6,1
DA:7,1
DA:9,1
DA:10,1
DA:11,1
DA:12,1
DA:14,1
DA:15,0
DA:17,0
DA:21,0
DA:22,0
DA:25,0
DA:29,0
DA:30,0
DA:33,0
DA:37,0
DA:38,0
DA:41,0
DA:45,0
DA:46,0
DA:49,0
DA:52,0
DA:55,0
DA:62,0
DA:64,1
DA:66,1
LF:27
LH:10
BRDA:15,0,0,0
BRDA:15,0,1,0
BRDA:15,0,2,0
BRDA:15,0,3,0
BRDA:15,0,4,0
BRDA:17,1,0,0
BRDA:17,1,1,0
BRDA:18,2,0,0
BRDA:18,2,1,0
BRDA:18,2,2,0
BRDA:25,3,0,0
BRDA:25,3,1,0
BRDA:26,4,0,0
BRDA:26,4,1,0
BRDA:26,4,2,0
BRDA:33,5,0,0
BRDA:33,5,1,0
BRDA:34,6,0,0
BRDA:34,6,1,0
BRDA:34,6,2,0
BRDA:41,7,0,0
BRDA:41,7,1,0
BRDA:42,8,0,0
BRDA:42,8,1,0
BRDA:42,8,2,0
BRF:25
BRH:0
end_of_record
TN:
SF:src/store/productsPreview/reducer.js
FN:11,(anonymous_0)
FN:12,(anonymous_1)
FN:22,(anonymous_2)
FNF:3
FNH:3
FNDA:8,(anonymous_0)
FNDA:8,(anonymous_1)
FNDA:91,(anonymous_2)
DA:10,17
DA:11,17
DA:12,17
DA:14,17
DA:22,17
DA:23,91
DA:25,0
DA:31,0
DA:37,0
DA:43,0
DA:48,2
DA:53,2
DA:58,87
LF:13
LH:9
BRDA:22,0,0,51
BRDA:23,1,0,0
BRDA:23,1,1,0
BRDA:23,1,2,0
BRDA:23,1,3,0
BRDA:23,1,4,2
BRDA:23,1,5,2
BRDA:23,1,6,87
BRF:8
BRH:4
end_of_record
TN:
SF:src/store/subscriceOnProductModal/actionCreator.js
FN:3,(anonymous_0)
FN:4,(anonymous_1)
FNF:2
FNH:0
FNDA:0,(anonymous_0)
FNDA:0,(anonymous_1)
DA:3,7
DA:4,7
LF:2
LH:2
BRF:0
BRH:0
end_of_record
TN:
SF:src/store/subscriceOnProductModal/actionType.js
FNF:0
FNH:0
DA:1,17
DA:2,17
LF:2
LH:2
BRF:0
BRH:0
end_of_record
TN:
SF:src/store/subscriceOnProductModal/middleware.js
FN:3,(anonymous_0)
FN:3,(anonymous_1)
FN:4,(anonymous_2)
FN:4,(anonymous_3)
FNF:4
FNH:0
FNDA:0,(anonymous_0)
FNDA:0,(anonymous_1)
FNDA:0,(anonymous_2)
FNDA:0,(anonymous_3)
DA:3,7
DA:4,7
LF:2
LH:2
BRF:0
BRH:0
end_of_record
TN:
SF:src/store/subscriceOnProductModal/reducer.js
FN:4,(anonymous_0)
FN:10,(anonymous_1)
FNF:2
FNH:2
FNDA:7,(anonymous_0)
FNDA:91,(anonymous_1)
DA:3,17
DA:4,17
DA:6,17
DA:10,17
DA:11,91
DA:13,0
DA:18,0
DA:23,91
LF:8
LH:6
BRDA:10,0,0,51
BRDA:11,1,0,0
BRDA:11,1,1,0
BRDA:11,1,2,91
BRF:4
BRH:2
end_of_record
TN:
SF:src/store/subscriptions/middleware.js
FN:7,(anonymous_0)
FN:9,(anonymous_1)
FN:14,(anonymous_2)
FN:23,(anonymous_3)
FN:27,(anonymous_4)
FN:28,(anonymous_5)
FNF:6
FNH:0
FNDA:0,(anonymous_0)
FNDA:0,(anonymous_1)
FNDA:0,(anonymous_2)
FNDA:0,(anonymous_3)
FNDA:0,(anonymous_4)
FNDA:0,(anonymous_5)
DA:5,3
DA:7,3
DA:8,0
DA:10,0
DA:11,0
DA:15,0
DA:16,0
DA:17,0
DA:19,0
DA:23,3
DA:24,0
DA:25,0
DA:27,0
DA:28,0
DA:29,0
LF:15
LH:3
BRDA:10,0,0,0
BRDA:10,0,1,0
BRDA:16,1,0,0
BRDA:16,1,1,0
BRF:4
BRH:0
end_of_record
TN:
SF:src/store/wishlist/actionCreator.js
FN:3,(anonymous_0)
FN:7,(anonymous_1)
FN:8,(anonymous_2)
FNF:3
FNH:3
FNDA:1,(anonymous_0)
FNDA:1,(anonymous_1)
FNDA:1,(anonymous_2)
DA:3,8
DA:7,8
DA:8,8
LF:3
LH:3
BRF:0
BRH:0
end_of_record
TN:
SF:src/store/wishlist/actionType.js
FNF:0
FNH:0
DA:1,17
DA:2,17
DA:3,17
LF:3
LH:3
BRF:0
BRH:0
end_of_record
TN:
SF:src/store/wishlist/middleware.js
FN:8,(anonymous_0)
FN:15,(anonymous_1)
FN:21,(anonymous_2)
FN:23,(anonymous_3)
FN:28,(anonymous_4)
FN:31,(anonymous_5)
FN:32,(anonymous_6)
FN:35,(anonymous_7)
FN:35,(anonymous_8)
FN:55,(anonymous_9)
FN:55,(anonymous_10)
FN:65,(anonymous_11)
FN:69,(anonymous_12)
FN:78,(anonymous_13)
FN:78,(anonymous_14)
FN:88,(anonymous_15)
FN:92,(anonymous_16)
FN:101,(anonymous_17)
FN:101,(anonymous_18)
FN:109,(anonymous_19)
FN:110,(anonymous_20)
FN:121,(anonymous_21)
FN:122,(anonymous_22)
FNF:23
FNH:3
FNDA:1,(anonymous_0)
FNDA:0,(anonymous_1)
FNDA:0,(anonymous_2)
FNDA:0,(anonymous_3)
FNDA:0,(anonymous_4)
FNDA:0,(anonymous_5)
FNDA:0,(anonymous_6)
FNDA:1,(anonymous_7)
FNDA:1,(anonymous_8)
FNDA:0,(anonymous_9)
FNDA:0,(anonymous_10)
FNDA:0,(anonymous_11)
FNDA:0,(anonymous_12)
FNDA:0,(anonymous_13)
FNDA:0,(anonymous_14)
FNDA:0,(anonymous_15)
FNDA:0,(anonymous_16)
FNDA:0,(anonymous_17)
FNDA:0,(anonymous_18)
FNDA:0,(anonymous_19)
FNDA:0,(anonymous_20)
FNDA:0,(anonymous_21)
FNDA:0,(anonymous_22)
DA:6,6
DA:8,6
DA:9,1
DA:10,1
DA:12,1
DA:13,1
DA:15,6
DA:16,0
DA:17,0
DA:18,0
DA:19,0
DA:21,6
DA:22,0
DA:23,0
DA:24,0
DA:25,0
DA:28,6
DA:29,0
DA:30,0
DA:31,0
DA:32,0
DA:35,6
DA:36,1
DA:37,1
DA:38,1
DA:40,1
DA:41,0
DA:42,0
DA:43,0
DA:45,0
DA:48,1
DA:51,1
DA:52,1
DA:55,6
DA:56,0
DA:58,0
DA:59,0
DA:60,0
DA:62,0
DA:63,0
DA:64,0
DA:66,0
DA:67,0
DA:69,0
DA:71,0
DA:72,0
DA:75,0
DA:78,6
DA:79,0
DA:81,0
DA:82,0
DA:83,0
DA:85,0
DA:86,0
DA:87,0
DA:89,0
DA:90,0
DA:92,0
DA:94,0
DA:95,0
DA:98,0
DA:101,6
DA:102,0
DA:103,0
DA:104,0
DA:105,0
DA:106,0
DA:108,0
DA:109,0
DA:110,0
DA:111,0
DA:114,0
DA:116,0
DA:119,0
DA:120,0
DA:121,0
DA:122,0
LF:77
LH:20
BRDA:10,0,0,1
BRDA:10,0,1,0
BRDA:40,1,0,0
BRDA:40,1,1,1
BRDA:43,2,0,0
BRDA:43,2,1,0
BRDA:43,3,0,0
BRDA:43,3,1,0
BRDA:56,4,0,0
BRDA:56,4,1,0
BRDA:56,5,0,0
BRDA:56,5,1,0
BRDA:62,6,0,0
BRDA:62,6,1,0
BRDA:67,7,0,0
BRDA:67,7,1,0
BRDA:67,8,0,0
BRDA:67,8,1,0
BRDA:79,9,0,0
BRDA:79,9,1,0
BRDA:79,10,0,0
BRDA:79,10,1,0
BRDA:85,11,0,0
BRDA:85,11,1,0
BRDA:90,12,0,0
BRDA:90,12,1,0
BRDA:90,13,0,0
BRDA:90,13,1,0
BRDA:105,14,0,0
BRDA:105,14,1,0
BRDA:105,15,0,0
BRDA:105,15,1,0
BRDA:111,16,0,0
BRDA:111,16,1,0
BRF:34
BRH:2
end_of_record
TN:
SF:src/store/wishlist/reducer.js
FN:4,(anonymous_0)
FN:5,(anonymous_1)
FN:12,(anonymous_2)
FNF:3
FNH:3
FNDA:10,(anonymous_0)
FNDA:1,(anonymous_1)
FNDA:91,(anonymous_2)
DA:3,17
DA:4,17
DA:5,17
DA:7,17
DA:12,17
DA:13,91
DA:15,1
DA:20,2
DA:25,2
DA:30,86
LF:10
LH:10
BRDA:12,0,0,51
BRDA:13,1,0,1
BRDA:13,1,1,2
BRDA:13,1,2,2
BRDA:13,1,3,86
BRF:5
BRH:5
end_of_record
TN:
SF:src/styles/mediaBreakPoints.js
FNF:0
FNH:0
DA:4,41
DA:7,41
DA:11,41
LF:3
LH:3
BRF:0
BRH:0
end_of_record
TN:
SF:src/utils/cartLS.js
FN:2,(anonymous_0)
FN:5,(anonymous_1)
FN:8,(anonymous_2)
FN:35,(anonymous_3)
FN:37,(anonymous_4)
FN:39,(anonymous_5)
FN:40,(anonymous_6)
FN:51,(anonymous_7)
FN:53,(anonymous_8)
FN:54,(anonymous_9)
FN:65,(anonymous_10)
FN:68,(anonymous_11)
FNF:12
FNH:1
FNDA:0,(anonymous_0)
FNDA:0,(anonymous_1)
FNDA:0,(anonymous_2)
FNDA:1,(anonymous_3)
FNDA:0,(anonymous_4)
FNDA:0,(anonymous_5)
FNDA:0,(anonymous_6)
FNDA:0,(anonymous_7)
FNDA:0,(anonymous_8)
FNDA:0,(anonymous_9)
FNDA:0,(anonymous_10)
FNDA:0,(anonymous_11)
DA:2,12
DA:3,0
DA:4,0
DA:5,0
DA:7,0
DA:8,0
DA:9,0
DA:10,0
DA:11,0
DA:16,0
DA:21,0
DA:24,0
DA:32,0
DA:35,12
DA:37,12
DA:38,0
DA:39,0
DA:40,0
DA:41,0
DA:43,0
DA:45,0
DA:47,0
DA:48,0
DA:51,12
DA:52,0
DA:53,0
DA:54,0
DA:55,0
DA:57,0
DA:59,0
DA:61,0
DA:62,0
DA:65,12
DA:66,0
DA:67,0
DA:68,0
DA:69,0
DA:70,0
DA:71,0
DA:73,0
LF:40
LH:5
BRDA:3,0,0,0
BRDA:3,0,1,0
BRDA:5,1,0,0
BRDA:5,1,1,0
BRDA:7,2,0,0
BRDA:7,2,1,0
BRDA:9,3,0,0
BRDA:9,3,1,0
BRDA:10,4,0,0
BRDA:10,4,1,0
BRDA:35,5,0,1
BRDA:35,5,1,1
BRDA:38,6,0,0
BRDA:38,6,1,0
BRDA:41,7,0,0
BRDA:41,7,1,0
BRDA:52,8,0,0
BRDA:52,8,1,0
BRDA:55,9,0,0
BRDA:55,9,1,0
BRDA:66,10,0,0
BRDA:66,10,1,0
BRDA:67,11,0,0
BRDA:67,11,1,0
BRDA:70,12,0,0
BRDA:70,12,1,0
BRF:26
BRH:2
end_of_record
TN:
SF:src/utils/checkFormValues.js
FN:2,(anonymous_0)
FNF:1
FNH:0
FNDA:0,(anonymous_0)
DA:2,2
DA:3,0
DA:4,0
DA:5,0
DA:6,0
DA:8,0
DA:9,0
DA:10,0
DA:11,0
DA:12,0
DA:13,0
DA:14,0
DA:17,0
LF:13
LH:1
BRDA:4,0,0,0
BRDA:4,0,1,0
BRDA:4,1,0,0
BRDA:4,1,1,0
BRDA:9,2,0,0
BRDA:9,2,1,0
BRDA:9,3,0,0
BRDA:9,3,1,0
BRDA:9,3,2,0
BRDA:10,4,0,0
BRDA:10,4,1,0
BRDA:12,5,0,0
BRDA:12,5,1,0
BRF:13
BRH:0
end_of_record
TN:
SF:src/utils/checkValue.js
FN:1,(anonymous_0)
FNF:1
FNH:0
FNDA:0,(anonymous_0)
DA:1,3
DA:2,0
DA:3,0
LF:3
LH:1
BRDA:2,0,0,0
BRDA:2,0,1,0
BRDA:2,1,0,0
BRDA:2,1,1,0
BRDA:2,1,2,0
BRF:5
BRH:0
end_of_record
TN:
SF:src/utils/constants.js
FN:3,(anonymous_0)
FNF:1
FNH:0
FNDA:0,(anonymous_0)
DA:1,20
DA:3,20
DA:7,20
DA:8,20
DA:9,20
DA:10,20
DA:11,20
DA:13,20
DA:14,20
DA:20,20
DA:21,20
LF:11
LH:11
BRF:0
BRH:0
end_of_record
TN:
SF:src/utils/cutString.js
FN:1,(anonymous_0)
FNF:1
FNH:1
FNDA:1,(anonymous_0)
DA:1,6
LF:1
LH:1
BRDA:1,0,0,1
BRDA:1,0,1,0
BRF:2
BRH:1
end_of_record
TN:
SF:src/utils/formTrimStringValidator.js
FN:2,(anonymous_0)
FN:2,(anonymous_1)
FN:3,(anonymous_2)
FNF:3
FNH:0
FNDA:0,(anonymous_0)
FNDA:0,(anonymous_1)
FNDA:0,(anonymous_2)
DA:2,0
DA:3,0
DA:4,0
DA:5,0
DA:6,0
DA:7,0
DA:9,0
DA:11,0
LF:8
LH:0
BRDA:2,0,0,0
BRDA:5,1,0,0
BRDA:5,1,1,0
BRDA:6,2,0,0
BRDA:6,2,1,0
BRDA:7,3,0,0
BRDA:7,3,1,0
BRDA:7,4,0,0
BRDA:7,4,1,0
BRF:9
BRH:0
end_of_record
TN:
SF:src/utils/makeConfigFromUrl.js
FN:1,(anonymous_0)
FN:4,(anonymous_1)
FNF:2
FNH:0
FNDA:0,(anonymous_0)
FNDA:0,(anonymous_1)
DA:1,2
DA:2,0
DA:3,0
DA:4,0
DA:5,0
DA:6,0
DA:7,0
DA:8,0
DA:10,0
LF:9
LH:1
BRDA:6,0,0,0
BRDA:6,0,1,0
BRDA:6,1,0,0
BRDA:6,1,1,0
BRF:4
BRH:0
end_of_record
TN:
SF:src/utils/makeUrlFromConfig.js
FN:1,(anonymous_0)
FN:3,(anonymous_1)
FNF:2
FNH:0
FNDA:0,(anonymous_0)
FNDA:0,(anonymous_1)
DA:1,2
DA:2,0
DA:3,0
DA:4,0
DA:5,0
DA:7,0
DA:9,0
LF:7
LH:1
BRDA:4,0,0,0
BRDA:4,0,1,0
BRF:2
BRH:0
end_of_record
TN:
SF:src/utils/rateCalculator.js
FN:2,(anonymous_0)
FN:3,(anonymous_1)
FN:4,(anonymous_2)
FNF:3
FNH:3
FNDA:5,(anonymous_0)
FNDA:25,(anonymous_1)
FNDA:25,(anonymous_2)
DA:2,7
DA:3,25
DA:4,25
DA:5,5
DA:7,5
LF:5
LH:5
BRDA:3,0,0,25
BRDA:3,0,1,25
BRDA:3,0,2,25
BRDA:9,1,0,5
BRDA:9,1,1,0
BRF:5
BRH:4
end_of_record
TN:
SF:src/utils/shuffleArray.js
FN:1,(anonymous_0)
FN:1,(anonymous_1)
FNF:2
FNH:1
FNDA:1,(anonymous_0)
FNDA:0,(anonymous_1)
DA:1,17
LF:1
LH:1
BRF:0
BRH:0
end_of_record
TN:
SF:src/utils/slicePlus.jsx
FN:1,(anonymous_0)
FNF:1
FNH:0
FNDA:0,(anonymous_0)
DA:1,0
LF:1
LH:0
BRF:0
BRH:0
end_of_record
TN:
SF:src/utils/upperCaseFirstLetter.js
FN:1,(anonymous_0)
FNF:1
FNH:1
FNDA:7,(anonymous_0)
DA:1,8
DA:2,7
DA:3,7
DA:4,7
LF:4
LH:4
BRF:0
BRH:0
end_of_record
